#
# A fatal error has been detected by the Java Runtime Environment:
#
#  SIGSEGV (0xb) at pc=0xb4dffffb, pid=7996, tid=2327837552
#
# JRE version: 6.0_20-b20
# Java VM: OpenJDK Server VM (19.0-b09 mixed mode linux-x86 )
# Derivative: IcedTea6 1.9.7
# Distribution: Fedora release 14 (Laughlin), package fedora-52.1.9.7.fc14-i386
# Problematic frame:
# J  com.google.gwt.dev.js.JsInliner$InliningVisitor.process(Lcom/google/gwt/dev/js/ast/JsInvocation;Lcom/google/gwt/dev/js/ast/JsFunction;Lcom/google/gwt/dev/js/ast/JsFunction;)Lcom/google/gwt/dev/js/ast/JsExpression;
#
# If you would like to submit a bug report, please include
# instructions how to reproduce the bug and visit:
#   http://icedtea.classpath.org/bugzilla
#

---------------  T H R E A D  ---------------

Current thread (0x8b1a6000):  JavaThread "In-process PermutationWorker 0" [_thread_in_Java, id=8107, stack(0x8abaf000,0x8ac00000)]

siginfo:si_signo=SIGSEGV: si_errno=0, si_code=128 (), si_addr=0x00000000

Registers:
EAX=0xa9d92170, EBX=0x8b1a6000, ECX=0xa9d921a8, EDX=0x00000001
ESP=0x8abfe850, EBP=0xa9d92158, ESI=0x8c67dd50, EDI=0x8b1a6000
EIP=0xb4dffffb, CR2=0x00000000, EFLAGS=0x00010283

Register to memory mapping:

EAX=0xa9d92170

[error occurred during error reporting (printing registers, top of stack, instructions near pc), id 0xe0000000]

Stack: [0x8abaf000,0x8ac00000],  sp=0x8abfe850,  free space=318k
Native frames: (J=compiled Java code, j=interpreted, Vv=VM code, C=native code)
J  com.google.gwt.dev.js.JsInliner$InliningVisitor.process(Lcom/google/gwt/dev/js/ast/JsInvocation;Lcom/google/gwt/dev/js/ast/JsFunction;Lcom/google/gwt/dev/js/ast/JsFunction;)Lcom/google/gwt/dev/js/ast/JsExpression;


---------------  P R O C E S S  ---------------

Java Threads: ( => current thread )
=>0x8b1a6000 JavaThread "In-process PermutationWorker 0" [_thread_in_Java, id=8107, stack(0x8abaf000,0x8ac00000)]
  0x8bcd7000 JavaThread "Java2D Disposer" daemon [_thread_blocked, id=8017, stack(0x8aabc000,0x8ab0d000)]
  0xb76fc000 JavaThread "UnitWriteThread" daemon [_thread_blocked, id=8015, stack(0x8ab5e000,0x8abaf000)]
  0x8b134c00 JavaThread "com.google.gwt.thirdparty.guava.common.base.internal.Finalizer" daemon [_thread_blocked, id=8013, stack(0x8af3b000,0x8af8c000)]
  0x8c219c00 JavaThread "Timer-0" daemon [_thread_blocked, id=8012, stack(0x8b248000,0x8b299000)]
  0x8b12c400 JavaThread "GWT Update Checker" daemon [_thread_in_native, id=8011, stack(0x8b72e000,0x8b77f000)]
  0xb76c8000 JavaThread "Low Memory Detector" daemon [_thread_blocked, id=8009, stack(0x8bd2e000,0x8bd7f000)]
  0xb76c6400 JavaThread "CompilerThread1" daemon [_thread_in_native, id=8008, stack(0x8b77f000,0x8b800000)]
  0xb76c4400 JavaThread "CompilerThread0" daemon [_thread_in_native, id=8007, stack(0x8b91d000,0x8b99e000)]
  0xb76c2c00 JavaThread "Signal Dispatcher" daemon [_thread_blocked, id=8006, stack(0x8bf2e000,0x8bf7f000)]
  0xb76b3800 JavaThread "Finalizer" daemon [_thread_blocked, id=8005, stack(0x8c12e000,0x8c17f000)]
  0xb76b2000 JavaThread "Reference Handler" daemon [_thread_blocked, id=8004, stack(0x8b99e000,0x8b9ef000)]
  0xb7605800 JavaThread "main" [_thread_blocked, id=7998, stack(0xb77e5000,0xb7836000)]

Other Threads:
  0xb76ae000 VMThread [stack: 0x8b9ef000,0x8ba70000] [id=8003]
  0xb76ca000 WatcherThread [stack: 0x8b37f000,0x8b400000] [id=8010]

VM state:not at safepoint (normal execution)

VM Mutex/Monitor currently owned by a thread: None

Heap
 PSYoungGen      total 149440K, used 15869K [0xa9b60000, 0xb4600000, 0xb4600000)
  eden space 128128K, 1% used [0xa9b60000,0xa9dcfe78,0xb1880000)
  from space 21312K, 62% used [0xb2e90000,0xb3b9f880,0xb4360000)
  to   space 22592K, 0% used [0xb1880000,0xb1880000,0xb2e90000)
 PSOldGen        total 153792K, used 105230K [0x94600000, 0x9dc30000, 0xa9b60000)
  object space 153792K, 68% used [0x94600000,0x9acc3bd0,0x9dc30000)
 PSPermGen       total 34048K, used 22032K [0x8c600000, 0x8e740000, 0x94600000)
  object space 34048K, 64% used [0x8c600000,0x8db84308,0x8e740000)

Dynamic libraries:
00101000-00115000 r-xp 00000000 08:01 17569129   /lib/libz.so.1.2.5
00115000-00116000 rw-p 00013000 08:01 17569129   /lib/libz.so.1.2.5
00116000-0013e000 r-xp 00000000 08:01 17569123   /lib/libm-2.13.so
0013e000-0013f000 r--p 00027000 08:01 17569123   /lib/libm-2.13.so
0013f000-00140000 rw-p 00028000 08:01 17569123   /lib/libm-2.13.so
00140000-00147000 r-xp 00000000 08:01 17569124   /lib/librt-2.13.so
00147000-00148000 r--p 00006000 08:01 17569124   /lib/librt-2.13.so
00148000-00149000 rw-p 00007000 08:01 17569124   /lib/librt-2.13.so
00149000-00154000 r-xp 00000000 08:01 919511     /usr/lib/jvm/java-1.6.0-openjdk-1.6.0.0/jre/lib/i386/libverify.so
00154000-00155000 rw-p 0000b000 08:01 919511     /usr/lib/jvm/java-1.6.0-openjdk-1.6.0.0/jre/lib/i386/libverify.so
00155000-0015b000 r-xp 00000000 08:01 919501     /usr/lib/jvm/java-1.6.0-openjdk-1.6.0.0/jre/lib/i386/libmanagement.so
0015b000-0015c000 rw-p 00005000 08:01 919501     /usr/lib/jvm/java-1.6.0-openjdk-1.6.0.0/jre/lib/i386/libmanagement.so
0015c000-00162000 r-xp 00000000 08:01 17564373   /lib/libnss_dns-2.13.so
00162000-00163000 r--p 00006000 08:01 17564373   /lib/libnss_dns-2.13.so
00163000-00164000 rw-p 00007000 08:01 17564373   /lib/libnss_dns-2.13.so
00164000-00180000 r-xp 00000000 08:01 17564434   /lib/libgcc_s-4.5.1-20100924.so.1
00180000-00181000 rw-p 0001b000 08:01 17564434   /lib/libgcc_s-4.5.1-20100924.so.1
00181000-001ac000 r-xp 00000000 08:01 919500     /usr/lib/jvm/java-1.6.0-openjdk-1.6.0.0/jre/lib/i386/liblcms.so
001ac000-001ad000 rw-p 0002b000 08:01 919500     /usr/lib/jvm/java-1.6.0-openjdk-1.6.0.0/jre/lib/i386/liblcms.so
001ad000-001b0000 rw-p 00000000 00:00 0 
001b0000-001b6000 r-xp 00000000 08:01 919512     /usr/lib/jvm/java-1.6.0-openjdk-1.6.0.0/jre/lib/i386/libzip.so
001b6000-001b7000 rw-p 00005000 08:01 919512     /usr/lib/jvm/java-1.6.0-openjdk-1.6.0.0/jre/lib/i386/libzip.so
001b7000-001fd000 r-xp 00000000 08:01 919485     /usr/lib/jvm/java-1.6.0-openjdk-1.6.0.0/jre/lib/i386/libfontmanager.so
001fd000-001ff000 rw-p 00046000 08:01 919485     /usr/lib/jvm/java-1.6.0-openjdk-1.6.0.0/jre/lib/i386/libfontmanager.so
001ff000-00204000 rw-p 00000000 00:00 0 
00249000-0025f000 r-xp 00000000 08:01 17565228   /lib/libresolv-2.13.so
0025f000-00260000 r--p 00015000 08:01 17565228   /lib/libresolv-2.13.so
00260000-00261000 rw-p 00016000 08:01 17565228   /lib/libresolv-2.13.so
00261000-00263000 rw-p 00000000 00:00 0 
00263000-002e3000 r-xp 00000000 08:01 919483     /usr/lib/jvm/java-1.6.0-openjdk-1.6.0.0/jre/lib/i386/libawt.so
002e3000-002ea000 rw-p 00080000 08:01 919483     /usr/lib/jvm/java-1.6.0-openjdk-1.6.0.0/jre/lib/i386/libawt.so
002ea000-0030e000 rw-p 00000000 00:00 0 
00391000-00395000 r-xp 00000000 08:01 1052744    /usr/lib/jvm/java-1.6.0-openjdk-1.6.0.0/jre/lib/i386/headless/libmawt.so
00395000-00396000 rw-p 00004000 08:01 1052744    /usr/lib/jvm/java-1.6.0-openjdk-1.6.0.0/jre/lib/i386/headless/libmawt.so
0047e000-0050c000 r-xp 00000000 08:01 17960414   /usr/lib/libfreetype.so.6.6.0
0050c000-00510000 rw-p 0008d000 08:01 17960414   /usr/lib/libfreetype.so.6.6.0
00590000-00597000 r-xp 00000000 08:01 919504     /usr/lib/jvm/java-1.6.0-openjdk-1.6.0.0/jre/lib/i386/libnio.so
00597000-00598000 rw-p 00006000 08:01 919504     /usr/lib/jvm/java-1.6.0-openjdk-1.6.0.0/jre/lib/i386/libnio.so
006ed000-006f8000 r-xp 00000000 08:01 17564375   /lib/libnss_files-2.13.so
006f8000-006f9000 r--p 0000a000 08:01 17564375   /lib/libnss_files-2.13.so
006f9000-006fa000 rw-p 0000b000 08:01 17564375   /lib/libnss_files-2.13.so
00783000-00789000 r-xp 00000000 08:01 1191207    /usr/lib/jvm/java-1.6.0-openjdk-1.6.0.0/jre/lib/i386/native_threads/libhpi.so
00789000-0078a000 rw-p 00006000 08:01 1191207    /usr/lib/jvm/java-1.6.0-openjdk-1.6.0.0/jre/lib/i386/native_threads/libhpi.so
008bb000-008bd000 r-xp 00000000 08:01 17569137   /lib/libnss_mdns4_minimal.so.2
008bd000-008be000 rw-p 00001000 08:01 17569137   /lib/libnss_mdns4_minimal.so.2
008eb000-008ec000 r-xp 00000000 00:00 0          [vdso]
00906000-00919000 r-xp 00000000 08:01 919503     /usr/lib/jvm/java-1.6.0-openjdk-1.6.0.0/jre/lib/i386/libnet.so
00919000-0091a000 rw-p 00013000 08:01 919503     /usr/lib/jvm/java-1.6.0-openjdk-1.6.0.0/jre/lib/i386/libnet.so
00984000-0098d000 r-xp 00000000 08:01 919496     /usr/lib/jvm/java-1.6.0-openjdk-1.6.0.0/jre/lib/i386/libjpeg.so
0098d000-0098e000 rw-p 00008000 08:01 919496     /usr/lib/jvm/java-1.6.0-openjdk-1.6.0.0/jre/lib/i386/libjpeg.so
00b94000-00bb6000 r-xp 00000000 08:01 919492     /usr/lib/jvm/java-1.6.0-openjdk-1.6.0.0/jre/lib/i386/libjava.so
00bb6000-00bb8000 rw-p 00022000 08:01 919492     /usr/lib/jvm/java-1.6.0-openjdk-1.6.0.0/jre/lib/i386/libjava.so
00bc9000-00be6000 r-xp 00000000 08:01 17564404   /lib/ld-2.13.so
00be6000-00be7000 r--p 0001c000 08:01 17564404   /lib/ld-2.13.so
00be7000-00be8000 rw-p 0001d000 08:01 17564404   /lib/ld-2.13.so
00bea000-00d6d000 r-xp 00000000 08:01 17564884   /lib/libc-2.13.so
00d6d000-00d6e000 ---p 00183000 08:01 17564884   /lib/libc-2.13.so
00d6e000-00d70000 r--p 00183000 08:01 17564884   /lib/libc-2.13.so
00d70000-00d71000 rw-p 00185000 08:01 17564884   /lib/libc-2.13.so
00d71000-00d74000 rw-p 00000000 00:00 0 
00d76000-00d79000 r-xp 00000000 08:01 17565217   /lib/libdl-2.13.so
00d79000-00d7a000 r--p 00002000 08:01 17565217   /lib/libdl-2.13.so
00d7a000-00d7b000 rw-p 00003000 08:01 17565217   /lib/libdl-2.13.so
00d7d000-00d94000 r-xp 00000000 08:01 17565559   /lib/libpthread-2.13.so
00d94000-00d95000 r--p 00016000 08:01 17565559   /lib/libpthread-2.13.so
00d95000-00d96000 rw-p 00017000 08:01 17565559   /lib/libpthread-2.13.so
00d96000-00d98000 rw-p 00000000 00:00 0 
00d9a000-00d9d000 r-xp 00000000 08:01 1179684    /usr/lib/jvm/java-1.6.0-openjdk-1.6.0.0/jre/lib/i386/jli/libjli.so
00d9d000-00d9e000 rw-p 00002000 08:01 1179684    /usr/lib/jvm/java-1.6.0-openjdk-1.6.0.0/jre/lib/i386/jli/libjli.so
00d9e000-0146d000 r-xp 00000000 08:01 1317374    /usr/lib/jvm/java-1.6.0-openjdk-1.6.0.0/jre/lib/i386/server/libjvm.so
0146d000-014c1000 rw-p 006ce000 08:01 1317374    /usr/lib/jvm/java-1.6.0-openjdk-1.6.0.0/jre/lib/i386/server/libjvm.so
014c1000-018e0000 rw-p 00000000 00:00 0 
0597b000-05992000 r-xp 00000000 08:01 17569151   /lib/libnsl-2.13.so
05992000-05993000 r--p 00016000 08:01 17569151   /lib/libnsl-2.13.so
05993000-05994000 rw-p 00017000 08:01 17569151   /lib/libnsl-2.13.so
05994000-05996000 rw-p 00000000 00:00 0 
08048000-08050000 r-xp 00000000 08:01 1319532    /usr/lib/jvm/java-1.6.0-openjdk-1.6.0.0/bin/java
08050000-08052000 rw-p 00007000 08:01 1319532    /usr/lib/jvm/java-1.6.0-openjdk-1.6.0.0/bin/java
09635000-096c7000 rw-p 00000000 00:00 0          [heap]
86700000-867e1000 rw-p 00000000 00:00 0 
867e1000-86800000 ---p 00000000 00:00 0 
86900000-869ff000 rw-p 00000000 00:00 0 
869ff000-86a00000 ---p 00000000 00:00 0 
86b00000-86bfa000 rw-p 00000000 00:00 0 
86bfa000-86c00000 ---p 00000000 00:00 0 
86c00000-86cfe000 rw-p 00000000 00:00 0 
86cfe000-86d00000 ---p 00000000 00:00 0 
86d00000-86dfe000 rw-p 00000000 00:00 0 
86dfe000-86e00000 ---p 00000000 00:00 0 
86e00000-86ef9000 rw-p 00000000 00:00 0 
86ef9000-86f00000 ---p 00000000 00:00 0 
86f00000-86ff9000 rw-p 00000000 00:00 0 
86ff9000-87000000 ---p 00000000 00:00 0 
87000000-870ff000 rw-p 00000000 00:00 0 
870ff000-87100000 ---p 00000000 00:00 0 
87100000-871fd000 rw-p 00000000 00:00 0 
871fd000-87200000 ---p 00000000 00:00 0 
87200000-872f0000 rw-p 00000000 00:00 0 
872f0000-87300000 ---p 00000000 00:00 0 
87300000-873f1000 rw-p 00000000 00:00 0 
873f1000-87400000 ---p 00000000 00:00 0 
87400000-874fb000 rw-p 00000000 00:00 0 
874fb000-87500000 ---p 00000000 00:00 0 
87500000-875ec000 rw-p 00000000 00:00 0 
875ec000-87600000 ---p 00000000 00:00 0 
87600000-876fe000 rw-p 00000000 00:00 0 
876fe000-87700000 ---p 00000000 00:00 0 
87700000-877fc000 rw-p 00000000 00:00 0 
877fc000-87800000 ---p 00000000 00:00 0 
87800000-878f9000 rw-p 00000000 00:00 0 
878f9000-87900000 ---p 00000000 00:00 0 
87900000-879f9000 rw-p 00000000 00:00 0 
879f9000-87a00000 ---p 00000000 00:00 0 
87a00000-87b00000 rw-p 00000000 00:00 0 
87b00000-87bfa000 rw-p 00000000 00:00 0 
87bfa000-87c00000 ---p 00000000 00:00 0 
87d00000-87d31000 rw-p 00000000 00:00 0 
87d31000-87e00000 ---p 00000000 00:00 0 
87e00000-87eed000 rw-p 00000000 00:00 0 
87eed000-87f00000 ---p 00000000 00:00 0 
87f00000-87feb000 rw-p 00000000 00:00 0 
87feb000-88000000 ---p 00000000 00:00 0 
88000000-88100000 rw-p 00000000 00:00 0 
88100000-881fc000 rw-p 00000000 00:00 0 
881fc000-88200000 ---p 00000000 00:00 0 
88200000-882e8000 rw-p 00000000 00:00 0 
882e8000-88300000 ---p 00000000 00:00 0 
88300000-883e3000 rw-p 00000000 00:00 0 
883e3000-88400000 ---p 00000000 00:00 0 
88400000-884fc000 rw-p 00000000 00:00 0 
884fc000-88500000 ---p 00000000 00:00 0 
88500000-885f6000 rw-p 00000000 00:00 0 
885f6000-88600000 ---p 00000000 00:00 0 
88600000-886ed000 rw-p 00000000 00:00 0 
886ed000-88700000 ---p 00000000 00:00 0 
88700000-887e5000 rw-p 00000000 00:00 0 
887e5000-88800000 ---p 00000000 00:00 0 
88800000-888f6000 rw-p 00000000 00:00 0 
888f6000-88900000 ---p 00000000 00:00 0 
88900000-889fa000 rw-p 00000000 00:00 0 
889fa000-88a00000 ---p 00000000 00:00 0 
88a00000-88afe000 rw-p 00000000 00:00 0 
88afe000-88b00000 ---p 00000000 00:00 0 
88b00000-88bf2000 rw-p 00000000 00:00 0 
88bf2000-88c00000 ---p 00000000 00:00 0 
88c00000-88cfe000 rw-p 00000000 00:00 0 
88cfe000-88d00000 ---p 00000000 00:00 0 
88d00000-88dfc000 rw-p 00000000 00:00 0 
88dfc000-88e00000 ---p 00000000 00:00 0 
88e00000-88ef9000 rw-p 00000000 00:00 0 
88ef9000-88f00000 ---p 00000000 00:00 0 
88f00000-88ffc000 rw-p 00000000 00:00 0 
88ffc000-89000000 ---p 00000000 00:00 0 
89000000-890fa000 rw-p 00000000 00:00 0 
890fa000-89100000 ---p 00000000 00:00 0 
89100000-891f1000 rw-p 00000000 00:00 0 
891f1000-89200000 ---p 00000000 00:00 0 
89200000-892f1000 rw-p 00000000 00:00 0 
892f1000-89300000 ---p 00000000 00:00 0 
89300000-893fe000 rw-p 00000000 00:00 0 
893fe000-89400000 ---p 00000000 00:00 0 
89400000-89500000 rw-p 00000000 00:00 0 
89500000-895f8000 rw-p 00000000 00:00 0 
895f8000-89600000 ---p 00000000 00:00 0 
89600000-896fa000 rw-p 00000000 00:00 0 
896fa000-89700000 ---p 00000000 00:00 0 
89700000-897fd000 rw-p 00000000 00:00 0 
897fd000-89800000 ---p 00000000 00:00 0 
89800000-89900000 rw-p 00000000 00:00 0 
89900000-899f9000 rw-p 00000000 00:00 0 
899f9000-89a00000 ---p 00000000 00:00 0 
89a00000-89b00000 rw-p 00000000 00:00 0 
89b00000-89bf7000 rw-p 00000000 00:00 0 
89bf7000-89c00000 ---p 00000000 00:00 0 
89c00000-89cf5000 rw-p 00000000 00:00 0 
89cf5000-89d00000 ---p 00000000 00:00 0 
89d00000-89df7000 rw-p 00000000 00:00 0 
89df7000-89e00000 ---p 00000000 00:00 0 
89e00000-89efd000 rw-p 00000000 00:00 0 
89efd000-89f00000 ---p 00000000 00:00 0 
89f00000-89ff9000 rw-p 00000000 00:00 0 
89ff9000-8a000000 ---p 00000000 00:00 0 
8a000000-8a0f2000 rw-p 00000000 00:00 0 
8a0f2000-8a100000 ---p 00000000 00:00 0 
8a100000-8a1fd000 rw-p 00000000 00:00 0 
8a1fd000-8a200000 ---p 00000000 00:00 0 
8a200000-8a2fe000 rw-p 00000000 00:00 0 
8a2fe000-8a300000 ---p 00000000 00:00 0 
8a300000-8a3fe000 rw-p 00000000 00:00 0 
8a3fe000-8a400000 ---p 00000000 00:00 0 
8a400000-8a4fa000 rw-p 00000000 00:00 0 
8a4fa000-8a500000 ---p 00000000 00:00 0 
8a500000-8a5fb000 rw-p 00000000 00:00 0 
8a5fb000-8a600000 ---p 00000000 00:00 0 
8a700000-8a800000 rw-p 00000000 00:00 0 
8a800000-8a8f4000 rw-p 00000000 00:00 0 
8a8f4000-8a900000 ---p 00000000 00:00 0 
8a900000-8a9ff000 rw-p 00000000 00:00 0 
8a9ff000-8aa00000 ---p 00000000 00:00 0 
8aabc000-8aabf000 ---p 00000000 00:00 0 
8aabf000-8ab0d000 rw-p 00000000 00:00 0 
8ab0d000-8ab10000 ---p 00000000 00:00 0 
8ab10000-8ab5e000 rw-p 00000000 00:00 0 
8ab5e000-8ab61000 ---p 00000000 00:00 0 
8ab61000-8abaf000 rw-p 00000000 00:00 0 
8abaf000-8abb2000 ---p 00000000 00:00 0 
8abb2000-8ac00000 rw-p 00000000 00:00 0 
8ac00000-8acfd000 rw-p 00000000 00:00 0 
8acfd000-8ad00000 ---p 00000000 00:00 0 
8ad00000-8ade6000 rw-p 00000000 00:00 0 
8ade6000-8ae00000 ---p 00000000 00:00 0 
8ae00000-8aefb000 rw-p 00000000 00:00 0 
8aefb000-8af00000 ---p 00000000 00:00 0 
8af3b000-8af3e000 ---p 00000000 00:00 0 
8af3e000-8af8c000 rw-p 00000000 00:00 0 
8af8c000-8b100000 r--s 0198d000 08:01 2492430    /opt/gwt-2.4.0/gwt-dev.jar
8b100000-8b1fe000 rw-p 00000000 00:00 0 
8b1fe000-8b200000 ---p 00000000 00:00 0 
8b23f000-8b245000 r--s 000fc000 08:01 657489     /usr/lib/jvm/java-1.6.0-openjdk-1.6.0.0/jre/lib/resources.jar
8b245000-8b248000 r--s 00000000 08:01 9701425    /var/cache/fontconfig/87f5e051180a7a75f16eb6fe7dbd3749-le32d4.cache-3
8b248000-8b24b000 ---p 00000000 00:00 0 
8b24b000-8b299000 rw-p 00000000 00:00 0 
8b299000-8b37f000 r--s 00b59000 08:01 2492431    /opt/gwt-2.4.0/gwt-user.jar
8b37f000-8b380000 ---p 00000000 00:00 0 
8b380000-8b400000 rw-p 00000000 00:00 0 
8b400000-8b600000 r--p 00000000 08:01 17973982   /usr/lib/locale/locale-archive
8b600000-8b646000 rw-p 00000000 00:00 0 
8b646000-8b700000 ---p 00000000 00:00 0 
8b701000-8b707000 r--s 00000000 08:01 9701421    /var/cache/fontconfig/b79f3aaa7d385a141ab53ec885cc22a8-le32d4.cache-3
8b707000-8b709000 r--s 00000000 08:01 9701350    /var/cache/fontconfig/0b1bcc92b4d25cc154d77dafe3bceaa0-le32d4.cache-3
8b709000-8b70c000 r--s 00000000 08:01 9700990    /var/cache/fontconfig/68fe5182b80ae2709eaaf65e42dcaf33-le32d4.cache-3
8b70c000-8b70d000 r--s 00000000 08:01 9700987    /var/cache/fontconfig/ac1b9faef01ec4feb36ba76b98842887-le32d4.cache-3
8b70d000-8b70f000 r--s 00000000 08:01 9700984    /var/cache/fontconfig/ebb99784de50d4c4223a6523ac9c5d63-le32d4.cache-3
8b70f000-8b711000 r--s 00000000 08:01 9700078    /var/cache/fontconfig/0c76f5ee3a101157014da521290d0599-le32d4.cache-3
8b711000-8b713000 r--s 00000000 08:01 9700270    /var/cache/fontconfig/2e1514a9fdd499050989183bb65136db-le32d4.cache-3
8b713000-8b715000 r--s 00000000 08:01 9701348    /var/cache/fontconfig/5c755b2f27115486aa6359c84dd3cbda-le32d4.cache-3
8b715000-8b71c000 r--s 00000000 08:01 9701202    /var/cache/fontconfig/7ef2298fde41cc6eeb7af42e48b7d293-le32d4.cache-3
8b71c000-8b71d000 r--s 00000000 08:01 9700268    /var/cache/fontconfig/3f821257dd33660ba7bbb45c32deb84c-le32d4.cache-3
8b71d000-8b71f000 r--s 00000000 08:01 9701346    /var/cache/fontconfig/830f035fa84a65ce80e050178dbb630d-le32d4.cache-3
8b71f000-8b720000 r--s 00000000 08:01 9700269    /var/cache/fontconfig/81a173283b451552b599cfaafd6236bd-le32d4.cache-3
8b720000-8b721000 r--s 00000000 08:01 9701343    /var/cache/fontconfig/ac68f755438cc3dc5a526084839fc7ca-le32d4.cache-3
8b721000-8b722000 r--s 00000000 08:01 9701342    /var/cache/fontconfig/12513961c6e7090f8648812f9eaf65d6-le32d4.cache-3
8b722000-8b724000 r--s 00000000 08:01 9701341    /var/cache/fontconfig/e26bf336397aae6fcef4d3803472adec-le32d4.cache-3
8b724000-8b725000 r--s 00000000 08:01 9700274    /var/cache/fontconfig/a5c2dc934fad9bbf30c854216245519d-le32d4.cache-3
8b725000-8b726000 r--s 00000000 08:01 9700275    /var/cache/fontconfig/17e60ccdf2eb53b214a9a5d6663eb217-le32d4.cache-3
8b726000-8b727000 r--s 00000000 08:01 9700267    /var/cache/fontconfig/6fcb01a03a016cc71057b587cdea6709-le32d4.cache-3
8b727000-8b728000 r--s 00000000 08:01 9700273    /var/cache/fontconfig/b887eea8f1b96e1d899b44ed6681fc27-le32d4.cache-3
8b728000-8b729000 r--s 00000000 08:01 9701336    /var/cache/fontconfig/860639f272b8b4b3094f9e399e41bccd-le32d4.cache-3
8b729000-8b72a000 r--s 00000000 08:01 9701335    /var/cache/fontconfig/211368abcb0ff835c229ff05c9ec01dc-le32d4.cache-3
8b72a000-8b72b000 r--s 00000000 08:01 9700272    /var/cache/fontconfig/c46020d7221988a13df853d2b46304fc-le32d4.cache-3
8b72b000-8b72c000 r--s 00000000 08:01 9700277    /var/cache/fontconfig/df893b4576ad6107f9397134092c4059-le32d4.cache-3
8b72c000-8b72d000 r--s 00000000 08:01 9701332    /var/cache/fontconfig/900402270e15d763a6e008bb2d4c7686-le32d4.cache-3
8b72d000-8b72e000 r--s 00000000 08:01 9700271    /var/cache/fontconfig/47f48679023f44a4d1e44699a69464f6-le32d4.cache-3
8b72e000-8b731000 ---p 00000000 00:00 0 
8b731000-8b77f000 rw-p 00000000 00:00 0 
8b77f000-8b782000 ---p 00000000 00:00 0 
8b782000-8b800000 rw-p 00000000 00:00 0 
8b800000-8b8fd000 rw-p 00000000 00:00 0 
8b8fd000-8b900000 ---p 00000000 00:00 0 
8b900000-8b901000 r--s 00000000 08:01 9701330    /var/cache/fontconfig/2881ed3fd21ca306ddad6f9b0dd3189f-le32d4.cache-3
8b901000-8b905000 r--s 00000000 08:01 9701208    /var/cache/fontconfig/b67b32625a2bb51b023d3814a918f351-le32d4.cache-3
8b905000-8b91d000 r--s 00000000 08:01 5117790    /home/edward/.fontconfig/7fdbf32d5f35a87fa18260af37512ebd-le32d4.cache-3
8b91d000-8b920000 ---p 00000000 00:00 0 
8b920000-8b99e000 rw-p 00000000 00:00 0 
8b99e000-8b9a1000 ---p 00000000 00:00 0 
8b9a1000-8b9ef000 rw-p 00000000 00:00 0 
8b9ef000-8b9f0000 ---p 00000000 00:00 0 
8b9f0000-8ba70000 rw-p 00000000 00:00 0 
8ba70000-8bc00000 r--s 038c1000 08:01 657491     /usr/lib/jvm/java-1.6.0-openjdk-1.6.0.0/jre/lib/rt.jar
8bc00000-8bcf7000 rw-p 00000000 00:00 0 
8bcf7000-8bd00000 ---p 00000000 00:00 0 
8bd00000-8bd01000 r--s 00000000 08:01 9701329    /var/cache/fontconfig/3c3fb04d32a5211b073874b125d29701-le32d4.cache-3
8bd01000-8bd02000 r--s 00000000 08:01 9701328    /var/cache/fontconfig/e61abf8156cc476151baa07d67337cae-le32d4.cache-3
8bd02000-8bd03000 r--s 00000000 08:01 9701326    /var/cache/fontconfig/d3379abda271c4acd2ad0c01f565d0b0-le32d4.cache-3
8bd03000-8bd04000 r--s 00000000 08:01 9701325    /var/cache/fontconfig/b4d0b56f766d89640448751fcd18ec1e-le32d4.cache-3
8bd04000-8bd0b000 r--s 00000000 08:01 9701324    /var/cache/fontconfig/12b26b760a24f8b4feb03ad48a333a72-le32d4.cache-3
8bd0b000-8bd0d000 r--s 00000000 08:01 9700137    /var/cache/fontconfig/e3ead4b767b8819993a6fa3ae306afa9-le32d4.cache-3
8bd0d000-8bd10000 r--s 00000000 08:01 9701425    /var/cache/fontconfig/87f5e051180a7a75f16eb6fe7dbd3749-le32d4.cache-3
8bd10000-8bd16000 r--s 00000000 08:01 9701421    /var/cache/fontconfig/b79f3aaa7d385a141ab53ec885cc22a8-le32d4.cache-3
8bd16000-8bd18000 r--s 00000000 08:01 9701350    /var/cache/fontconfig/0b1bcc92b4d25cc154d77dafe3bceaa0-le32d4.cache-3
8bd18000-8bd1b000 r--s 00000000 08:01 9700990    /var/cache/fontconfig/68fe5182b80ae2709eaaf65e42dcaf33-le32d4.cache-3
8bd1b000-8bd1c000 r--s 00000000 08:01 9700987    /var/cache/fontconfig/ac1b9faef01ec4feb36ba76b98842887-le32d4.cache-3
8bd1c000-8bd1e000 r--s 00000000 08:01 9700984    /var/cache/fontconfig/ebb99784de50d4c4223a6523ac9c5d63-le32d4.cache-3
8bd1e000-8bd20000 r--s 00000000 08:01 9700078    /var/cache/fontconfig/0c76f5ee3a101157014da521290d0599-le32d4.cache-3
8bd20000-8bd22000 r--s 00000000 08:01 9700270    /var/cache/fontconfig/2e1514a9fdd499050989183bb65136db-le32d4.cache-3
8bd22000-8bd24000 r--s 00000000 08:01 9701348    /var/cache/fontconfig/5c755b2f27115486aa6359c84dd3cbda-le32d4.cache-3
8bd24000-8bd2b000 r--s 00000000 08:01 9701202    /var/cache/fontconfig/7ef2298fde41cc6eeb7af42e48b7d293-le32d4.cache-3
8bd2b000-8bd2c000 r--s 00000000 08:01 9700268    /var/cache/fontconfig/3f821257dd33660ba7bbb45c32deb84c-le32d4.cache-3
8bd2c000-8bd2e000 r--s 00000000 08:01 9701346    /var/cache/fontconfig/830f035fa84a65ce80e050178dbb630d-le32d4.cache-3
8bd2e000-8bd31000 ---p 00000000 00:00 0 
8bd31000-8bd7f000 rw-p 00000000 00:00 0 
8bd7f000-8bd80000 ---p 00000000 00:00 0 
8bd80000-8be00000 rw-p 00000000 00:00 0 
8be00000-8be21000 rw-p 00000000 00:00 0 
8be21000-8bf00000 ---p 00000000 00:00 0 
8bf00000-8bf01000 r--s 00000000 08:01 9700269    /var/cache/fontconfig/81a173283b451552b599cfaafd6236bd-le32d4.cache-3
8bf01000-8bf02000 r--s 00000000 08:01 9701343    /var/cache/fontconfig/ac68f755438cc3dc5a526084839fc7ca-le32d4.cache-3
8bf02000-8bf03000 r--s 00000000 08:01 9701342    /var/cache/fontconfig/12513961c6e7090f8648812f9eaf65d6-le32d4.cache-3
8bf03000-8bf05000 r--s 00000000 08:01 9701341    /var/cache/fontconfig/e26bf336397aae6fcef4d3803472adec-le32d4.cache-3
8bf05000-8bf06000 r--s 00000000 08:01 9700274    /var/cache/fontconfig/a5c2dc934fad9bbf30c854216245519d-le32d4.cache-3
8bf06000-8bf07000 r--s 00000000 08:01 9700275    /var/cache/fontconfig/17e60ccdf2eb53b214a9a5d6663eb217-le32d4.cache-3
8bf07000-8bf08000 r--s 00000000 08:01 9700267    /var/cache/fontconfig/6fcb01a03a016cc71057b587cdea6709-le32d4.cache-3
8bf08000-8bf09000 r--s 00000000 08:01 9700273    /var/cache/fontconfig/b887eea8f1b96e1d899b44ed6681fc27-le32d4.cache-3
8bf09000-8bf0a000 r--s 00000000 08:01 9701336    /var/cache/fontconfig/860639f272b8b4b3094f9e399e41bccd-le32d4.cache-3
8bf0a000-8bf0b000 r--s 00000000 08:01 9701335    /var/cache/fontconfig/211368abcb0ff835c229ff05c9ec01dc-le32d4.cache-3
8bf0b000-8bf0c000 r--s 00000000 08:01 9700272    /var/cache/fontconfig/c46020d7221988a13df853d2b46304fc-le32d4.cache-3
8bf0c000-8bf0d000 r--s 00000000 08:01 9700277    /var/cache/fontconfig/df893b4576ad6107f9397134092c4059-le32d4.cache-3
8bf0d000-8bf0e000 r--s 00000000 08:01 9701332    /var/cache/fontconfig/900402270e15d763a6e008bb2d4c7686-le32d4.cache-3
8bf0e000-8bf0f000 r--s 00000000 08:01 9700271    /var/cache/fontconfig/47f48679023f44a4d1e44699a69464f6-le32d4.cache-3
8bf0f000-8bf10000 r--s 00000000 08:01 9701330    /var/cache/fontconfig/2881ed3fd21ca306ddad6f9b0dd3189f-le32d4.cache-3
8bf10000-8bf11000 r--s 00000000 08:01 9701329    /var/cache/fontconfig/3c3fb04d32a5211b073874b125d29701-le32d4.cache-3
8bf11000-8bf12000 r--s 00000000 08:01 9701328    /var/cache/fontconfig/e61abf8156cc476151baa07d67337cae-le32d4.cache-3
8bf12000-8bf16000 r--s 00000000 08:01 9701208    /var/cache/fontconfig/b67b32625a2bb51b023d3814a918f351-le32d4.cache-3
8bf16000-8bf2e000 r--s 00000000 08:01 5117790    /home/edward/.fontconfig/7fdbf32d5f35a87fa18260af37512ebd-le32d4.cache-3
8bf2e000-8bf31000 ---p 00000000 00:00 0 
8bf31000-8bf7f000 rw-p 00000000 00:00 0 
8bf7f000-8bf80000 ---p 00000000 00:00 0 
8bf80000-8c000000 rw-p 00000000 00:00 0 
8c000000-8c021000 rw-p 00000000 00:00 0 
8c021000-8c100000 ---p 00000000 00:00 0 
8c100000-8c12e000 rw-p 00000000 00:00 0 
8c12e000-8c131000 ---p 00000000 00:00 0 
8c131000-8c17f000 rw-p 00000000 00:00 0 
8c17f000-8c180000 ---p 00000000 00:00 0 
8c180000-8c200000 rw-p 00000000 00:00 0 
8c200000-8c23f000 rw-p 00000000 00:00 0 
8c23f000-8c300000 ---p 00000000 00:00 0 
8c300000-8c301000 r--s 00000000 08:01 9701325    /var/cache/fontconfig/b4d0b56f766d89640448751fcd18ec1e-le32d4.cache-3
8c301000-8c308000 r--s 00000000 08:01 9701324    /var/cache/fontconfig/12b26b760a24f8b4feb03ad48a333a72-le32d4.cache-3
8c308000-8c30a000 r--s 00000000 08:01 9700137    /var/cache/fontconfig/e3ead4b767b8819993a6fa3ae306afa9-le32d4.cache-3
8c30a000-8c30d000 r--s 00038000 08:01 919479     /usr/lib/jvm/java-1.6.0-openjdk-1.6.0.0/jre/lib/ext/sunpkcs11.jar
8c30d000-8c30f000 r--s 00001000 08:01 919472     /usr/lib/jvm/java-1.6.0-openjdk-1.6.0.0/jre/lib/ext/dnsns.jar
8c30f000-8c312000 r--s 00077000 08:01 919475     /usr/lib/jvm/java-1.6.0-openjdk-1.6.0.0/jre/lib/ext/localedata.jar
8c312000-8c315000 r--s 00031000 08:01 919478     /usr/lib/jvm/java-1.6.0-openjdk-1.6.0.0/jre/lib/ext/sunjce_provider.jar
8c315000-8c320000 r--s 00080000 08:01 6960775    /home/edward/workspace/final/MediaElection2/lib/gwtquery-1.1.1-20120218.170746-9.jar
8c320000-8c353000 rw-p 00000000 00:00 0 
8c353000-8c354000 ---p 00000000 00:00 0 
8c354000-8c3e5000 rw-p 00000000 00:00 0 
8c3e5000-8c414000 rw-p 00000000 00:00 0 
8c414000-8c460000 rw-p 00000000 00:00 0 
8c460000-8c4bf000 rw-p 00000000 00:00 0 
8c4bf000-8c4d0000 rw-p 00000000 00:00 0 
8c4d0000-8c4ff000 rw-p 00000000 00:00 0 
8c4ff000-8c54b000 rw-p 00000000 00:00 0 
8c54b000-8c5a9000 rw-p 00000000 00:00 0 
8c5a9000-8c5ff000 rw-p 00000000 00:00 0 
8c5ff000-8e740000 rw-p 00000000 00:00 0 
8e740000-94600000 rw-p 00000000 00:00 0 
94600000-9dc30000 rw-p 00000000 00:00 0 
9dc30000-a9b60000 rw-p 00000000 00:00 0 
a9b60000-b4600000 rw-p 00000000 00:00 0 
b4600000-b4e18000 rwxp 00000000 00:00 0 
b4e18000-b76fd000 rw-p 00000000 00:00 0 
b76fd000-b7700000 ---p 00000000 00:00 0 
b7700000-b7704000 r--s 0007c000 08:01 657479     /usr/lib/jvm/java-1.6.0-openjdk-1.6.0.0/jre/lib/jsse.jar
b7704000-b7718000 r--s 000a5000 08:01 6960772    /home/edward/workspace/final/MediaElection2/lib/gwt-maps.jar
b7718000-b771f000 r--s 000ba000 08:01 6960993    /home/edward/workspace/final/MediaElection2/war/WEB-INF/lib/mysql-connector-java-5.1.18-bin.jar
b771f000-b7725000 r--s 00033000 08:01 6960992    /home/edward/workspace/final/MediaElection2/war/WEB-INF/lib/commons-codec-1.6.jar
b7725000-b7746000 rw-p 00000000 00:00 0 
b7746000-b77e5000 rw-p 00000000 00:00 0 
b77e5000-b77e8000 ---p 00000000 00:00 0 
b77e8000-b7838000 rw-p 00000000 00:00 0 
b7838000-b7839000 r--s 00000000 08:01 9701326    /var/cache/fontconfig/d3379abda271c4acd2ad0c01f565d0b0-le32d4.cache-3
b7839000-b783c000 r--s 00009000 08:01 2492445    /opt/gwt-2.4.0/validation-api-1.0.0.GA.jar
b783c000-b783e000 r--s 0000e000 08:01 2492446    /opt/gwt-2.4.0/validation-api-1.0.0.GA-sources.jar
b783e000-b7841000 r--s 0000f000 08:01 919477     /usr/lib/jvm/java-1.6.0-openjdk-1.6.0.0/jre/lib/ext/pulse-java.jar
b7841000-b784a000 r--s 00065000 08:01 919474     /usr/lib/jvm/java-1.6.0-openjdk-1.6.0.0/jre/lib/ext/gnome-java-bridge.jar
b784a000-b784c000 r--s 0001d000 08:01 657486     /usr/lib/jvm/java-1.6.0-openjdk-1.6.0.0/jre/lib/plugin.jar
b784c000-b7851000 r--s 00044000 08:01 657485     /usr/lib/jvm/java-1.6.0-openjdk-1.6.0.0/jre/lib/netx.jar
b7851000-b7859000 rw-s 00000000 08:01 18244830   /tmp/hsperfdata_edward/7996
b7859000-b785a000 rw-p 00000000 00:00 0 
b785a000-b785b000 r--p 00000000 00:00 0 
b785b000-b785c000 rw-p 00000000 00:00 0 
bfded000-bfe0e000 rw-p 00000000 00:00 0          [stack]

VM Arguments:
jvm_args: -Xmx512m 
java_command: com.google.gwt.dev.Compiler -logLevel INFO -style OBFUSCATED -war /home/edward/workspace/final/MediaElection2/war com.beta.election.media.MediaElection2
Launcher Type: SUN_STANDARD

Environment Variables:
CLASSPATH=/home/edward/workspace/final/MediaElection2/src:/home/edward/workspace/final/MediaElection2/test-classes:/home/edward/workspace/final/MediaElection2/war/WEB-INF/classes:/opt/gwt-2.4.0/gwt-user.jar:/opt/gwt-2.4.0/gwt-dev.jar:/opt/gwt-2.4.0/validation-api-1.0.0.GA-sources.jar:/opt/gwt-2.4.0/validation-api-1.0.0.GA.jar:/home/edward/workspace/final/MediaElection2/war/WEB-INF/lib/commons-codec-1.6.jar:/home/edward/workspace/final/MediaElection2/war/WEB-INF/lib/mysql-connector-java-5.1.18-bin.jar:/home/edward/workspace/final/MediaElection2/lib/gwt-maps.jar:/home/edward/workspace/final/MediaElection2/lib/gwtquery-1.1.1-20120218.170746-9.jar:/opt/gwt-2.4.0/gwt-dev.jar
PATH=/usr/lib/qt-3.3/bin:/usr/lib/ccache:/usr/local/bin:/usr/bin:/bin:/usr/local/sbin:/usr/sbin:/sbin:/opt/gwt-2.4.0:/opt/jdk1.6.0_11/bin:/home/edward/bin:/opt/jdk1.6.0_11/bin
USERNAME=edward
LD_LIBRARY_PATH=/usr/lib/jvm/java-1.6.0-openjdk-1.6.0.0/jre/lib/i386/server:/usr/lib/jvm/java-1.6.0-openjdk-1.6.0.0/jre/lib/i386:/usr/lib/jvm/java-1.6.0-openjdk-1.6.0.0/jre/../lib/i386:/usr/lib/jvm/java-1.6.0-openjdk-1.6.0.0/jre/lib/i386/client:/usr/lib/jvm/java-1.6.0-openjdk-1.6.0.0/jre/lib/i386:
SHELL=/bin/bash
DISPLAY=:0.0

Signal Handlers:
SIGSEGV: [libjvm.so+0x64f880], sa_mask[0]=0x7ffbfeff, sa_flags=0x10000004
SIGBUS: [libjvm.so+0x64f880], sa_mask[0]=0x7ffbfeff, sa_flags=0x10000004
SIGFPE: [libjvm.so+0x517210], sa_mask[0]=0x7ffbfeff, sa_flags=0x10000004
SIGPIPE: [libjvm.so+0x517210], sa_mask[0]=0x7ffbfeff, sa_flags=0x10000004
SIGXFSZ: [libjvm.so+0x517210], sa_mask[0]=0x7ffbfeff, sa_flags=0x10000004
SIGILL: [libjvm.so+0x517210], sa_mask[0]=0x7ffbfeff, sa_flags=0x10000004
SIGUSR1: SIG_DFL, sa_mask[0]=0x00000000, sa_flags=0x00000000
SIGUSR2: [libjvm.so+0x517080], sa_mask[0]=0x00000004, sa_flags=0x10000004
SIGHUP: [libjvm.so+0x519c40], sa_mask[0]=0x7ffbfeff, sa_flags=0x10000004
SIGINT: [libjvm.so+0x519c40], sa_mask[0]=0x7ffbfeff, sa_flags=0x10000004
SIGTERM: [libjvm.so+0x519c40], sa_mask[0]=0x7ffbfeff, sa_flags=0x10000004
SIGQUIT: [libjvm.so+0x519c40], sa_mask[0]=0x7ffbfeff, sa_flags=0x10000004


---------------  S Y S T E M  ---------------

OS:Fedora release 14 (Laughlin)

uname:Linux 2.6.35.12-90.fc14.i686 #1 SMP Fri Apr 22 16:14:44 UTC 2011 i686
libc:glibc 2.13 NPTL 2.13 
rlimit: STACK 8192k, CORE 0k, NPROC 1024, NOFILE 1024, AS infinity
load average:0.88 0.23 0.13

/proc/meminfo:
MemTotal:        3540668 kB
MemFree:           99676 kB
Buffers:          174492 kB
Cached:          1270616 kB
SwapCached:          416 kB
Active:          2154972 kB
Inactive:        1115436 kB
Active(anon):    1528640 kB
Inactive(anon):   516792 kB
Active(file):     626332 kB
Inactive(file):   598644 kB
Unevictable:           0 kB
Mlocked:               0 kB
HighTotal:       2694840 kB
HighFree:           4980 kB
LowTotal:         845828 kB
LowFree:           94696 kB
SwapTotal:      10489852 kB
SwapFree:       10474988 kB
Dirty:             31880 kB
Writeback:             0 kB
AnonPages:       1825008 kB
Mapped:           155428 kB
Shmem:            220132 kB
Slab:             117060 kB
SReclaimable:      98604 kB
SUnreclaim:        18456 kB
KernelStack:        4344 kB
PageTables:        10268 kB
NFS_Unstable:          0 kB
Bounce:                0 kB
WritebackTmp:          0 kB
CommitLimit:    12260184 kB
Committed_AS:    3799020 kB
VmallocTotal:     122880 kB
VmallocUsed:       42212 kB
VmallocChunk:      21988 kB
HardwareCorrupted:     0 kB
HugePages_Total:       0
HugePages_Free:        0
HugePages_Rsvd:        0
HugePages_Surp:        0
Hugepagesize:       4096 kB
DirectMap4k:       20472 kB
DirectMap4M:      880640 kB


CPU:total 4 (2 cores per cpu, 2 threads per core) family 6 model 37 stepping 5, cmov, cx8, fxsr, mmx, sse, sse2, sse3, ssse3, sse4.1, sse4.2, popcnt, ht

Memory: 4k page, physical 3540668k(99676k free), swap 10489852k(10474988k free)

vm_info: OpenJDK Server VM (19.0-b09) for linux-x86 JRE (1.6.0_20-b20), built on Feb 15 2011 23:54:33 by "mockbuild" with gcc 4.5.1 20100924 (Red Hat 4.5.1-4)

time: Sat Oct 27 09:58:43 2012
elapsed time: 23 seconds

