#
# A fatal error has been detected by the Java Runtime Environment:
#
#  SIGSEGV (0xb) at pc=0xb4e46c6b, pid=21050, tid=2342955888
#
# JRE version: 6.0_20-b20
# Java VM: OpenJDK Server VM (19.0-b09 mixed mode linux-x86 )
# Derivative: IcedTea6 1.9.7
# Distribution: Fedora release 14 (Laughlin), package fedora-52.1.9.7.fc14-i386
# Problematic frame:
# J  com.google.gwt.dev.js.JsInliner$InliningVisitor.endVisit(Lcom/google/gwt/dev/js/ast/JsInvocation;Lcom/google/gwt/dev/js/ast/JsContext;)V
#
# If you would like to submit a bug report, please include
# instructions how to reproduce the bug and visit:
#   http://icedtea.classpath.org/bugzilla
#

---------------  T H R E A D  ---------------

Current thread (0x8b2d2400):  JavaThread "In-process PermutationWorker 0" [_thread_in_Java, id=21164, stack(0x8ba1a000,0x8ba6b000)]

siginfo:si_signo=SIGSEGV: si_errno=0, si_code=128 (), si_addr=0x00000000

Registers:
EAX=0x00000001, EBX=0xb2c74de8, ECX=0xb2c2bf48, EDX=0xb2fb6c58
ESP=0x8ba69980, EBP=0xb2e13c98, ESI=0x0000000a, EDI=0xb2f60c08
EIP=0xb4e46c6b, CR2=0x00000004, EFLAGS=0x00210202

Register to memory mapping:

EAX=0x00000001
0x00000001 is pointing to unknown location

EBX=0xb2c74de8

[error occurred during error reporting (printing registers, top of stack, instructions near pc), id 0xe0000000]

Stack: [0x8ba1a000,0x8ba6b000],  sp=0x8ba69980,  free space=318k
Native frames: (J=compiled Java code, j=interpreted, Vv=VM code, C=native code)
J  com.google.gwt.dev.js.JsInliner$InliningVisitor.endVisit(Lcom/google/gwt/dev/js/ast/JsInvocation;Lcom/google/gwt/dev/js/ast/JsContext;)V


---------------  P R O C E S S  ---------------

Java Threads: ( => current thread )
=>0x8b2d2400 JavaThread "In-process PermutationWorker 0" [_thread_in_Java, id=21164, stack(0x8ba1a000,0x8ba6b000)]
  0x8b960400 JavaThread "Java2D Disposer" daemon [_thread_blocked, id=21072, stack(0x8ae0d000,0x8ae5e000)]
  0x8b246800 JavaThread "UnitWriteThread" daemon [_thread_blocked, id=21070, stack(0x8aeaf000,0x8af00000)]
  0x8b231000 JavaThread "com.google.gwt.thirdparty.guava.common.base.internal.Finalizer" daemon [_thread_blocked, id=21067, stack(0x8b03b000,0x8b08c000)]
  0x8c21a000 JavaThread "Timer-0" daemon [_thread_blocked, id=21066, stack(0x8b82e000,0x8b87f000)]
  0xb77c8000 JavaThread "Low Memory Detector" daemon [_thread_blocked, id=21063, stack(0x8be2e000,0x8be7f000)]
  0xb77c6400 JavaThread "CompilerThread1" daemon [_thread_blocked, id=21062, stack(0x8b47f000,0x8b500000)]
  0xb77c4400 JavaThread "CompilerThread0" daemon [_thread_blocked, id=21061, stack(0x8b87f000,0x8b900000)]
  0xb77c2c00 JavaThread "Signal Dispatcher" daemon [_thread_blocked, id=21060, stack(0x8c12e000,0x8c17f000)]
  0xb77b3800 JavaThread "Finalizer" daemon [_thread_blocked, id=21059, stack(0x8c301000,0x8c352000)]
  0xb77b2000 JavaThread "Reference Handler" daemon [_thread_blocked, id=21058, stack(0x8ba6b000,0x8babc000)]
  0xb7705800 JavaThread "main" [_thread_blocked, id=21052, stack(0xb7852000,0xb78a3000)]

Other Threads:
  0xb77ae000 VMThread [stack: 0x8babc000,0x8bb3d000] [id=21057]
  0xb77ca000 WatcherThread [stack: 0x8b3fe000,0x8b47f000] [id=21064]

VM state:not at safepoint (normal execution)

VM Mutex/Monitor currently owned by a thread: None

Heap
 PSYoungGen      total 144448K, used 20266K [0xa9ba0000, 0xb4320000, 0xb4640000)
  eden space 117696K, 8% used [0xa9ba0000,0xaa4e32b0,0xb0e90000)
  from space 26752K, 40% used [0xb2810000,0xb3297860,0xb4230000)
  to   space 26112K, 0% used [0xb0e90000,0xb0e90000,0xb2810000)
 PSOldGen        total 154368K, used 133664K [0x94640000, 0x9dd00000, 0xa9ba0000)
  object space 154368K, 86% used [0x94640000,0x9c8c80b8,0x9dd00000)
 PSPermGen       total 27648K, used 21503K [0x8c640000, 0x8e140000, 0x94640000)
  object space 27648K, 77% used [0x8c640000,0x8db3fd00,0x8e140000)

Dynamic libraries:
00101000-00115000 r-xp 00000000 08:01 17569129   /lib/libz.so.1.2.5
00115000-00116000 rw-p 00013000 08:01 17569129   /lib/libz.so.1.2.5
00116000-0013e000 r-xp 00000000 08:01 17569123   /lib/libm-2.13.so
0013e000-0013f000 r--p 00027000 08:01 17569123   /lib/libm-2.13.so
0013f000-00140000 rw-p 00028000 08:01 17569123   /lib/libm-2.13.so
00140000-00147000 r-xp 00000000 08:01 17569124   /lib/librt-2.13.so
00147000-00148000 r--p 00006000 08:01 17569124   /lib/librt-2.13.so
00148000-00149000 rw-p 00007000 08:01 17569124   /lib/librt-2.13.so
00149000-0014f000 r-xp 00000000 08:01 919512     /usr/lib/jvm/java-1.6.0-openjdk-1.6.0.0/jre/lib/i386/libzip.so
0014f000-00150000 rw-p 00005000 08:01 919512     /usr/lib/jvm/java-1.6.0-openjdk-1.6.0.0/jre/lib/i386/libzip.so
00150000-001d0000 r-xp 00000000 08:01 919483     /usr/lib/jvm/java-1.6.0-openjdk-1.6.0.0/jre/lib/i386/libawt.so
001d0000-001d7000 rw-p 00080000 08:01 919483     /usr/lib/jvm/java-1.6.0-openjdk-1.6.0.0/jre/lib/i386/libawt.so
001d7000-001fb000 rw-p 00000000 00:00 0 
001fb000-00241000 r-xp 00000000 08:01 919485     /usr/lib/jvm/java-1.6.0-openjdk-1.6.0.0/jre/lib/i386/libfontmanager.so
00241000-00243000 rw-p 00046000 08:01 919485     /usr/lib/jvm/java-1.6.0-openjdk-1.6.0.0/jre/lib/i386/libfontmanager.so
00243000-00248000 rw-p 00000000 00:00 0 
00248000-00264000 r-xp 00000000 08:01 17564434   /lib/libgcc_s-4.5.1-20100924.so.1
00264000-00265000 rw-p 0001b000 08:01 17564434   /lib/libgcc_s-4.5.1-20100924.so.1
00265000-00278000 r-xp 00000000 08:01 919503     /usr/lib/jvm/java-1.6.0-openjdk-1.6.0.0/jre/lib/i386/libnet.so
00278000-00279000 rw-p 00013000 08:01 919503     /usr/lib/jvm/java-1.6.0-openjdk-1.6.0.0/jre/lib/i386/libnet.so
003a0000-003a7000 r-xp 00000000 08:01 919504     /usr/lib/jvm/java-1.6.0-openjdk-1.6.0.0/jre/lib/i386/libnio.so
003a7000-003a8000 rw-p 00006000 08:01 919504     /usr/lib/jvm/java-1.6.0-openjdk-1.6.0.0/jre/lib/i386/libnio.so
0040f000-0041a000 r-xp 00000000 08:01 919511     /usr/lib/jvm/java-1.6.0-openjdk-1.6.0.0/jre/lib/i386/libverify.so
0041a000-0041b000 rw-p 0000b000 08:01 919511     /usr/lib/jvm/java-1.6.0-openjdk-1.6.0.0/jre/lib/i386/libverify.so
00472000-00473000 r-xp 00000000 00:00 0          [vdso]
0047e000-0050c000 r-xp 00000000 08:01 17960414   /usr/lib/libfreetype.so.6.6.0
0050c000-00510000 rw-p 0008d000 08:01 17960414   /usr/lib/libfreetype.so.6.6.0
00517000-00522000 r-xp 00000000 08:01 17564375   /lib/libnss_files-2.13.so
00522000-00523000 r--p 0000a000 08:01 17564375   /lib/libnss_files-2.13.so
00523000-00524000 rw-p 0000b000 08:01 17564375   /lib/libnss_files-2.13.so
0063f000-00645000 r-xp 00000000 08:01 1191207    /usr/lib/jvm/java-1.6.0-openjdk-1.6.0.0/jre/lib/i386/native_threads/libhpi.so
00645000-00646000 rw-p 00006000 08:01 1191207    /usr/lib/jvm/java-1.6.0-openjdk-1.6.0.0/jre/lib/i386/native_threads/libhpi.so
00713000-00735000 r-xp 00000000 08:01 919492     /usr/lib/jvm/java-1.6.0-openjdk-1.6.0.0/jre/lib/i386/libjava.so
00735000-00737000 rw-p 00022000 08:01 919492     /usr/lib/jvm/java-1.6.0-openjdk-1.6.0.0/jre/lib/i386/libjava.so
0073f000-00745000 r-xp 00000000 08:01 919501     /usr/lib/jvm/java-1.6.0-openjdk-1.6.0.0/jre/lib/i386/libmanagement.so
00745000-00746000 rw-p 00005000 08:01 919501     /usr/lib/jvm/java-1.6.0-openjdk-1.6.0.0/jre/lib/i386/libmanagement.so
00856000-0085a000 r-xp 00000000 08:01 1052744    /usr/lib/jvm/java-1.6.0-openjdk-1.6.0.0/jre/lib/i386/headless/libmawt.so
0085a000-0085b000 rw-p 00004000 08:01 1052744    /usr/lib/jvm/java-1.6.0-openjdk-1.6.0.0/jre/lib/i386/headless/libmawt.so
008dc000-008e5000 r-xp 00000000 08:01 919496     /usr/lib/jvm/java-1.6.0-openjdk-1.6.0.0/jre/lib/i386/libjpeg.so
008e5000-008e6000 rw-p 00008000 08:01 919496     /usr/lib/jvm/java-1.6.0-openjdk-1.6.0.0/jre/lib/i386/libjpeg.so
00ae8000-00b13000 r-xp 00000000 08:01 919500     /usr/lib/jvm/java-1.6.0-openjdk-1.6.0.0/jre/lib/i386/liblcms.so
00b13000-00b14000 rw-p 0002b000 08:01 919500     /usr/lib/jvm/java-1.6.0-openjdk-1.6.0.0/jre/lib/i386/liblcms.so
00b14000-00b17000 rw-p 00000000 00:00 0 
00bc9000-00be6000 r-xp 00000000 08:01 17564404   /lib/ld-2.13.so
00be6000-00be7000 r--p 0001c000 08:01 17564404   /lib/ld-2.13.so
00be7000-00be8000 rw-p 0001d000 08:01 17564404   /lib/ld-2.13.so
00bea000-00d6d000 r-xp 00000000 08:01 17564884   /lib/libc-2.13.so
00d6d000-00d6e000 ---p 00183000 08:01 17564884   /lib/libc-2.13.so
00d6e000-00d70000 r--p 00183000 08:01 17564884   /lib/libc-2.13.so
00d70000-00d71000 rw-p 00185000 08:01 17564884   /lib/libc-2.13.so
00d71000-00d74000 rw-p 00000000 00:00 0 
00d76000-00d79000 r-xp 00000000 08:01 17565217   /lib/libdl-2.13.so
00d79000-00d7a000 r--p 00002000 08:01 17565217   /lib/libdl-2.13.so
00d7a000-00d7b000 rw-p 00003000 08:01 17565217   /lib/libdl-2.13.so
00d7d000-00d94000 r-xp 00000000 08:01 17565559   /lib/libpthread-2.13.so
00d94000-00d95000 r--p 00016000 08:01 17565559   /lib/libpthread-2.13.so
00d95000-00d96000 rw-p 00017000 08:01 17565559   /lib/libpthread-2.13.so
00d96000-00d98000 rw-p 00000000 00:00 0 
00d9a000-00d9d000 r-xp 00000000 08:01 1179684    /usr/lib/jvm/java-1.6.0-openjdk-1.6.0.0/jre/lib/i386/jli/libjli.so
00d9d000-00d9e000 rw-p 00002000 08:01 1179684    /usr/lib/jvm/java-1.6.0-openjdk-1.6.0.0/jre/lib/i386/jli/libjli.so
00d9e000-0146d000 r-xp 00000000 08:01 1317374    /usr/lib/jvm/java-1.6.0-openjdk-1.6.0.0/jre/lib/i386/server/libjvm.so
0146d000-014c1000 rw-p 006ce000 08:01 1317374    /usr/lib/jvm/java-1.6.0-openjdk-1.6.0.0/jre/lib/i386/server/libjvm.so
014c1000-018e0000 rw-p 00000000 00:00 0 
0597b000-05992000 r-xp 00000000 08:01 17569151   /lib/libnsl-2.13.so
05992000-05993000 r--p 00016000 08:01 17569151   /lib/libnsl-2.13.so
05993000-05994000 rw-p 00017000 08:01 17569151   /lib/libnsl-2.13.so
05994000-05996000 rw-p 00000000 00:00 0 
08048000-08050000 r-xp 00000000 08:01 1319532    /usr/lib/jvm/java-1.6.0-openjdk-1.6.0.0/bin/java
08050000-08052000 rw-p 00007000 08:01 1319532    /usr/lib/jvm/java-1.6.0-openjdk-1.6.0.0/bin/java
0858a000-0867b000 rw-p 00000000 00:00 0          [heap]
86800000-868ad000 rw-p 00000000 00:00 0 
868ad000-86900000 ---p 00000000 00:00 0 
86900000-869ea000 rw-p 00000000 00:00 0 
869ea000-86a00000 ---p 00000000 00:00 0 
86a00000-86aea000 rw-p 00000000 00:00 0 
86aea000-86b00000 ---p 00000000 00:00 0 
86b00000-86bfc000 rw-p 00000000 00:00 0 
86bfc000-86c00000 ---p 00000000 00:00 0 
87300000-873b1000 rw-p 00000000 00:00 0 
873b1000-87400000 ---p 00000000 00:00 0 
87400000-874f9000 rw-p 00000000 00:00 0 
874f9000-87500000 ---p 00000000 00:00 0 
87500000-87600000 rw-p 00000000 00:00 0 
87700000-877fa000 rw-p 00000000 00:00 0 
877fa000-87800000 ---p 00000000 00:00 0 
87800000-87900000 rw-p 00000000 00:00 0 
87900000-879f6000 rw-p 00000000 00:00 0 
879f6000-87a00000 ---p 00000000 00:00 0 
87b00000-87be3000 rw-p 00000000 00:00 0 
87be3000-87c00000 ---p 00000000 00:00 0 
87d00000-87df7000 rw-p 00000000 00:00 0 
87df7000-87e00000 ---p 00000000 00:00 0 
87f00000-87ffb000 rw-p 00000000 00:00 0 
87ffb000-88000000 ---p 00000000 00:00 0 
88000000-88100000 rw-p 00000000 00:00 0 
88100000-88300000 rw-p 00000000 00:00 0 
88300000-88400000 rw-p 00000000 00:00 0 
88400000-884ff000 rw-p 00000000 00:00 0 
884ff000-88500000 ---p 00000000 00:00 0 
88500000-885fa000 rw-p 00000000 00:00 0 
885fa000-88600000 ---p 00000000 00:00 0 
88600000-88700000 rw-p 00000000 00:00 0 
88700000-888fe000 rw-p 00000000 00:00 0 
888fe000-88900000 ---p 00000000 00:00 0 
88900000-889ef000 rw-p 00000000 00:00 0 
889ef000-88a00000 ---p 00000000 00:00 0 
88b00000-88bec000 rw-p 00000000 00:00 0 
88bec000-88c00000 ---p 00000000 00:00 0 
88d00000-88ef2000 rw-p 00000000 00:00 0 
88ef2000-88f00000 ---p 00000000 00:00 0 
88f00000-88fff000 rw-p 00000000 00:00 0 
88fff000-89000000 ---p 00000000 00:00 0 
89000000-890ff000 rw-p 00000000 00:00 0 
890ff000-89100000 ---p 00000000 00:00 0 
89100000-891f9000 rw-p 00000000 00:00 0 
891f9000-89200000 ---p 00000000 00:00 0 
89200000-892fc000 rw-p 00000000 00:00 0 
892fc000-89300000 ---p 00000000 00:00 0 
89300000-893fa000 rw-p 00000000 00:00 0 
893fa000-89400000 ---p 00000000 00:00 0 
89400000-894ff000 rw-p 00000000 00:00 0 
894ff000-89500000 ---p 00000000 00:00 0 
89500000-895e8000 rw-p 00000000 00:00 0 
895e8000-89600000 ---p 00000000 00:00 0 
89600000-896fe000 rw-p 00000000 00:00 0 
896fe000-89700000 ---p 00000000 00:00 0 
89700000-897fc000 rw-p 00000000 00:00 0 
897fc000-89800000 ---p 00000000 00:00 0 
89800000-898e9000 rw-p 00000000 00:00 0 
898e9000-89900000 ---p 00000000 00:00 0 
89900000-899f8000 rw-p 00000000 00:00 0 
899f8000-89a00000 ---p 00000000 00:00 0 
89a00000-89af8000 rw-p 00000000 00:00 0 
89af8000-89b00000 ---p 00000000 00:00 0 
89b00000-89bf1000 rw-p 00000000 00:00 0 
89bf1000-89c00000 ---p 00000000 00:00 0 
89c00000-89cf0000 rw-p 00000000 00:00 0 
89cf0000-89d00000 ---p 00000000 00:00 0 
89d00000-89ef2000 rw-p 00000000 00:00 0 
89ef2000-89f00000 ---p 00000000 00:00 0 
89f00000-8a0fc000 rw-p 00000000 00:00 0 
8a0fc000-8a100000 ---p 00000000 00:00 0 
8a100000-8a300000 rw-p 00000000 00:00 0 
8a300000-8a3fc000 rw-p 00000000 00:00 0 
8a3fc000-8a400000 ---p 00000000 00:00 0 
8a400000-8a500000 rw-p 00000000 00:00 0 
8a500000-8a5ff000 rw-p 00000000 00:00 0 
8a5ff000-8a600000 ---p 00000000 00:00 0 
8a600000-8a6f9000 rw-p 00000000 00:00 0 
8a6f9000-8a700000 ---p 00000000 00:00 0 
8a700000-8a7fa000 rw-p 00000000 00:00 0 
8a7fa000-8a800000 ---p 00000000 00:00 0 
8a800000-8a8ff000 rw-p 00000000 00:00 0 
8a8ff000-8a900000 ---p 00000000 00:00 0 
8a900000-8a9fd000 rw-p 00000000 00:00 0 
8a9fd000-8aa00000 ---p 00000000 00:00 0 
8aaba000-8aabb000 r--s 00000000 08:01 9701335    /var/cache/fontconfig/211368abcb0ff835c229ff05c9ec01dc-le32d4.cache-3
8aae8000-8aaea000 r--s 00000000 08:01 9700270    /var/cache/fontconfig/2e1514a9fdd499050989183bb65136db-le32d4.cache-3
8aaea000-8aaec000 r--s 00000000 08:01 9701348    /var/cache/fontconfig/5c755b2f27115486aa6359c84dd3cbda-le32d4.cache-3
8aaec000-8aaf3000 r--s 00000000 08:01 9701202    /var/cache/fontconfig/7ef2298fde41cc6eeb7af42e48b7d293-le32d4.cache-3
8aaf3000-8aaf4000 r--s 00000000 08:01 9700268    /var/cache/fontconfig/3f821257dd33660ba7bbb45c32deb84c-le32d4.cache-3
8aaf4000-8aaf6000 r--s 00000000 08:01 9701346    /var/cache/fontconfig/830f035fa84a65ce80e050178dbb630d-le32d4.cache-3
8aaf6000-8aaf7000 r--s 00000000 08:01 9700269    /var/cache/fontconfig/81a173283b451552b599cfaafd6236bd-le32d4.cache-3
8aaf7000-8aaf8000 r--s 00000000 08:01 9701343    /var/cache/fontconfig/ac68f755438cc3dc5a526084839fc7ca-le32d4.cache-3
8aaf8000-8aaf9000 r--s 00000000 08:01 9701342    /var/cache/fontconfig/12513961c6e7090f8648812f9eaf65d6-le32d4.cache-3
8aaf9000-8aafb000 r--s 00000000 08:01 9701341    /var/cache/fontconfig/e26bf336397aae6fcef4d3803472adec-le32d4.cache-3
8aafb000-8aafc000 r--s 00000000 08:01 9700274    /var/cache/fontconfig/a5c2dc934fad9bbf30c854216245519d-le32d4.cache-3
8aafc000-8aafd000 r--s 00000000 08:01 9700275    /var/cache/fontconfig/17e60ccdf2eb53b214a9a5d6663eb217-le32d4.cache-3
8aafd000-8aafe000 r--s 00000000 08:01 9700267    /var/cache/fontconfig/6fcb01a03a016cc71057b587cdea6709-le32d4.cache-3
8aafe000-8aaff000 r--s 00000000 08:01 9700273    /var/cache/fontconfig/b887eea8f1b96e1d899b44ed6681fc27-le32d4.cache-3
8aaff000-8ab00000 r--s 00000000 08:01 9701336    /var/cache/fontconfig/860639f272b8b4b3094f9e399e41bccd-le32d4.cache-3
8ab00000-8abf6000 rw-p 00000000 00:00 0 
8abf6000-8ac00000 ---p 00000000 00:00 0 
8ac00000-8acfa000 rw-p 00000000 00:00 0 
8acfa000-8ad00000 ---p 00000000 00:00 0 
8ad00000-8ae00000 rw-p 00000000 00:00 0 
8ae0d000-8ae10000 ---p 00000000 00:00 0 
8ae10000-8ae5e000 rw-p 00000000 00:00 0 
8ae5e000-8ae61000 ---p 00000000 00:00 0 
8ae61000-8aeaf000 rw-p 00000000 00:00 0 
8aeaf000-8aeb2000 ---p 00000000 00:00 0 
8aeb2000-8af00000 rw-p 00000000 00:00 0 
8af00000-8b000000 rw-p 00000000 00:00 0 
8b001000-8b007000 r--s 000fc000 08:01 657489     /usr/lib/jvm/java-1.6.0-openjdk-1.6.0.0/jre/lib/resources.jar
8b007000-8b00a000 r--s 00000000 08:01 9701425    /var/cache/fontconfig/87f5e051180a7a75f16eb6fe7dbd3749-le32d4.cache-3
8b00a000-8b010000 r--s 00000000 08:01 9701421    /var/cache/fontconfig/b79f3aaa7d385a141ab53ec885cc22a8-le32d4.cache-3
8b010000-8b012000 r--s 00000000 08:01 9701350    /var/cache/fontconfig/0b1bcc92b4d25cc154d77dafe3bceaa0-le32d4.cache-3
8b012000-8b015000 r--s 00000000 08:01 9700990    /var/cache/fontconfig/68fe5182b80ae2709eaaf65e42dcaf33-le32d4.cache-3
8b015000-8b016000 r--s 00000000 08:01 9700987    /var/cache/fontconfig/ac1b9faef01ec4feb36ba76b98842887-le32d4.cache-3
8b016000-8b018000 r--s 00000000 08:01 9700984    /var/cache/fontconfig/ebb99784de50d4c4223a6523ac9c5d63-le32d4.cache-3
8b018000-8b01a000 r--s 00000000 08:01 9700078    /var/cache/fontconfig/0c76f5ee3a101157014da521290d0599-le32d4.cache-3
8b01a000-8b01c000 r--s 00000000 08:01 9700270    /var/cache/fontconfig/2e1514a9fdd499050989183bb65136db-le32d4.cache-3
8b01c000-8b01e000 r--s 00000000 08:01 9701348    /var/cache/fontconfig/5c755b2f27115486aa6359c84dd3cbda-le32d4.cache-3
8b01e000-8b025000 r--s 00000000 08:01 9701202    /var/cache/fontconfig/7ef2298fde41cc6eeb7af42e48b7d293-le32d4.cache-3
8b025000-8b026000 r--s 00000000 08:01 9700268    /var/cache/fontconfig/3f821257dd33660ba7bbb45c32deb84c-le32d4.cache-3
8b026000-8b028000 r--s 00000000 08:01 9701346    /var/cache/fontconfig/830f035fa84a65ce80e050178dbb630d-le32d4.cache-3
8b028000-8b029000 r--s 00000000 08:01 9700269    /var/cache/fontconfig/81a173283b451552b599cfaafd6236bd-le32d4.cache-3
8b029000-8b02a000 r--s 00000000 08:01 9701343    /var/cache/fontconfig/ac68f755438cc3dc5a526084839fc7ca-le32d4.cache-3
8b02a000-8b02b000 r--s 00000000 08:01 9701342    /var/cache/fontconfig/12513961c6e7090f8648812f9eaf65d6-le32d4.cache-3
8b02b000-8b02d000 r--s 00000000 08:01 9701341    /var/cache/fontconfig/e26bf336397aae6fcef4d3803472adec-le32d4.cache-3
8b02d000-8b02e000 r--s 00000000 08:01 9700274    /var/cache/fontconfig/a5c2dc934fad9bbf30c854216245519d-le32d4.cache-3
8b02e000-8b02f000 r--s 00000000 08:01 9700275    /var/cache/fontconfig/17e60ccdf2eb53b214a9a5d6663eb217-le32d4.cache-3
8b02f000-8b030000 r--s 00000000 08:01 9700267    /var/cache/fontconfig/6fcb01a03a016cc71057b587cdea6709-le32d4.cache-3
8b030000-8b031000 r--s 00000000 08:01 9700273    /var/cache/fontconfig/b887eea8f1b96e1d899b44ed6681fc27-le32d4.cache-3
8b031000-8b032000 r--s 00000000 08:01 9701336    /var/cache/fontconfig/860639f272b8b4b3094f9e399e41bccd-le32d4.cache-3
8b032000-8b033000 r--s 00000000 08:01 9701335    /var/cache/fontconfig/211368abcb0ff835c229ff05c9ec01dc-le32d4.cache-3
8b033000-8b034000 r--s 00000000 08:01 9700272    /var/cache/fontconfig/c46020d7221988a13df853d2b46304fc-le32d4.cache-3
8b034000-8b035000 r--s 00000000 08:01 9700277    /var/cache/fontconfig/df893b4576ad6107f9397134092c4059-le32d4.cache-3
8b035000-8b036000 r--s 00000000 08:01 9701332    /var/cache/fontconfig/900402270e15d763a6e008bb2d4c7686-le32d4.cache-3
8b036000-8b037000 r--s 00000000 08:01 9700271    /var/cache/fontconfig/47f48679023f44a4d1e44699a69464f6-le32d4.cache-3
8b037000-8b03b000 r--s 00000000 08:01 9701208    /var/cache/fontconfig/b67b32625a2bb51b023d3814a918f351-le32d4.cache-3
8b03b000-8b03e000 ---p 00000000 00:00 0 
8b03e000-8b08c000 rw-p 00000000 00:00 0 
8b08c000-8b200000 r--s 0198d000 08:01 2492430    /opt/gwt-2.4.0/gwt-dev.jar
8b200000-8b300000 rw-p 00000000 00:00 0 
8b300000-8b318000 r--s 00000000 08:01 5117790    /home/edward/.fontconfig/7fdbf32d5f35a87fa18260af37512ebd-le32d4.cache-3
8b318000-8b3fe000 r--s 00b59000 08:01 2492431    /opt/gwt-2.4.0/gwt-user.jar
8b3fe000-8b3ff000 ---p 00000000 00:00 0 
8b3ff000-8b47f000 rw-p 00000000 00:00 0 
8b47f000-8b482000 ---p 00000000 00:00 0 
8b482000-8b500000 rw-p 00000000 00:00 0 
8b500000-8b700000 r--p 00000000 08:01 17973982   /usr/lib/locale/locale-archive
8b700000-8b721000 rw-p 00000000 00:00 0 
8b721000-8b800000 ---p 00000000 00:00 0 
8b800000-8b801000 r--s 00000000 08:01 9701330    /var/cache/fontconfig/2881ed3fd21ca306ddad6f9b0dd3189f-le32d4.cache-3
8b801000-8b802000 r--s 00000000 08:01 9701329    /var/cache/fontconfig/3c3fb04d32a5211b073874b125d29701-le32d4.cache-3
8b802000-8b803000 r--s 00000000 08:01 9701328    /var/cache/fontconfig/e61abf8156cc476151baa07d67337cae-le32d4.cache-3
8b803000-8b804000 r--s 00000000 08:01 9701326    /var/cache/fontconfig/d3379abda271c4acd2ad0c01f565d0b0-le32d4.cache-3
8b804000-8b805000 r--s 00000000 08:01 9701325    /var/cache/fontconfig/b4d0b56f766d89640448751fcd18ec1e-le32d4.cache-3
8b805000-8b80c000 r--s 00000000 08:01 9701324    /var/cache/fontconfig/12b26b760a24f8b4feb03ad48a333a72-le32d4.cache-3
8b80c000-8b80e000 r--s 00000000 08:01 9700137    /var/cache/fontconfig/e3ead4b767b8819993a6fa3ae306afa9-le32d4.cache-3
8b80e000-8b811000 r--s 00000000 08:01 9701425    /var/cache/fontconfig/87f5e051180a7a75f16eb6fe7dbd3749-le32d4.cache-3
8b811000-8b817000 r--s 00000000 08:01 9701421    /var/cache/fontconfig/b79f3aaa7d385a141ab53ec885cc22a8-le32d4.cache-3
8b817000-8b819000 r--s 00000000 08:01 9701350    /var/cache/fontconfig/0b1bcc92b4d25cc154d77dafe3bceaa0-le32d4.cache-3
8b819000-8b81c000 r--s 00000000 08:01 9700990    /var/cache/fontconfig/68fe5182b80ae2709eaaf65e42dcaf33-le32d4.cache-3
8b81c000-8b81d000 r--s 00000000 08:01 9700987    /var/cache/fontconfig/ac1b9faef01ec4feb36ba76b98842887-le32d4.cache-3
8b81d000-8b81f000 r--s 00000000 08:01 9700984    /var/cache/fontconfig/ebb99784de50d4c4223a6523ac9c5d63-le32d4.cache-3
8b81f000-8b821000 r--s 00000000 08:01 9700078    /var/cache/fontconfig/0c76f5ee3a101157014da521290d0599-le32d4.cache-3
8b821000-8b822000 r--s 00000000 08:01 9700272    /var/cache/fontconfig/c46020d7221988a13df853d2b46304fc-le32d4.cache-3
8b822000-8b823000 r--s 00000000 08:01 9700277    /var/cache/fontconfig/df893b4576ad6107f9397134092c4059-le32d4.cache-3
8b823000-8b827000 r--s 00000000 08:01 9701208    /var/cache/fontconfig/b67b32625a2bb51b023d3814a918f351-le32d4.cache-3
8b827000-8b82e000 r--s 00000000 08:01 9701324    /var/cache/fontconfig/12b26b760a24f8b4feb03ad48a333a72-le32d4.cache-3
8b82e000-8b831000 ---p 00000000 00:00 0 
8b831000-8b87f000 rw-p 00000000 00:00 0 
8b87f000-8b882000 ---p 00000000 00:00 0 
8b882000-8b900000 rw-p 00000000 00:00 0 
8b900000-8b9f9000 rw-p 00000000 00:00 0 
8b9f9000-8ba00000 ---p 00000000 00:00 0 
8ba00000-8ba01000 r--s 00000000 08:01 9701332    /var/cache/fontconfig/900402270e15d763a6e008bb2d4c7686-le32d4.cache-3
8ba01000-8ba02000 r--s 00000000 08:01 9700271    /var/cache/fontconfig/47f48679023f44a4d1e44699a69464f6-le32d4.cache-3
8ba02000-8ba1a000 r--s 00000000 08:01 5117790    /home/edward/.fontconfig/7fdbf32d5f35a87fa18260af37512ebd-le32d4.cache-3
8ba1a000-8ba1d000 ---p 00000000 00:00 0 
8ba1d000-8ba6b000 rw-p 00000000 00:00 0 
8ba6b000-8ba6e000 ---p 00000000 00:00 0 
8ba6e000-8babc000 rw-p 00000000 00:00 0 
8babc000-8babd000 ---p 00000000 00:00 0 
8babd000-8bb70000 rw-p 00000000 00:00 0 
8bb70000-8bd00000 r--s 038c1000 08:01 657491     /usr/lib/jvm/java-1.6.0-openjdk-1.6.0.0/jre/lib/rt.jar
8bd00000-8bdfc000 rw-p 00000000 00:00 0 
8bdfc000-8be00000 ---p 00000000 00:00 0 
8be00000-8be01000 r--s 00000000 08:01 9701330    /var/cache/fontconfig/2881ed3fd21ca306ddad6f9b0dd3189f-le32d4.cache-3
8be01000-8be02000 r--s 00000000 08:01 9701329    /var/cache/fontconfig/3c3fb04d32a5211b073874b125d29701-le32d4.cache-3
8be02000-8be04000 r--s 00000000 08:01 9700137    /var/cache/fontconfig/e3ead4b767b8819993a6fa3ae306afa9-le32d4.cache-3
8be04000-8be07000 r--s 00038000 08:01 919479     /usr/lib/jvm/java-1.6.0-openjdk-1.6.0.0/jre/lib/ext/sunpkcs11.jar
8be07000-8be09000 r--s 00001000 08:01 919472     /usr/lib/jvm/java-1.6.0-openjdk-1.6.0.0/jre/lib/ext/dnsns.jar
8be09000-8be0c000 r--s 00077000 08:01 919475     /usr/lib/jvm/java-1.6.0-openjdk-1.6.0.0/jre/lib/ext/localedata.jar
8be0c000-8be0f000 r--s 00031000 08:01 919478     /usr/lib/jvm/java-1.6.0-openjdk-1.6.0.0/jre/lib/ext/sunjce_provider.jar
8be0f000-8be1a000 r--s 00080000 08:01 9569147    /home/edward/workspace/final/MediaElection2/lib/gwtquery-1.1.1-20120218.170746-9.jar
8be1a000-8be2e000 r--s 000a5000 08:01 9569133    /home/edward/workspace/final/MediaElection2/lib/gwt-maps.jar
8be2e000-8be31000 ---p 00000000 00:00 0 
8be31000-8be7f000 rw-p 00000000 00:00 0 
8be7f000-8be80000 ---p 00000000 00:00 0 
8be80000-8bf00000 rw-p 00000000 00:00 0 
8bf00000-8bf21000 rw-p 00000000 00:00 0 
8bf21000-8c000000 ---p 00000000 00:00 0 
8c000000-8c027000 rw-p 00000000 00:00 0 
8c027000-8c100000 ---p 00000000 00:00 0 
8c100000-8c12e000 rw-p 00000000 00:00 0 
8c12e000-8c131000 ---p 00000000 00:00 0 
8c131000-8c17f000 rw-p 00000000 00:00 0 
8c17f000-8c180000 ---p 00000000 00:00 0 
8c180000-8c200000 rw-p 00000000 00:00 0 
8c200000-8c294000 rw-p 00000000 00:00 0 
8c294000-8c300000 ---p 00000000 00:00 0 
8c300000-8c301000 r--s 00000000 08:01 9701328    /var/cache/fontconfig/e61abf8156cc476151baa07d67337cae-le32d4.cache-3
8c301000-8c304000 ---p 00000000 00:00 0 
8c304000-8c352000 rw-p 00000000 00:00 0 
8c352000-8c353000 ---p 00000000 00:00 0 
8c353000-8c3d3000 rw-p 00000000 00:00 0 
8c3d3000-8c3d4000 ---p 00000000 00:00 0 
8c3d4000-8c4a0000 rw-p 00000000 00:00 0 
8c4a0000-8c4ff000 rw-p 00000000 00:00 0 
8c4ff000-8c50d000 rw-p 00000000 00:00 0 
8c50d000-8c53f000 rw-p 00000000 00:00 0 
8c53f000-8c58b000 rw-p 00000000 00:00 0 
8c58b000-8c5e9000 rw-p 00000000 00:00 0 
8c5e9000-8c63e000 rw-p 00000000 00:00 0 
8c63e000-8c63f000 ---p 00000000 00:00 0 
8c63f000-8e140000 rw-p 00000000 00:00 0 
8e140000-94640000 rw-p 00000000 00:00 0 
94640000-9dd00000 rw-p 00000000 00:00 0 
9dd00000-a9ba0000 rw-p 00000000 00:00 0 
a9ba0000-b4320000 rw-p 00000000 00:00 0 
b4320000-b4640000 ---p 00000000 00:00 0 
b4640000-b465e000 rw-p 00000000 00:00 0 
b465e000-b4700000 rw-p 00000000 00:00 0 
b4700000-b4e78000 rwxp 00000000 00:00 0 
b4e78000-b77fd000 rw-p 00000000 00:00 0 
b77fd000-b7800000 ---p 00000000 00:00 0 
b7800000-b7801000 r--s 00000000 08:01 9701326    /var/cache/fontconfig/d3379abda271c4acd2ad0c01f565d0b0-le32d4.cache-3
b7801000-b7805000 r--s 0007c000 08:01 657479     /usr/lib/jvm/java-1.6.0-openjdk-1.6.0.0/jre/lib/jsse.jar
b7805000-b780c000 r--s 000ba000 08:01 9569460    /home/edward/workspace/final/MediaElection2/war/WEB-INF/lib/mysql-connector-java-5.1.18-bin.jar
b780c000-b7812000 r--s 00033000 08:01 9569459    /home/edward/workspace/final/MediaElection2/war/WEB-INF/lib/commons-codec-1.6.jar
b7812000-b7820000 rw-p 00000000 00:00 0 
b7820000-b7852000 rw-p 00000000 00:00 0 
b7852000-b7855000 ---p 00000000 00:00 0 
b7855000-b78a5000 rw-p 00000000 00:00 0 
b78a5000-b78a6000 r--s 00000000 08:01 9701325    /var/cache/fontconfig/b4d0b56f766d89640448751fcd18ec1e-le32d4.cache-3
b78a6000-b78a9000 r--s 00009000 08:01 2492445    /opt/gwt-2.4.0/validation-api-1.0.0.GA.jar
b78a9000-b78ab000 r--s 0000e000 08:01 2492446    /opt/gwt-2.4.0/validation-api-1.0.0.GA-sources.jar
b78ab000-b78ae000 r--s 0000f000 08:01 919477     /usr/lib/jvm/java-1.6.0-openjdk-1.6.0.0/jre/lib/ext/pulse-java.jar
b78ae000-b78b7000 r--s 00065000 08:01 919474     /usr/lib/jvm/java-1.6.0-openjdk-1.6.0.0/jre/lib/ext/gnome-java-bridge.jar
b78b7000-b78b9000 r--s 0001d000 08:01 657486     /usr/lib/jvm/java-1.6.0-openjdk-1.6.0.0/jre/lib/plugin.jar
b78b9000-b78be000 r--s 00044000 08:01 657485     /usr/lib/jvm/java-1.6.0-openjdk-1.6.0.0/jre/lib/netx.jar
b78be000-b78c6000 rw-s 00000000 08:01 18245108   /tmp/hsperfdata_edward/21050
b78c6000-b78c7000 rw-p 00000000 00:00 0 
b78c7000-b78c8000 r--p 00000000 00:00 0 
b78c8000-b78c9000 rw-p 00000000 00:00 0 
bfebd000-bfede000 rw-p 00000000 00:00 0          [stack]

VM Arguments:
jvm_args: -Xmx512m 
java_command: com.google.gwt.dev.Compiler -logLevel INFO -style OBFUSCATED -war /home/edward/workspace/final/MediaElection2/war com.beta.election.media.MediaElection2
Launcher Type: SUN_STANDARD

Environment Variables:
CLASSPATH=/home/edward/workspace/final/MediaElection2/src:/home/edward/workspace/final/MediaElection2/test-classes:/home/edward/workspace/final/MediaElection2/war/WEB-INF/classes:/opt/gwt-2.4.0/gwt-user.jar:/opt/gwt-2.4.0/gwt-dev.jar:/opt/gwt-2.4.0/validation-api-1.0.0.GA-sources.jar:/opt/gwt-2.4.0/validation-api-1.0.0.GA.jar:/home/edward/workspace/final/MediaElection2/war/WEB-INF/lib/commons-codec-1.6.jar:/home/edward/workspace/final/MediaElection2/war/WEB-INF/lib/mysql-connector-java-5.1.18-bin.jar:/home/edward/workspace/final/MediaElection2/lib/gwt-maps.jar:/home/edward/workspace/final/MediaElection2/lib/gwtquery-1.1.1-20120218.170746-9.jar:/opt/gwt-2.4.0/gwt-dev.jar
PATH=/usr/lib/qt-3.3/bin:/usr/lib/ccache:/usr/local/bin:/usr/bin:/bin:/usr/local/sbin:/usr/sbin:/sbin:/opt/gwt-2.4.0:/opt/jdk1.6.0_11/bin:/home/edward/bin:/opt/jdk1.6.0_11/bin
USERNAME=edward
LD_LIBRARY_PATH=/usr/lib/jvm/java-1.6.0-openjdk-1.6.0.0/jre/lib/i386/server:/usr/lib/jvm/java-1.6.0-openjdk-1.6.0.0/jre/lib/i386:/usr/lib/jvm/java-1.6.0-openjdk-1.6.0.0/jre/../lib/i386:/usr/lib/jvm/java-1.6.0-openjdk-1.6.0.0/jre/lib/i386/client:/usr/lib/jvm/java-1.6.0-openjdk-1.6.0.0/jre/lib/i386:
SHELL=/bin/bash
DISPLAY=:0.0

Signal Handlers:
SIGSEGV: [libjvm.so+0x64f880], sa_mask[0]=0x7ffbfeff, sa_flags=0x10000004
SIGBUS: [libjvm.so+0x64f880], sa_mask[0]=0x7ffbfeff, sa_flags=0x10000004
SIGFPE: [libjvm.so+0x517210], sa_mask[0]=0x7ffbfeff, sa_flags=0x10000004
SIGPIPE: [libjvm.so+0x517210], sa_mask[0]=0x7ffbfeff, sa_flags=0x10000004
SIGXFSZ: [libjvm.so+0x517210], sa_mask[0]=0x7ffbfeff, sa_flags=0x10000004
SIGILL: [libjvm.so+0x517210], sa_mask[0]=0x7ffbfeff, sa_flags=0x10000004
SIGUSR1: SIG_DFL, sa_mask[0]=0x00000000, sa_flags=0x00000000
SIGUSR2: [libjvm.so+0x517080], sa_mask[0]=0x00000004, sa_flags=0x10000004
SIGHUP: [libjvm.so+0x519c40], sa_mask[0]=0x7ffbfeff, sa_flags=0x10000004
SIGINT: [libjvm.so+0x519c40], sa_mask[0]=0x7ffbfeff, sa_flags=0x10000004
SIGTERM: [libjvm.so+0x519c40], sa_mask[0]=0x7ffbfeff, sa_flags=0x10000004
SIGQUIT: [libjvm.so+0x519c40], sa_mask[0]=0x7ffbfeff, sa_flags=0x10000004


---------------  S Y S T E M  ---------------

OS:Fedora release 14 (Laughlin)

uname:Linux 2.6.35.12-90.fc14.i686 #1 SMP Fri Apr 22 16:14:44 UTC 2011 i686
libc:glibc 2.13 NPTL 2.13 
rlimit: STACK 8192k, CORE 0k, NPROC 1024, NOFILE 1024, AS infinity
load average:5.65 2.24 1.11

/proc/meminfo:
MemTotal:        3540668 kB
MemFree:           95052 kB
Buffers:            1908 kB
Cached:           319624 kB
SwapCached:         5928 kB
Active:          2446232 kB
Inactive:         889556 kB
Active(anon):    2421628 kB
Inactive(anon):   849196 kB
Active(file):      24604 kB
Inactive(file):    40360 kB
Unevictable:           0 kB
Mlocked:               0 kB
HighTotal:       2694840 kB
HighFree:            556 kB
LowTotal:         845828 kB
LowFree:           94496 kB
SwapTotal:      10489852 kB
SwapFree:       10299376 kB
Dirty:              6352 kB
Writeback:         19252 kB
AnonPages:       3011964 kB
Mapped:            31224 kB
Shmem:            256032 kB
Slab:              52180 kB
SReclaimable:      29320 kB
SUnreclaim:        22860 kB
KernelStack:        5560 kB
PageTables:        15188 kB
NFS_Unstable:          0 kB
Bounce:                0 kB
WritebackTmp:          0 kB
CommitLimit:    12260184 kB
Committed_AS:    6190808 kB
VmallocTotal:     122880 kB
VmallocUsed:       42284 kB
VmallocChunk:      25840 kB
HardwareCorrupted:     0 kB
HugePages_Total:       0
HugePages_Free:        0
HugePages_Rsvd:        0
HugePages_Surp:        0
Hugepagesize:       4096 kB
DirectMap4k:       20472 kB
DirectMap4M:      880640 kB


CPU:total 4 (2 cores per cpu, 2 threads per core) family 6 model 37 stepping 5, cmov, cx8, fxsr, mmx, sse, sse2, sse3, ssse3, sse4.1, sse4.2, popcnt, ht

Memory: 4k page, physical 3540668k(95052k free), swap 10489852k(10299376k free)

vm_info: OpenJDK Server VM (19.0-b09) for linux-x86 JRE (1.6.0_20-b20), built on Feb 15 2011 23:54:33 by "mockbuild" with gcc 4.5.1 20100924 (Red Hat 4.5.1-4)

time: Thu Oct 25 18:57:20 2012
elapsed time: 53 seconds

