#
# A fatal error has been detected by the Java Runtime Environment:
#
#  SIGSEGV (0xb) at pc=0xb4ad57c4, pid=11705, tid=3077573488
#
# JRE version: 6.0_20-b20
# Java VM: OpenJDK Server VM (19.0-b09 mixed mode linux-x86 )
# Derivative: IcedTea6 1.9.7
# Distribution: Fedora release 14 (Laughlin), package fedora-52.1.9.7.fc14-i386
# Problematic frame:
# J  com.google.gwt.dev.jjs.impl.ControlFlowAnalyzer$RescueVisitor.rescueMembersIfInstantiable(Lcom/google/gwt/dev/jjs/ast/JDeclaredType;)V
#
# If you would like to submit a bug report, please include
# instructions how to reproduce the bug and visit:
#   http://icedtea.classpath.org/bugzilla
#

---------------  T H R E A D  ---------------

Current thread (0xb7505800):  JavaThread "main" [_thread_in_Java, id=11707, stack(0xb76b0000,0xb7701000)]

siginfo:si_signo=SIGSEGV: si_errno=0, si_code=128 (), si_addr=0x00000000

Registers:
EAX=0x0115a5b8, EBX=0xac8d0ce8, ECX=0xab2c6648, EDX=0x9b512c68
ESP=0xb76f7560, EBP=0x00000000, ESI=0x957e65f8, EDI=0x000004d5
EIP=0xb4ad57c4, CR2=0x00000004, EFLAGS=0x00210286

Register to memory mapping:

EAX=0x0115a5b8
0x0115a5b8: JVM_IHashCode+0x88 in /usr/lib/jvm/java-1.6.0-openjdk-1.6.0.0/jre/lib/i386/server/libjvm.so at 0x00d9e000

EBX=0xac8d0ce8

[error occurred during error reporting (printing registers, top of stack, instructions near pc), id 0xe0000000]

Stack: [0xb76b0000,0xb7701000],  sp=0xb76f7560,  free space=285k
Native frames: (J=compiled Java code, j=interpreted, Vv=VM code, C=native code)
J  com.google.gwt.dev.jjs.impl.ControlFlowAnalyzer$RescueVisitor.rescueMembersIfInstantiable(Lcom/google/gwt/dev/jjs/ast/JDeclaredType;)V

[error occurred during error reporting (printing native stack), id 0xb]


---------------  P R O C E S S  ---------------

Java Threads: ( => current thread )
  0x8b766000 JavaThread "Java2D Disposer" daemon [_thread_blocked, id=11726, stack(0x8a80d000,0x8a85e000)]
  0x8b079000 JavaThread "UnitWriteThread" daemon [_thread_blocked, id=11724, stack(0x8a8af000,0x8a900000)]
  0x8b03f000 JavaThread "com.google.gwt.thirdparty.guava.common.base.internal.Finalizer" daemon [_thread_blocked, id=11722, stack(0x8ae3b000,0x8ae8c000)]
  0x8c119c00 JavaThread "Timer-0" daemon [_thread_blocked, id=11721, stack(0x8b62e000,0x8b67f000)]
  0xb75c8000 JavaThread "Low Memory Detector" daemon [_thread_blocked, id=11718, stack(0x8bc2e000,0x8bc7f000)]
  0xb75c6400 JavaThread "CompilerThread1" daemon [_thread_in_native, id=11717, stack(0x8b27f000,0x8b300000)]
  0xb75c4400 JavaThread "CompilerThread0" daemon [_thread_in_native, id=11716, stack(0x8b67f000,0x8b700000)]
  0xb75c2c00 JavaThread "Signal Dispatcher" daemon [_thread_blocked, id=11715, stack(0x8be2e000,0x8be7f000)]
  0xb75b3800 JavaThread "Finalizer" daemon [_thread_blocked, id=11714, stack(0x8c02e000,0x8c07f000)]
  0xb75b2000 JavaThread "Reference Handler" daemon [_thread_blocked, id=11713, stack(0x8b86b000,0x8b8bc000)]
=>0xb7505800 JavaThread "main" [_thread_in_Java, id=11707, stack(0xb76b0000,0xb7701000)]

Other Threads:
  0xb75ae000 VMThread [stack: 0x8b8bc000,0x8b93d000] [id=11712]
  0xb75ca000 WatcherThread [stack: 0x8b1fe000,0x8b27f000] [id=11719]

VM state:not at safepoint (normal execution)

VM Mutex/Monitor currently owned by a thread: None

Heap
 PSYoungGen      total 75200K, used 60177K [0xa99a0000, 0xb4180000, 0xb4440000)
  eden space 65408K, 77% used [0xa99a0000,0xacad4b28,0xad980000)
  from space 9792K, 99% used [0xad980000,0xae30f918,0xae310000)
  to   space 52992K, 0% used [0xb0dc0000,0xb0dc0000,0xb4180000)
 PSOldGen        total 178048K, used 121192K [0x94440000, 0x9f220000, 0xa99a0000)
  object space 178048K, 68% used [0x94440000,0x9ba9a078,0x9f220000)
 PSPermGen       total 32768K, used 20110K [0x8c440000, 0x8e440000, 0x94440000)
  object space 32768K, 61% used [0x8c440000,0x8d7e3a88,0x8e440000)

Dynamic libraries:
00101000-00115000 r-xp 00000000 08:01 17569129   /lib/libz.so.1.2.5
00115000-00116000 rw-p 00013000 08:01 17569129   /lib/libz.so.1.2.5
00116000-0013e000 r-xp 00000000 08:01 17569123   /lib/libm-2.13.so
0013e000-0013f000 r--p 00027000 08:01 17569123   /lib/libm-2.13.so
0013f000-00140000 rw-p 00028000 08:01 17569123   /lib/libm-2.13.so
00140000-00147000 r-xp 00000000 08:01 17569124   /lib/librt-2.13.so
00147000-00148000 r--p 00006000 08:01 17569124   /lib/librt-2.13.so
00148000-00149000 rw-p 00007000 08:01 17569124   /lib/librt-2.13.so
00149000-0016b000 r-xp 00000000 08:01 919492     /usr/lib/jvm/java-1.6.0-openjdk-1.6.0.0/jre/lib/i386/libjava.so
0016b000-0016d000 rw-p 00022000 08:01 919492     /usr/lib/jvm/java-1.6.0-openjdk-1.6.0.0/jre/lib/i386/libjava.so
0016d000-00173000 r-xp 00000000 08:01 919512     /usr/lib/jvm/java-1.6.0-openjdk-1.6.0.0/jre/lib/i386/libzip.so
00173000-00174000 rw-p 00005000 08:01 919512     /usr/lib/jvm/java-1.6.0-openjdk-1.6.0.0/jre/lib/i386/libzip.so
00174000-001f4000 r-xp 00000000 08:01 919483     /usr/lib/jvm/java-1.6.0-openjdk-1.6.0.0/jre/lib/i386/libawt.so
001f4000-001fb000 rw-p 00080000 08:01 919483     /usr/lib/jvm/java-1.6.0-openjdk-1.6.0.0/jre/lib/i386/libawt.so
001fb000-0021f000 rw-p 00000000 00:00 0 
0021f000-00265000 r-xp 00000000 08:01 919485     /usr/lib/jvm/java-1.6.0-openjdk-1.6.0.0/jre/lib/i386/libfontmanager.so
00265000-00267000 rw-p 00046000 08:01 919485     /usr/lib/jvm/java-1.6.0-openjdk-1.6.0.0/jre/lib/i386/libfontmanager.so
00267000-0026c000 rw-p 00000000 00:00 0 
0026c000-00288000 r-xp 00000000 08:01 17564434   /lib/libgcc_s-4.5.1-20100924.so.1
00288000-00289000 rw-p 0001b000 08:01 17564434   /lib/libgcc_s-4.5.1-20100924.so.1
00289000-0029c000 r-xp 00000000 08:01 919503     /usr/lib/jvm/java-1.6.0-openjdk-1.6.0.0/jre/lib/i386/libnet.so
0029c000-0029d000 rw-p 00013000 08:01 919503     /usr/lib/jvm/java-1.6.0-openjdk-1.6.0.0/jre/lib/i386/libnet.so
0029d000-002c8000 r-xp 00000000 08:01 919500     /usr/lib/jvm/java-1.6.0-openjdk-1.6.0.0/jre/lib/i386/liblcms.so
002c8000-002c9000 rw-p 0002b000 08:01 919500     /usr/lib/jvm/java-1.6.0-openjdk-1.6.0.0/jre/lib/i386/liblcms.so
002c9000-002cc000 rw-p 00000000 00:00 0 
002cc000-002d5000 r-xp 00000000 08:01 919496     /usr/lib/jvm/java-1.6.0-openjdk-1.6.0.0/jre/lib/i386/libjpeg.so
002d5000-002d6000 rw-p 00008000 08:01 919496     /usr/lib/jvm/java-1.6.0-openjdk-1.6.0.0/jre/lib/i386/libjpeg.so
00314000-0031a000 r-xp 00000000 08:01 919501     /usr/lib/jvm/java-1.6.0-openjdk-1.6.0.0/jre/lib/i386/libmanagement.so
0031a000-0031b000 rw-p 00005000 08:01 919501     /usr/lib/jvm/java-1.6.0-openjdk-1.6.0.0/jre/lib/i386/libmanagement.so
0036c000-00372000 r-xp 00000000 08:01 1191207    /usr/lib/jvm/java-1.6.0-openjdk-1.6.0.0/jre/lib/i386/native_threads/libhpi.so
00372000-00373000 rw-p 00006000 08:01 1191207    /usr/lib/jvm/java-1.6.0-openjdk-1.6.0.0/jre/lib/i386/native_threads/libhpi.so
0047e000-0050c000 r-xp 00000000 08:01 17960414   /usr/lib/libfreetype.so.6.6.0
0050c000-00510000 rw-p 0008d000 08:01 17960414   /usr/lib/libfreetype.so.6.6.0
0056e000-00575000 r-xp 00000000 08:01 919504     /usr/lib/jvm/java-1.6.0-openjdk-1.6.0.0/jre/lib/i386/libnio.so
00575000-00576000 rw-p 00006000 08:01 919504     /usr/lib/jvm/java-1.6.0-openjdk-1.6.0.0/jre/lib/i386/libnio.so
00841000-0084c000 r-xp 00000000 08:01 17564375   /lib/libnss_files-2.13.so
0084c000-0084d000 r--p 0000a000 08:01 17564375   /lib/libnss_files-2.13.so
0084d000-0084e000 rw-p 0000b000 08:01 17564375   /lib/libnss_files-2.13.so
008bf000-008ca000 r-xp 00000000 08:01 919511     /usr/lib/jvm/java-1.6.0-openjdk-1.6.0.0/jre/lib/i386/libverify.so
008ca000-008cb000 rw-p 0000b000 08:01 919511     /usr/lib/jvm/java-1.6.0-openjdk-1.6.0.0/jre/lib/i386/libverify.so
00a96000-00a97000 r-xp 00000000 00:00 0          [vdso]
00b08000-00b0c000 r-xp 00000000 08:01 1052744    /usr/lib/jvm/java-1.6.0-openjdk-1.6.0.0/jre/lib/i386/headless/libmawt.so
00b0c000-00b0d000 rw-p 00004000 08:01 1052744    /usr/lib/jvm/java-1.6.0-openjdk-1.6.0.0/jre/lib/i386/headless/libmawt.so
00bc9000-00be6000 r-xp 00000000 08:01 17564404   /lib/ld-2.13.so
00be6000-00be7000 r--p 0001c000 08:01 17564404   /lib/ld-2.13.so
00be7000-00be8000 rw-p 0001d000 08:01 17564404   /lib/ld-2.13.so
00bea000-00d6d000 r-xp 00000000 08:01 17564884   /lib/libc-2.13.so
00d6d000-00d6e000 ---p 00183000 08:01 17564884   /lib/libc-2.13.so
00d6e000-00d70000 r--p 00183000 08:01 17564884   /lib/libc-2.13.so
00d70000-00d71000 rw-p 00185000 08:01 17564884   /lib/libc-2.13.so
00d71000-00d74000 rw-p 00000000 00:00 0 
00d76000-00d79000 r-xp 00000000 08:01 17565217   /lib/libdl-2.13.so
00d79000-00d7a000 r--p 00002000 08:01 17565217   /lib/libdl-2.13.so
00d7a000-00d7b000 rw-p 00003000 08:01 17565217   /lib/libdl-2.13.so
00d7d000-00d94000 r-xp 00000000 08:01 17565559   /lib/libpthread-2.13.so
00d94000-00d95000 r--p 00016000 08:01 17565559   /lib/libpthread-2.13.so
00d95000-00d96000 rw-p 00017000 08:01 17565559   /lib/libpthread-2.13.so
00d96000-00d98000 rw-p 00000000 00:00 0 
00d9a000-00d9d000 r-xp 00000000 08:01 1179684    /usr/lib/jvm/java-1.6.0-openjdk-1.6.0.0/jre/lib/i386/jli/libjli.so
00d9d000-00d9e000 rw-p 00002000 08:01 1179684    /usr/lib/jvm/java-1.6.0-openjdk-1.6.0.0/jre/lib/i386/jli/libjli.so
00d9e000-0146d000 r-xp 00000000 08:01 1317374    /usr/lib/jvm/java-1.6.0-openjdk-1.6.0.0/jre/lib/i386/server/libjvm.so
0146d000-014c1000 rw-p 006ce000 08:01 1317374    /usr/lib/jvm/java-1.6.0-openjdk-1.6.0.0/jre/lib/i386/server/libjvm.so
014c1000-018e0000 rw-p 00000000 00:00 0 
0597b000-05992000 r-xp 00000000 08:01 17569151   /lib/libnsl-2.13.so
05992000-05993000 r--p 00016000 08:01 17569151   /lib/libnsl-2.13.so
05993000-05994000 rw-p 00017000 08:01 17569151   /lib/libnsl-2.13.so
05994000-05996000 rw-p 00000000 00:00 0 
08048000-08050000 r-xp 00000000 08:01 1319532    /usr/lib/jvm/java-1.6.0-openjdk-1.6.0.0/bin/java
08050000-08052000 rw-p 00007000 08:01 1319532    /usr/lib/jvm/java-1.6.0-openjdk-1.6.0.0/bin/java
09bd7000-09c68000 rw-p 00000000 00:00 0          [heap]
87300000-873fa000 rw-p 00000000 00:00 0 
873fa000-87400000 ---p 00000000 00:00 0 
87400000-874f1000 rw-p 00000000 00:00 0 
874f1000-87500000 ---p 00000000 00:00 0 
87500000-875fd000 rw-p 00000000 00:00 0 
875fd000-87600000 ---p 00000000 00:00 0 
87b00000-87bef000 rw-p 00000000 00:00 0 
87bef000-87c00000 ---p 00000000 00:00 0 
87d00000-87def000 rw-p 00000000 00:00 0 
87def000-87e00000 ---p 00000000 00:00 0 
87e00000-87f00000 rw-p 00000000 00:00 0 
87f00000-87fe9000 rw-p 00000000 00:00 0 
87fe9000-88000000 ---p 00000000 00:00 0 
88000000-880fe000 rw-p 00000000 00:00 0 
880fe000-88100000 ---p 00000000 00:00 0 
88100000-881f9000 rw-p 00000000 00:00 0 
881f9000-88200000 ---p 00000000 00:00 0 
88200000-882e1000 rw-p 00000000 00:00 0 
882e1000-88300000 ---p 00000000 00:00 0 
88300000-883f7000 rw-p 00000000 00:00 0 
883f7000-88400000 ---p 00000000 00:00 0 
88400000-884fa000 rw-p 00000000 00:00 0 
884fa000-88500000 ---p 00000000 00:00 0 
88500000-88600000 rw-p 00000000 00:00 0 
88600000-886fe000 rw-p 00000000 00:00 0 
886fe000-88700000 ---p 00000000 00:00 0 
88700000-887e9000 rw-p 00000000 00:00 0 
887e9000-88800000 ---p 00000000 00:00 0 
88800000-88900000 rw-p 00000000 00:00 0 
88900000-889fb000 rw-p 00000000 00:00 0 
889fb000-88a00000 ---p 00000000 00:00 0 
88a00000-88ae9000 rw-p 00000000 00:00 0 
88ae9000-88b00000 ---p 00000000 00:00 0 
88b00000-88bfe000 rw-p 00000000 00:00 0 
88bfe000-88c00000 ---p 00000000 00:00 0 
88c00000-88cfe000 rw-p 00000000 00:00 0 
88cfe000-88d00000 ---p 00000000 00:00 0 
88d00000-88df0000 rw-p 00000000 00:00 0 
88df0000-88e00000 ---p 00000000 00:00 0 
88e00000-88ef4000 rw-p 00000000 00:00 0 
88ef4000-88f00000 ---p 00000000 00:00 0 
89000000-890f7000 rw-p 00000000 00:00 0 
890f7000-89100000 ---p 00000000 00:00 0 
89100000-891f7000 rw-p 00000000 00:00 0 
891f7000-89200000 ---p 00000000 00:00 0 
89200000-893f9000 rw-p 00000000 00:00 0 
893f9000-89400000 ---p 00000000 00:00 0 
89400000-894fe000 rw-p 00000000 00:00 0 
894fe000-89500000 ---p 00000000 00:00 0 
89500000-895e9000 rw-p 00000000 00:00 0 
895e9000-89600000 ---p 00000000 00:00 0 
89600000-896fc000 rw-p 00000000 00:00 0 
896fc000-89700000 ---p 00000000 00:00 0 
89700000-897ec000 rw-p 00000000 00:00 0 
897ec000-89800000 ---p 00000000 00:00 0 
89800000-89a00000 rw-p 00000000 00:00 0 
89a00000-89af2000 rw-p 00000000 00:00 0 
89af2000-89b00000 ---p 00000000 00:00 0 
89b00000-89c00000 rw-p 00000000 00:00 0 
89c00000-89ef9000 rw-p 00000000 00:00 0 
89ef9000-89f00000 ---p 00000000 00:00 0 
89f00000-89ff6000 rw-p 00000000 00:00 0 
89ff6000-8a000000 ---p 00000000 00:00 0 
8a000000-8a0fb000 rw-p 00000000 00:00 0 
8a0fb000-8a100000 ---p 00000000 00:00 0 
8a100000-8a1f9000 rw-p 00000000 00:00 0 
8a1f9000-8a200000 ---p 00000000 00:00 0 
8a200000-8a300000 rw-p 00000000 00:00 0 
8a300000-8a3fa000 rw-p 00000000 00:00 0 
8a3fa000-8a400000 ---p 00000000 00:00 0 
8a400000-8a4f9000 rw-p 00000000 00:00 0 
8a4f9000-8a500000 ---p 00000000 00:00 0 
8a500000-8a5fa000 rw-p 00000000 00:00 0 
8a5fa000-8a600000 ---p 00000000 00:00 0 
8a600000-8a6fe000 rw-p 00000000 00:00 0 
8a6fe000-8a700000 ---p 00000000 00:00 0 
8a700000-8a7ff000 rw-p 00000000 00:00 0 
8a7ff000-8a800000 ---p 00000000 00:00 0 
8a80d000-8a810000 ---p 00000000 00:00 0 
8a810000-8a85e000 rw-p 00000000 00:00 0 
8a85e000-8a861000 ---p 00000000 00:00 0 
8a861000-8a8af000 rw-p 00000000 00:00 0 
8a8af000-8a8b2000 ---p 00000000 00:00 0 
8a8b2000-8a900000 rw-p 00000000 00:00 0 
8a900000-8aa00000 rw-p 00000000 00:00 0 
8aa00000-8aaff000 rw-p 00000000 00:00 0 
8aaff000-8ab00000 ---p 00000000 00:00 0 
8ab00000-8abfb000 rw-p 00000000 00:00 0 
8abfb000-8ac00000 ---p 00000000 00:00 0 
8ac00000-8ad00000 rw-p 00000000 00:00 0 
8ad00000-8adf3000 rw-p 00000000 00:00 0 
8adf3000-8ae00000 ---p 00000000 00:00 0 
8ae3b000-8ae3e000 ---p 00000000 00:00 0 
8ae3e000-8ae8c000 rw-p 00000000 00:00 0 
8ae8c000-8b000000 r--s 0198d000 08:01 2492430    /opt/gwt-2.4.0/gwt-dev.jar
8b000000-8b0ff000 rw-p 00000000 00:00 0 
8b0ff000-8b100000 ---p 00000000 00:00 0 
8b109000-8b10f000 r--s 000fc000 08:01 657489     /usr/lib/jvm/java-1.6.0-openjdk-1.6.0.0/jre/lib/resources.jar
8b10f000-8b112000 r--s 00000000 08:01 9701425    /var/cache/fontconfig/87f5e051180a7a75f16eb6fe7dbd3749-le32d4.cache-3
8b112000-8b118000 r--s 00000000 08:01 9701421    /var/cache/fontconfig/b79f3aaa7d385a141ab53ec885cc22a8-le32d4.cache-3
8b118000-8b1fe000 r--s 00b59000 08:01 2492431    /opt/gwt-2.4.0/gwt-user.jar
8b1fe000-8b1ff000 ---p 00000000 00:00 0 
8b1ff000-8b27f000 rw-p 00000000 00:00 0 
8b27f000-8b282000 ---p 00000000 00:00 0 
8b282000-8b300000 rw-p 00000000 00:00 0 
8b300000-8b500000 r--p 00000000 08:01 17973982   /usr/lib/locale/locale-archive
8b500000-8b521000 rw-p 00000000 00:00 0 
8b521000-8b600000 ---p 00000000 00:00 0 
8b602000-8b604000 r--s 00000000 08:01 9701350    /var/cache/fontconfig/0b1bcc92b4d25cc154d77dafe3bceaa0-le32d4.cache-3
8b604000-8b607000 r--s 00000000 08:01 9700990    /var/cache/fontconfig/68fe5182b80ae2709eaaf65e42dcaf33-le32d4.cache-3
8b607000-8b608000 r--s 00000000 08:01 9700987    /var/cache/fontconfig/ac1b9faef01ec4feb36ba76b98842887-le32d4.cache-3
8b608000-8b60a000 r--s 00000000 08:01 9700984    /var/cache/fontconfig/ebb99784de50d4c4223a6523ac9c5d63-le32d4.cache-3
8b60a000-8b60c000 r--s 00000000 08:01 9700078    /var/cache/fontconfig/0c76f5ee3a101157014da521290d0599-le32d4.cache-3
8b60c000-8b60e000 r--s 00000000 08:01 9700270    /var/cache/fontconfig/2e1514a9fdd499050989183bb65136db-le32d4.cache-3
8b60e000-8b610000 r--s 00000000 08:01 9701348    /var/cache/fontconfig/5c755b2f27115486aa6359c84dd3cbda-le32d4.cache-3
8b610000-8b617000 r--s 00000000 08:01 9701202    /var/cache/fontconfig/7ef2298fde41cc6eeb7af42e48b7d293-le32d4.cache-3
8b617000-8b618000 r--s 00000000 08:01 9700268    /var/cache/fontconfig/3f821257dd33660ba7bbb45c32deb84c-le32d4.cache-3
8b618000-8b61a000 r--s 00000000 08:01 9701346    /var/cache/fontconfig/830f035fa84a65ce80e050178dbb630d-le32d4.cache-3
8b61a000-8b61b000 r--s 00000000 08:01 9700269    /var/cache/fontconfig/81a173283b451552b599cfaafd6236bd-le32d4.cache-3
8b61b000-8b61c000 r--s 00000000 08:01 9701343    /var/cache/fontconfig/ac68f755438cc3dc5a526084839fc7ca-le32d4.cache-3
8b61c000-8b61d000 r--s 00000000 08:01 9701342    /var/cache/fontconfig/12513961c6e7090f8648812f9eaf65d6-le32d4.cache-3
8b61d000-8b61f000 r--s 00000000 08:01 9701341    /var/cache/fontconfig/e26bf336397aae6fcef4d3803472adec-le32d4.cache-3
8b61f000-8b620000 r--s 00000000 08:01 9700274    /var/cache/fontconfig/a5c2dc934fad9bbf30c854216245519d-le32d4.cache-3
8b620000-8b621000 r--s 00000000 08:01 9700275    /var/cache/fontconfig/17e60ccdf2eb53b214a9a5d6663eb217-le32d4.cache-3
8b621000-8b622000 r--s 00000000 08:01 9700267    /var/cache/fontconfig/6fcb01a03a016cc71057b587cdea6709-le32d4.cache-3
8b622000-8b623000 r--s 00000000 08:01 9700273    /var/cache/fontconfig/b887eea8f1b96e1d899b44ed6681fc27-le32d4.cache-3
8b623000-8b624000 r--s 00000000 08:01 9701336    /var/cache/fontconfig/860639f272b8b4b3094f9e399e41bccd-le32d4.cache-3
8b624000-8b625000 r--s 00000000 08:01 9701335    /var/cache/fontconfig/211368abcb0ff835c229ff05c9ec01dc-le32d4.cache-3
8b625000-8b626000 r--s 00000000 08:01 9700272    /var/cache/fontconfig/c46020d7221988a13df853d2b46304fc-le32d4.cache-3
8b626000-8b627000 r--s 00000000 08:01 9700277    /var/cache/fontconfig/df893b4576ad6107f9397134092c4059-le32d4.cache-3
8b627000-8b628000 r--s 00000000 08:01 9701332    /var/cache/fontconfig/900402270e15d763a6e008bb2d4c7686-le32d4.cache-3
8b628000-8b629000 r--s 00000000 08:01 9700271    /var/cache/fontconfig/47f48679023f44a4d1e44699a69464f6-le32d4.cache-3
8b629000-8b62a000 r--s 00000000 08:01 9701330    /var/cache/fontconfig/2881ed3fd21ca306ddad6f9b0dd3189f-le32d4.cache-3
8b62a000-8b62e000 r--s 00000000 08:01 9701208    /var/cache/fontconfig/b67b32625a2bb51b023d3814a918f351-le32d4.cache-3
8b62e000-8b631000 ---p 00000000 00:00 0 
8b631000-8b67f000 rw-p 00000000 00:00 0 
8b67f000-8b682000 ---p 00000000 00:00 0 
8b682000-8b700000 rw-p 00000000 00:00 0 
8b700000-8b7fe000 rw-p 00000000 00:00 0 
8b7fe000-8b800000 ---p 00000000 00:00 0 
8b800000-8b801000 r--s 00000000 08:01 9701329    /var/cache/fontconfig/3c3fb04d32a5211b073874b125d29701-le32d4.cache-3
8b801000-8b802000 r--s 00000000 08:01 9701328    /var/cache/fontconfig/e61abf8156cc476151baa07d67337cae-le32d4.cache-3
8b802000-8b81a000 r--s 00000000 08:01 5117790    /home/edward/.fontconfig/7fdbf32d5f35a87fa18260af37512ebd-le32d4.cache-3
8b81a000-8b81d000 ---p 00000000 00:00 0 
8b81d000-8b86b000 rw-p 00000000 00:00 0 
8b86b000-8b86e000 ---p 00000000 00:00 0 
8b86e000-8b8bc000 rw-p 00000000 00:00 0 
8b8bc000-8b8bd000 ---p 00000000 00:00 0 
8b8bd000-8b970000 rw-p 00000000 00:00 0 
8b970000-8bb00000 r--s 038c1000 08:01 657491     /usr/lib/jvm/java-1.6.0-openjdk-1.6.0.0/jre/lib/rt.jar
8bb00000-8bbf9000 rw-p 00000000 00:00 0 
8bbf9000-8bc00000 ---p 00000000 00:00 0 
8bc00000-8bc01000 r--s 00000000 08:01 9701326    /var/cache/fontconfig/d3379abda271c4acd2ad0c01f565d0b0-le32d4.cache-3
8bc01000-8bc02000 r--s 00000000 08:01 9701325    /var/cache/fontconfig/b4d0b56f766d89640448751fcd18ec1e-le32d4.cache-3
8bc02000-8bc09000 r--s 00000000 08:01 9701324    /var/cache/fontconfig/12b26b760a24f8b4feb03ad48a333a72-le32d4.cache-3
8bc09000-8bc0b000 r--s 00000000 08:01 9700137    /var/cache/fontconfig/e3ead4b767b8819993a6fa3ae306afa9-le32d4.cache-3
8bc0b000-8bc0e000 r--s 00000000 08:01 9701425    /var/cache/fontconfig/87f5e051180a7a75f16eb6fe7dbd3749-le32d4.cache-3
8bc0e000-8bc14000 r--s 00000000 08:01 9701421    /var/cache/fontconfig/b79f3aaa7d385a141ab53ec885cc22a8-le32d4.cache-3
8bc14000-8bc16000 r--s 00000000 08:01 9701350    /var/cache/fontconfig/0b1bcc92b4d25cc154d77dafe3bceaa0-le32d4.cache-3
8bc16000-8bc19000 r--s 00000000 08:01 9700990    /var/cache/fontconfig/68fe5182b80ae2709eaaf65e42dcaf33-le32d4.cache-3
8bc19000-8bc1a000 r--s 00000000 08:01 9700987    /var/cache/fontconfig/ac1b9faef01ec4feb36ba76b98842887-le32d4.cache-3
8bc1a000-8bc1c000 r--s 00000000 08:01 9700984    /var/cache/fontconfig/ebb99784de50d4c4223a6523ac9c5d63-le32d4.cache-3
8bc1c000-8bc1e000 r--s 00000000 08:01 9700078    /var/cache/fontconfig/0c76f5ee3a101157014da521290d0599-le32d4.cache-3
8bc1e000-8bc20000 r--s 00000000 08:01 9700270    /var/cache/fontconfig/2e1514a9fdd499050989183bb65136db-le32d4.cache-3
8bc20000-8bc22000 r--s 00000000 08:01 9701348    /var/cache/fontconfig/5c755b2f27115486aa6359c84dd3cbda-le32d4.cache-3
8bc22000-8bc29000 r--s 00000000 08:01 9701202    /var/cache/fontconfig/7ef2298fde41cc6eeb7af42e48b7d293-le32d4.cache-3
8bc29000-8bc2a000 r--s 00000000 08:01 9700268    /var/cache/fontconfig/3f821257dd33660ba7bbb45c32deb84c-le32d4.cache-3
8bc2a000-8bc2c000 r--s 00000000 08:01 9701346    /var/cache/fontconfig/830f035fa84a65ce80e050178dbb630d-le32d4.cache-3
8bc2c000-8bc2d000 r--s 00000000 08:01 9700269    /var/cache/fontconfig/81a173283b451552b599cfaafd6236bd-le32d4.cache-3
8bc2d000-8bc2e000 r--s 00000000 08:01 9701343    /var/cache/fontconfig/ac68f755438cc3dc5a526084839fc7ca-le32d4.cache-3
8bc2e000-8bc31000 ---p 00000000 00:00 0 
8bc31000-8bc7f000 rw-p 00000000 00:00 0 
8bc7f000-8bc80000 ---p 00000000 00:00 0 
8bc80000-8bd00000 rw-p 00000000 00:00 0 
8bd00000-8bd21000 rw-p 00000000 00:00 0 
8bd21000-8be00000 ---p 00000000 00:00 0 
8be00000-8be01000 r--s 00000000 08:01 9701342    /var/cache/fontconfig/12513961c6e7090f8648812f9eaf65d6-le32d4.cache-3
8be01000-8be03000 r--s 00000000 08:01 9701341    /var/cache/fontconfig/e26bf336397aae6fcef4d3803472adec-le32d4.cache-3
8be03000-8be04000 r--s 00000000 08:01 9700274    /var/cache/fontconfig/a5c2dc934fad9bbf30c854216245519d-le32d4.cache-3
8be04000-8be05000 r--s 00000000 08:01 9700275    /var/cache/fontconfig/17e60ccdf2eb53b214a9a5d6663eb217-le32d4.cache-3
8be05000-8be06000 r--s 00000000 08:01 9700267    /var/cache/fontconfig/6fcb01a03a016cc71057b587cdea6709-le32d4.cache-3
8be06000-8be07000 r--s 00000000 08:01 9700273    /var/cache/fontconfig/b887eea8f1b96e1d899b44ed6681fc27-le32d4.cache-3
8be07000-8be08000 r--s 00000000 08:01 9701336    /var/cache/fontconfig/860639f272b8b4b3094f9e399e41bccd-le32d4.cache-3
8be08000-8be09000 r--s 00000000 08:01 9701335    /var/cache/fontconfig/211368abcb0ff835c229ff05c9ec01dc-le32d4.cache-3
8be09000-8be0a000 r--s 00000000 08:01 9700272    /var/cache/fontconfig/c46020d7221988a13df853d2b46304fc-le32d4.cache-3
8be0a000-8be0b000 r--s 00000000 08:01 9700277    /var/cache/fontconfig/df893b4576ad6107f9397134092c4059-le32d4.cache-3
8be0b000-8be0c000 r--s 00000000 08:01 9701332    /var/cache/fontconfig/900402270e15d763a6e008bb2d4c7686-le32d4.cache-3
8be0c000-8be0d000 r--s 00000000 08:01 9700271    /var/cache/fontconfig/47f48679023f44a4d1e44699a69464f6-le32d4.cache-3
8be0d000-8be0e000 r--s 00000000 08:01 9701330    /var/cache/fontconfig/2881ed3fd21ca306ddad6f9b0dd3189f-le32d4.cache-3
8be0e000-8be0f000 r--s 00000000 08:01 9701329    /var/cache/fontconfig/3c3fb04d32a5211b073874b125d29701-le32d4.cache-3
8be0f000-8be16000 r--s 00000000 08:01 9701324    /var/cache/fontconfig/12b26b760a24f8b4feb03ad48a333a72-le32d4.cache-3
8be16000-8be2e000 r--s 00000000 08:01 5117790    /home/edward/.fontconfig/7fdbf32d5f35a87fa18260af37512ebd-le32d4.cache-3
8be2e000-8be31000 ---p 00000000 00:00 0 
8be31000-8be7f000 rw-p 00000000 00:00 0 
8be7f000-8be80000 ---p 00000000 00:00 0 
8be80000-8bf00000 rw-p 00000000 00:00 0 
8bf00000-8bf21000 rw-p 00000000 00:00 0 
8bf21000-8c000000 ---p 00000000 00:00 0 
8c000000-8c001000 r--s 00000000 08:01 9701328    /var/cache/fontconfig/e61abf8156cc476151baa07d67337cae-le32d4.cache-3
8c001000-8c005000 r--s 00000000 08:01 9701208    /var/cache/fontconfig/b67b32625a2bb51b023d3814a918f351-le32d4.cache-3
8c005000-8c007000 r--s 00000000 08:01 9700137    /var/cache/fontconfig/e3ead4b767b8819993a6fa3ae306afa9-le32d4.cache-3
8c007000-8c00a000 r--s 00038000 08:01 919479     /usr/lib/jvm/java-1.6.0-openjdk-1.6.0.0/jre/lib/ext/sunpkcs11.jar
8c00a000-8c00c000 r--s 00001000 08:01 919472     /usr/lib/jvm/java-1.6.0-openjdk-1.6.0.0/jre/lib/ext/dnsns.jar
8c00c000-8c00f000 r--s 00077000 08:01 919475     /usr/lib/jvm/java-1.6.0-openjdk-1.6.0.0/jre/lib/ext/localedata.jar
8c00f000-8c01a000 r--s 00080000 08:01 6955010    /home/edward/workspace/final_test/MediaElection2/lib/gwtquery-1.1.1-20120218.170746-9.jar
8c01a000-8c02e000 r--s 000a5000 08:01 6955009    /home/edward/workspace/final_test/MediaElection2/lib/gwt-maps.jar
8c02e000-8c031000 ---p 00000000 00:00 0 
8c031000-8c07f000 rw-p 00000000 00:00 0 
8c07f000-8c080000 ---p 00000000 00:00 0 
8c080000-8c100000 rw-p 00000000 00:00 0 
8c100000-8c181000 rw-p 00000000 00:00 0 
8c181000-8c200000 ---p 00000000 00:00 0 
8c200000-8c203000 r--s 00031000 08:01 919478     /usr/lib/jvm/java-1.6.0-openjdk-1.6.0.0/jre/lib/ext/sunjce_provider.jar
8c203000-8c20a000 r--s 000ba000 08:01 6957959    /home/edward/workspace/final_test/MediaElection2/war/WEB-INF/lib/mysql-connector-java-5.1.18-bin.jar
8c20a000-8c210000 r--s 00033000 08:01 6957958    /home/edward/workspace/final_test/MediaElection2/war/WEB-INF/lib/commons-codec-1.6.jar
8c210000-8c23e000 rw-p 00000000 00:00 0 
8c23e000-8c23f000 ---p 00000000 00:00 0 
8c23f000-8c2cf000 rw-p 00000000 00:00 0 
8c2cf000-8c2ff000 rw-p 00000000 00:00 0 
8c2ff000-8c30f000 rw-p 00000000 00:00 0 
8c30f000-8c33f000 rw-p 00000000 00:00 0 
8c33f000-8c396000 rw-p 00000000 00:00 0 
8c396000-8c3e9000 rw-p 00000000 00:00 0 
8c3e9000-8c43e000 rw-p 00000000 00:00 0 
8c43e000-8c43f000 ---p 00000000 00:00 0 
8c43f000-8e440000 rw-p 00000000 00:00 0 
8e440000-94440000 rw-p 00000000 00:00 0 
94440000-9f220000 rw-p 00000000 00:00 0 
9f220000-a99a0000 rw-p 00000000 00:00 0 
a99a0000-b4180000 rw-p 00000000 00:00 0 
b4180000-b4440000 ---p 00000000 00:00 0 
b4440000-b4458000 rw-p 00000000 00:00 0 
b4458000-b4500000 rw-p 00000000 00:00 0 
b4500000-b4af0000 rwxp 00000000 00:00 0 
b4af0000-b75fd000 rw-p 00000000 00:00 0 
b75fd000-b7600000 ---p 00000000 00:00 0 
b7600000-b7601000 r--s 00000000 08:01 9701326    /var/cache/fontconfig/d3379abda271c4acd2ad0c01f565d0b0-le32d4.cache-3
b7601000-b7605000 r--s 0007c000 08:01 657479     /usr/lib/jvm/java-1.6.0-openjdk-1.6.0.0/jre/lib/jsse.jar
b7605000-b765c000 rw-p 00000000 00:00 0 
b765c000-b76b0000 rw-p 00000000 00:00 0 
b76b0000-b76b3000 ---p 00000000 00:00 0 
b76b3000-b7703000 rw-p 00000000 00:00 0 
b7703000-b7704000 r--s 00000000 08:01 9701325    /var/cache/fontconfig/b4d0b56f766d89640448751fcd18ec1e-le32d4.cache-3
b7704000-b7707000 r--s 00009000 08:01 2492445    /opt/gwt-2.4.0/validation-api-1.0.0.GA.jar
b7707000-b7709000 r--s 0000e000 08:01 2492446    /opt/gwt-2.4.0/validation-api-1.0.0.GA-sources.jar
b7709000-b770c000 r--s 0000f000 08:01 919477     /usr/lib/jvm/java-1.6.0-openjdk-1.6.0.0/jre/lib/ext/pulse-java.jar
b770c000-b7715000 r--s 00065000 08:01 919474     /usr/lib/jvm/java-1.6.0-openjdk-1.6.0.0/jre/lib/ext/gnome-java-bridge.jar
b7715000-b7717000 r--s 0001d000 08:01 657486     /usr/lib/jvm/java-1.6.0-openjdk-1.6.0.0/jre/lib/plugin.jar
b7717000-b771c000 r--s 00044000 08:01 657485     /usr/lib/jvm/java-1.6.0-openjdk-1.6.0.0/jre/lib/netx.jar
b771c000-b7724000 rw-s 00000000 08:01 18227860   /tmp/hsperfdata_edward/11705
b7724000-b7725000 rw-p 00000000 00:00 0 
b7725000-b7726000 r--p 00000000 00:00 0 
b7726000-b7727000 rw-p 00000000 00:00 0 
bfe0a000-bfe2b000 rw-p 00000000 00:00 0          [stack]

VM Arguments:
jvm_args: -Xmx512m 
java_command: com.google.gwt.dev.Compiler -logLevel INFO -style OBFUSCATED -war /home/edward/workspace/final_test/MediaElection2/war com.beta.election.media.MediaElection2
Launcher Type: SUN_STANDARD

Environment Variables:
CLASSPATH=/home/edward/workspace/final_test/MediaElection2/src:/home/edward/workspace/final_test/MediaElection2/test-classes:/home/edward/workspace/final_test/MediaElection2/war/WEB-INF/classes:/opt/gwt-2.4.0/gwt-user.jar:/opt/gwt-2.4.0/gwt-dev.jar:/opt/gwt-2.4.0/validation-api-1.0.0.GA-sources.jar:/opt/gwt-2.4.0/validation-api-1.0.0.GA.jar:/home/edward/workspace/final_test/MediaElection2/war/WEB-INF/lib/commons-codec-1.6.jar:/home/edward/workspace/final_test/MediaElection2/war/WEB-INF/lib/mysql-connector-java-5.1.18-bin.jar:/home/edward/workspace/final_test/MediaElection2/lib/gwt-maps.jar:/home/edward/workspace/final_test/MediaElection2/lib/gwtquery-1.1.1-20120218.170746-9.jar:/opt/gwt-2.4.0/gwt-dev.jar
PATH=/usr/lib/qt-3.3/bin:/usr/lib/ccache:/usr/local/bin:/usr/bin:/bin:/usr/local/sbin:/usr/sbin:/sbin:/opt/gwt-2.4.0:/opt/jdk1.6.0_11/bin:/home/edward/bin:/opt/jdk1.6.0_11/bin
USERNAME=edward
LD_LIBRARY_PATH=/usr/lib/jvm/java-1.6.0-openjdk-1.6.0.0/jre/lib/i386/server:/usr/lib/jvm/java-1.6.0-openjdk-1.6.0.0/jre/lib/i386:/usr/lib/jvm/java-1.6.0-openjdk-1.6.0.0/jre/../lib/i386:/usr/lib/jvm/java-1.6.0-openjdk-1.6.0.0/jre/lib/i386/client:/usr/lib/jvm/java-1.6.0-openjdk-1.6.0.0/jre/lib/i386:
SHELL=/bin/bash
DISPLAY=:0.0

Signal Handlers:
SIGSEGV: [libjvm.so+0x64f880], sa_mask[0]=0x7ffbfeff, sa_flags=0x10000004
SIGBUS: [libjvm.so+0x64f880], sa_mask[0]=0x7ffbfeff, sa_flags=0x10000004
SIGFPE: [libjvm.so+0x517210], sa_mask[0]=0x7ffbfeff, sa_flags=0x10000004
SIGPIPE: [libjvm.so+0x517210], sa_mask[0]=0x7ffbfeff, sa_flags=0x10000004
SIGXFSZ: [libjvm.so+0x517210], sa_mask[0]=0x7ffbfeff, sa_flags=0x10000004
SIGILL: [libjvm.so+0x517210], sa_mask[0]=0x7ffbfeff, sa_flags=0x10000004
SIGUSR1: SIG_DFL, sa_mask[0]=0x00000000, sa_flags=0x00000000
SIGUSR2: [libjvm.so+0x517080], sa_mask[0]=0x00000004, sa_flags=0x10000004
SIGHUP: [libjvm.so+0x519c40], sa_mask[0]=0x7ffbfeff, sa_flags=0x10000004
SIGINT: [libjvm.so+0x519c40], sa_mask[0]=0x7ffbfeff, sa_flags=0x10000004
SIGTERM: [libjvm.so+0x519c40], sa_mask[0]=0x7ffbfeff, sa_flags=0x10000004
SIGQUIT: [libjvm.so+0x519c40], sa_mask[0]=0x7ffbfeff, sa_flags=0x10000004


---------------  S Y S T E M  ---------------

OS:Fedora release 14 (Laughlin)

uname:Linux 2.6.35.12-90.fc14.i686 #1 SMP Fri Apr 22 16:14:44 UTC 2011 i686
libc:glibc 2.13 NPTL 2.13 
rlimit: STACK 8192k, CORE 0k, NPROC 1024, NOFILE 1024, AS infinity
load average:0.59 0.20 0.16

/proc/meminfo:
MemTotal:        3540668 kB
MemFree:          142668 kB
Buffers:           34864 kB
Cached:          1146520 kB
SwapCached:         8104 kB
Active:          2274108 kB
Inactive:         999200 kB
Active(anon):    1872052 kB
Inactive(anon):   584684 kB
Active(file):     402056 kB
Inactive(file):   414516 kB
Unevictable:          16 kB
Mlocked:              16 kB
HighTotal:       2694840 kB
HighFree:           3308 kB
LowTotal:         845828 kB
LowFree:          139360 kB
SwapTotal:      10489852 kB
SwapFree:       10436964 kB
Dirty:              1024 kB
Writeback:             0 kB
AnonPages:       2085720 kB
Mapped:           207760 kB
Shmem:            364660 kB
Slab:              62860 kB
SReclaimable:      40664 kB
SUnreclaim:        22196 kB
KernelStack:        4864 kB
PageTables:        14744 kB
NFS_Unstable:          0 kB
Bounce:                0 kB
WritebackTmp:          0 kB
CommitLimit:    12260184 kB
Committed_AS:    5376328 kB
VmallocTotal:     122880 kB
VmallocUsed:       42260 kB
VmallocChunk:      21512 kB
HardwareCorrupted:     0 kB
HugePages_Total:       0
HugePages_Free:        0
HugePages_Rsvd:        0
HugePages_Surp:        0
Hugepagesize:       4096 kB
DirectMap4k:       20472 kB
DirectMap4M:      880640 kB


CPU:total 4 (2 cores per cpu, 2 threads per core) family 6 model 37 stepping 5, cmov, cx8, fxsr, mmx, sse, sse2, sse3, ssse3, sse4.1, sse4.2, popcnt, ht

Memory: 4k page, physical 3540668k(142668k free), swap 10489852k(10436964k free)

vm_info: OpenJDK Server VM (19.0-b09) for linux-x86 JRE (1.6.0_20-b20), built on Feb 15 2011 23:54:33 by "mockbuild" with gcc 4.5.1 20100924 (Red Hat 4.5.1-4)

time: Mon Oct 15 19:12:53 2012
elapsed time: 17 seconds

