#
# A fatal error has been detected by the Java Runtime Environment:
#
#  SIGSEGV (0xb) at pc=0xb470673b, pid=3338, tid=3078138736
#
# JRE version: 6.0_20-b20
# Java VM: OpenJDK Server VM (19.0-b09 mixed mode linux-x86 )
# Derivative: IcedTea6 1.9.7
# Distribution: Fedora release 14 (Laughlin), package fedora-52.1.9.7.fc14-i386
# Problematic frame:
# J  org.eclipse.jdt.internal.compiler.parser.Parser.parse()V
#
# If you would like to submit a bug report, please include
# instructions how to reproduce the bug and visit:
#   http://icedtea.classpath.org/bugzilla
#

---------------  T H R E A D  ---------------

Current thread (0xb7605800):  JavaThread "main" [_thread_in_Java, id=3340, stack(0xb773a000,0xb778b000)]

siginfo:si_signo=SIGSEGV: si_errno=0, si_code=128 (), si_addr=0x00000000

Registers:
EAX=0x00001faf, EBX=0x0000328a, ECX=0xaf645fe0, EDX=0x00000036
ESP=0xb7789800, EBP=0x0000000a, ESI=0x00001e53, EDI=0x00001e89
EIP=0xb470673b, CR2=0x00000004, EFLAGS=0x00010212

Register to memory mapping:

EAX=0x00001faf
0x00001faf is pointing to unknown location

EBX=0x0000328a
0x0000328a is pointing to unknown location

ECX=0xaf645fe0

[error occurred during error reporting (printing registers, top of stack, instructions near pc), id 0xe0000000]

Stack: [0xb773a000,0xb778b000],  sp=0xb7789800,  free space=318k
Native frames: (J=compiled Java code, j=interpreted, Vv=VM code, C=native code)
J  org.eclipse.jdt.internal.compiler.parser.Parser.parse()V


---------------  P R O C E S S  ---------------

Java Threads: ( => current thread )
  0x8a830400 JavaThread "Java2D Disposer" daemon [_thread_blocked, id=3359, stack(0x8a7af000,0x8a800000)]
  0x8b149800 JavaThread "UnitWriteThread" daemon [_thread_blocked, id=3357, stack(0x8ad5e000,0x8adaf000)]
  0x8b111c00 JavaThread "com.google.gwt.thirdparty.guava.common.base.internal.Finalizer" daemon [_thread_blocked, id=3355, stack(0x8adaf000,0x8ae00000)]
  0x8c119c00 JavaThread "Timer-0" daemon [_thread_blocked, id=3354, stack(0x8b72e000,0x8b77f000)]
  0xb76c8000 JavaThread "Low Memory Detector" daemon [_thread_blocked, id=3351, stack(0x8b91a000,0x8b96b000)]
  0xb76c6400 JavaThread "CompilerThread1" daemon [_thread_in_native, id=3350, stack(0x8b37f000,0x8b400000)]
  0xb76c4400 JavaThread "CompilerThread0" daemon [_thread_in_native, id=3349, stack(0x8b77f000,0x8b800000)]
  0xb76c2c00 JavaThread "Signal Dispatcher" daemon [_thread_blocked, id=3348, stack(0x8bd2e000,0x8bd7f000)]
  0xb76b3800 JavaThread "Finalizer" daemon [_thread_blocked, id=3347, stack(0x8c02e000,0x8c07f000)]
  0xb76b2000 JavaThread "Reference Handler" daemon [_thread_blocked, id=3346, stack(0x8b96b000,0x8b9bc000)]
=>0xb7605800 JavaThread "main" [_thread_in_Java, id=3340, stack(0xb773a000,0xb778b000)]

Other Threads:
  0xb76ae000 VMThread [stack: 0x8b9bc000,0x8ba3d000] [id=3345]
  0xb76ca000 WatcherThread [stack: 0x8b2fe000,0x8b37f000] [id=3352]

VM state:not at safepoint (normal execution)

VM Mutex/Monitor currently owned by a thread: None

Heap
 PSYoungGen      total 116480K, used 78460K [0xa9aa0000, 0xb4540000, 0xb4540000)
  eden space 58240K, 68% used [0xa9aa0000,0xac1d72f0,0xad380000)
  from space 58240K, 65% used [0xad380000,0xaf8e7fb8,0xb0c60000)
  to   space 58240K, 0% used [0xb0c60000,0xb0c60000,0xb4540000)
 PSOldGen        total 126720K, used 75114K [0x94540000, 0x9c100000, 0xa9aa0000)
  object space 126720K, 59% used [0x94540000,0x98e9ab58,0x9c100000)
 PSPermGen       total 26368K, used 14959K [0x8c540000, 0x8df00000, 0x94540000)
  object space 26368K, 56% used [0x8c540000,0x8d3dbf80,0x8df00000)

Dynamic libraries:
00101000-00115000 r-xp 00000000 08:01 17569129   /lib/libz.so.1.2.5
00115000-00116000 rw-p 00013000 08:01 17569129   /lib/libz.so.1.2.5
00116000-0013e000 r-xp 00000000 08:01 17569123   /lib/libm-2.13.so
0013e000-0013f000 r--p 00027000 08:01 17569123   /lib/libm-2.13.so
0013f000-00140000 rw-p 00028000 08:01 17569123   /lib/libm-2.13.so
00140000-00147000 r-xp 00000000 08:01 17569124   /lib/librt-2.13.so
00147000-00148000 r--p 00006000 08:01 17569124   /lib/librt-2.13.so
00148000-00149000 rw-p 00007000 08:01 17569124   /lib/librt-2.13.so
00149000-0014f000 r-xp 00000000 08:01 1191207    /usr/lib/jvm/java-1.6.0-openjdk-1.6.0.0/jre/lib/i386/native_threads/libhpi.so
0014f000-00150000 rw-p 00006000 08:01 1191207    /usr/lib/jvm/java-1.6.0-openjdk-1.6.0.0/jre/lib/i386/native_threads/libhpi.so
00150000-00156000 r-xp 00000000 08:01 919512     /usr/lib/jvm/java-1.6.0-openjdk-1.6.0.0/jre/lib/i386/libzip.so
00156000-00157000 rw-p 00005000 08:01 919512     /usr/lib/jvm/java-1.6.0-openjdk-1.6.0.0/jre/lib/i386/libzip.so
00157000-001d7000 r-xp 00000000 08:01 919483     /usr/lib/jvm/java-1.6.0-openjdk-1.6.0.0/jre/lib/i386/libawt.so
001d7000-001de000 rw-p 00080000 08:01 919483     /usr/lib/jvm/java-1.6.0-openjdk-1.6.0.0/jre/lib/i386/libawt.so
001de000-00202000 rw-p 00000000 00:00 0 
00202000-00206000 r-xp 00000000 08:01 1052744    /usr/lib/jvm/java-1.6.0-openjdk-1.6.0.0/jre/lib/i386/headless/libmawt.so
00206000-00207000 rw-p 00004000 08:01 1052744    /usr/lib/jvm/java-1.6.0-openjdk-1.6.0.0/jre/lib/i386/headless/libmawt.so
00207000-00223000 r-xp 00000000 08:01 17564434   /lib/libgcc_s-4.5.1-20100924.so.1
00223000-00224000 rw-p 0001b000 08:01 17564434   /lib/libgcc_s-4.5.1-20100924.so.1
00224000-0022b000 r-xp 00000000 08:01 919504     /usr/lib/jvm/java-1.6.0-openjdk-1.6.0.0/jre/lib/i386/libnio.so
0022b000-0022c000 rw-p 00006000 08:01 919504     /usr/lib/jvm/java-1.6.0-openjdk-1.6.0.0/jre/lib/i386/libnio.so
00360000-00366000 r-xp 00000000 08:01 919501     /usr/lib/jvm/java-1.6.0-openjdk-1.6.0.0/jre/lib/i386/libmanagement.so
00366000-00367000 rw-p 00005000 08:01 919501     /usr/lib/jvm/java-1.6.0-openjdk-1.6.0.0/jre/lib/i386/libmanagement.so
003a2000-003b5000 r-xp 00000000 08:01 919503     /usr/lib/jvm/java-1.6.0-openjdk-1.6.0.0/jre/lib/i386/libnet.so
003b5000-003b6000 rw-p 00013000 08:01 919503     /usr/lib/jvm/java-1.6.0-openjdk-1.6.0.0/jre/lib/i386/libnet.so
00427000-00449000 r-xp 00000000 08:01 919492     /usr/lib/jvm/java-1.6.0-openjdk-1.6.0.0/jre/lib/i386/libjava.so
00449000-0044b000 rw-p 00022000 08:01 919492     /usr/lib/jvm/java-1.6.0-openjdk-1.6.0.0/jre/lib/i386/libjava.so
0047e000-0050c000 r-xp 00000000 08:01 17960414   /usr/lib/libfreetype.so.6.6.0
0050c000-00510000 rw-p 0008d000 08:01 17960414   /usr/lib/libfreetype.so.6.6.0
0065f000-00660000 r-xp 00000000 00:00 0          [vdso]
0084d000-00858000 r-xp 00000000 08:01 17564375   /lib/libnss_files-2.13.so
00858000-00859000 r--p 0000a000 08:01 17564375   /lib/libnss_files-2.13.so
00859000-0085a000 rw-p 0000b000 08:01 17564375   /lib/libnss_files-2.13.so
009c0000-009cb000 r-xp 00000000 08:01 919511     /usr/lib/jvm/java-1.6.0-openjdk-1.6.0.0/jre/lib/i386/libverify.so
009cb000-009cc000 rw-p 0000b000 08:01 919511     /usr/lib/jvm/java-1.6.0-openjdk-1.6.0.0/jre/lib/i386/libverify.so
00b3b000-00b81000 r-xp 00000000 08:01 919485     /usr/lib/jvm/java-1.6.0-openjdk-1.6.0.0/jre/lib/i386/libfontmanager.so
00b81000-00b83000 rw-p 00046000 08:01 919485     /usr/lib/jvm/java-1.6.0-openjdk-1.6.0.0/jre/lib/i386/libfontmanager.so
00b83000-00b88000 rw-p 00000000 00:00 0 
00bc9000-00be6000 r-xp 00000000 08:01 17564404   /lib/ld-2.13.so
00be6000-00be7000 r--p 0001c000 08:01 17564404   /lib/ld-2.13.so
00be7000-00be8000 rw-p 0001d000 08:01 17564404   /lib/ld-2.13.so
00bea000-00d6d000 r-xp 00000000 08:01 17564884   /lib/libc-2.13.so
00d6d000-00d6e000 ---p 00183000 08:01 17564884   /lib/libc-2.13.so
00d6e000-00d70000 r--p 00183000 08:01 17564884   /lib/libc-2.13.so
00d70000-00d71000 rw-p 00185000 08:01 17564884   /lib/libc-2.13.so
00d71000-00d74000 rw-p 00000000 00:00 0 
00d76000-00d79000 r-xp 00000000 08:01 17565217   /lib/libdl-2.13.so
00d79000-00d7a000 r--p 00002000 08:01 17565217   /lib/libdl-2.13.so
00d7a000-00d7b000 rw-p 00003000 08:01 17565217   /lib/libdl-2.13.so
00d7d000-00d94000 r-xp 00000000 08:01 17565559   /lib/libpthread-2.13.so
00d94000-00d95000 r--p 00016000 08:01 17565559   /lib/libpthread-2.13.so
00d95000-00d96000 rw-p 00017000 08:01 17565559   /lib/libpthread-2.13.so
00d96000-00d98000 rw-p 00000000 00:00 0 
00d9a000-00d9d000 r-xp 00000000 08:01 1179684    /usr/lib/jvm/java-1.6.0-openjdk-1.6.0.0/jre/lib/i386/jli/libjli.so
00d9d000-00d9e000 rw-p 00002000 08:01 1179684    /usr/lib/jvm/java-1.6.0-openjdk-1.6.0.0/jre/lib/i386/jli/libjli.so
00d9e000-0146d000 r-xp 00000000 08:01 1317374    /usr/lib/jvm/java-1.6.0-openjdk-1.6.0.0/jre/lib/i386/server/libjvm.so
0146d000-014c1000 rw-p 006ce000 08:01 1317374    /usr/lib/jvm/java-1.6.0-openjdk-1.6.0.0/jre/lib/i386/server/libjvm.so
014c1000-018e0000 rw-p 00000000 00:00 0 
0597b000-05992000 r-xp 00000000 08:01 17569151   /lib/libnsl-2.13.so
05992000-05993000 r--p 00016000 08:01 17569151   /lib/libnsl-2.13.so
05993000-05994000 rw-p 00017000 08:01 17569151   /lib/libnsl-2.13.so
05994000-05996000 rw-p 00000000 00:00 0 
08048000-08050000 r-xp 00000000 08:01 1319532    /usr/lib/jvm/java-1.6.0-openjdk-1.6.0.0/bin/java
08050000-08052000 rw-p 00007000 08:01 1319532    /usr/lib/jvm/java-1.6.0-openjdk-1.6.0.0/bin/java
09f4c000-09fe1000 rw-p 00000000 00:00 0          [heap]
87600000-877ff000 rw-p 00000000 00:00 0 
877ff000-87800000 ---p 00000000 00:00 0 
87800000-878f3000 rw-p 00000000 00:00 0 
878f3000-87900000 ---p 00000000 00:00 0 
87a00000-87b00000 rw-p 00000000 00:00 0 
87b00000-87bf9000 rw-p 00000000 00:00 0 
87bf9000-87c00000 ---p 00000000 00:00 0 
87c00000-87cfb000 rw-p 00000000 00:00 0 
87cfb000-87d00000 ---p 00000000 00:00 0 
87d00000-87dfe000 rw-p 00000000 00:00 0 
87dfe000-87e00000 ---p 00000000 00:00 0 
87e00000-87efa000 rw-p 00000000 00:00 0 
87efa000-87f00000 ---p 00000000 00:00 0 
87f00000-87ffd000 rw-p 00000000 00:00 0 
87ffd000-88000000 ---p 00000000 00:00 0 
88000000-880f9000 rw-p 00000000 00:00 0 
880f9000-88100000 ---p 00000000 00:00 0 
88100000-881fa000 rw-p 00000000 00:00 0 
881fa000-88200000 ---p 00000000 00:00 0 
88200000-882f9000 rw-p 00000000 00:00 0 
882f9000-88300000 ---p 00000000 00:00 0 
88300000-883f1000 rw-p 00000000 00:00 0 
883f1000-88400000 ---p 00000000 00:00 0 
88400000-884fa000 rw-p 00000000 00:00 0 
884fa000-88500000 ---p 00000000 00:00 0 
88500000-885f3000 rw-p 00000000 00:00 0 
885f3000-88600000 ---p 00000000 00:00 0 
88600000-88800000 rw-p 00000000 00:00 0 
88800000-888fb000 rw-p 00000000 00:00 0 
888fb000-88900000 ---p 00000000 00:00 0 
88a00000-88c00000 rw-p 00000000 00:00 0 
88c00000-88cee000 rw-p 00000000 00:00 0 
88cee000-88d00000 ---p 00000000 00:00 0 
88d00000-88dfc000 rw-p 00000000 00:00 0 
88dfc000-88e00000 ---p 00000000 00:00 0 
88e00000-88efd000 rw-p 00000000 00:00 0 
88efd000-88f00000 ---p 00000000 00:00 0 
88f00000-88ff5000 rw-p 00000000 00:00 0 
88ff5000-89000000 ---p 00000000 00:00 0 
89000000-891ed000 rw-p 00000000 00:00 0 
891ed000-89200000 ---p 00000000 00:00 0 
89200000-892f3000 rw-p 00000000 00:00 0 
892f3000-89300000 ---p 00000000 00:00 0 
89300000-893ec000 rw-p 00000000 00:00 0 
893ec000-89400000 ---p 00000000 00:00 0 
89400000-894f9000 rw-p 00000000 00:00 0 
894f9000-89500000 ---p 00000000 00:00 0 
89500000-895f0000 rw-p 00000000 00:00 0 
895f0000-89600000 ---p 00000000 00:00 0 
89600000-896ff000 rw-p 00000000 00:00 0 
896ff000-89700000 ---p 00000000 00:00 0 
89700000-89800000 rw-p 00000000 00:00 0 
89800000-898f4000 rw-p 00000000 00:00 0 
898f4000-89900000 ---p 00000000 00:00 0 
89900000-899fa000 rw-p 00000000 00:00 0 
899fa000-89a00000 ---p 00000000 00:00 0 
89a00000-89a44000 rw-p 00000000 00:00 0 
89a44000-89b00000 ---p 00000000 00:00 0 
89b00000-89bff000 rw-p 00000000 00:00 0 
89bff000-89c00000 ---p 00000000 00:00 0 
89c00000-89cff000 rw-p 00000000 00:00 0 
89cff000-89d00000 ---p 00000000 00:00 0 
89d00000-89dfa000 rw-p 00000000 00:00 0 
89dfa000-89e00000 ---p 00000000 00:00 0 
89e00000-89fe4000 rw-p 00000000 00:00 0 
89fe4000-8a000000 ---p 00000000 00:00 0 
8a000000-8a0ff000 rw-p 00000000 00:00 0 
8a0ff000-8a100000 ---p 00000000 00:00 0 
8a200000-8a2e7000 rw-p 00000000 00:00 0 
8a2e7000-8a300000 ---p 00000000 00:00 0 
8a300000-8a3fe000 rw-p 00000000 00:00 0 
8a3fe000-8a400000 ---p 00000000 00:00 0 
8a400000-8a5fe000 rw-p 00000000 00:00 0 
8a5fe000-8a600000 ---p 00000000 00:00 0 
8a600000-8a6fc000 rw-p 00000000 00:00 0 
8a6fc000-8a700000 ---p 00000000 00:00 0 
8a7af000-8a7b2000 ---p 00000000 00:00 0 
8a7b2000-8a800000 rw-p 00000000 00:00 0 
8a800000-8a8fc000 rw-p 00000000 00:00 0 
8a8fc000-8a900000 ---p 00000000 00:00 0 
8a900000-8a9f6000 rw-p 00000000 00:00 0 
8a9f6000-8aa00000 ---p 00000000 00:00 0 
8aa00000-8aaf0000 rw-p 00000000 00:00 0 
8aaf0000-8ab00000 ---p 00000000 00:00 0 
8ab00000-8abff000 rw-p 00000000 00:00 0 
8abff000-8ac00000 ---p 00000000 00:00 0 
8ac00000-8ad00000 rw-p 00000000 00:00 0 
8ad0d000-8ad10000 ---p 00000000 00:00 0 
8ad10000-8ad5e000 rw-p 00000000 00:00 0 
8ad5e000-8ad61000 ---p 00000000 00:00 0 
8ad61000-8adaf000 rw-p 00000000 00:00 0 
8adaf000-8adb2000 ---p 00000000 00:00 0 
8adb2000-8ae00000 rw-p 00000000 00:00 0 
8ae00000-8aefb000 rw-p 00000000 00:00 0 
8aefb000-8af00000 ---p 00000000 00:00 0 
8af26000-8af29000 r--s 00000000 08:01 9701425    /var/cache/fontconfig/87f5e051180a7a75f16eb6fe7dbd3749-le32d4.cache-3
8af29000-8af2f000 r--s 00000000 08:01 9701421    /var/cache/fontconfig/b79f3aaa7d385a141ab53ec885cc22a8-le32d4.cache-3
8af2f000-8af31000 r--s 00000000 08:01 9701350    /var/cache/fontconfig/0b1bcc92b4d25cc154d77dafe3bceaa0-le32d4.cache-3
8af31000-8af34000 r--s 00000000 08:01 9700990    /var/cache/fontconfig/68fe5182b80ae2709eaaf65e42dcaf33-le32d4.cache-3
8af34000-8af35000 r--s 00000000 08:01 9700987    /var/cache/fontconfig/ac1b9faef01ec4feb36ba76b98842887-le32d4.cache-3
8af35000-8af37000 r--s 00000000 08:01 9700984    /var/cache/fontconfig/ebb99784de50d4c4223a6523ac9c5d63-le32d4.cache-3
8af37000-8af39000 r--s 00000000 08:01 9700078    /var/cache/fontconfig/0c76f5ee3a101157014da521290d0599-le32d4.cache-3
8af39000-8af3b000 r--s 00000000 08:01 9700270    /var/cache/fontconfig/2e1514a9fdd499050989183bb65136db-le32d4.cache-3
8af3b000-8af3e000 ---p 00000000 00:00 0 
8af3e000-8af8c000 rw-p 00000000 00:00 0 
8af8c000-8b100000 r--s 0198d000 08:01 2492430    /opt/gwt-2.4.0/gwt-dev.jar
8b100000-8b1ff000 rw-p 00000000 00:00 0 
8b1ff000-8b200000 ---p 00000000 00:00 0 
8b201000-8b203000 r--s 00000000 08:01 9701348    /var/cache/fontconfig/5c755b2f27115486aa6359c84dd3cbda-le32d4.cache-3
8b203000-8b20a000 r--s 00000000 08:01 9701202    /var/cache/fontconfig/7ef2298fde41cc6eeb7af42e48b7d293-le32d4.cache-3
8b20a000-8b20b000 r--s 00000000 08:01 9700268    /var/cache/fontconfig/3f821257dd33660ba7bbb45c32deb84c-le32d4.cache-3
8b20b000-8b20d000 r--s 00000000 08:01 9701346    /var/cache/fontconfig/830f035fa84a65ce80e050178dbb630d-le32d4.cache-3
8b20d000-8b20e000 r--s 00000000 08:01 9700269    /var/cache/fontconfig/81a173283b451552b599cfaafd6236bd-le32d4.cache-3
8b20e000-8b20f000 r--s 00000000 08:01 9701343    /var/cache/fontconfig/ac68f755438cc3dc5a526084839fc7ca-le32d4.cache-3
8b20f000-8b210000 r--s 00000000 08:01 9701342    /var/cache/fontconfig/12513961c6e7090f8648812f9eaf65d6-le32d4.cache-3
8b210000-8b212000 r--s 00000000 08:01 9701341    /var/cache/fontconfig/e26bf336397aae6fcef4d3803472adec-le32d4.cache-3
8b212000-8b213000 r--s 00000000 08:01 9700274    /var/cache/fontconfig/a5c2dc934fad9bbf30c854216245519d-le32d4.cache-3
8b213000-8b214000 r--s 00000000 08:01 9700275    /var/cache/fontconfig/17e60ccdf2eb53b214a9a5d6663eb217-le32d4.cache-3
8b214000-8b215000 r--s 00000000 08:01 9700267    /var/cache/fontconfig/6fcb01a03a016cc71057b587cdea6709-le32d4.cache-3
8b215000-8b216000 r--s 00000000 08:01 9700273    /var/cache/fontconfig/b887eea8f1b96e1d899b44ed6681fc27-le32d4.cache-3
8b216000-8b217000 r--s 00000000 08:01 9701336    /var/cache/fontconfig/860639f272b8b4b3094f9e399e41bccd-le32d4.cache-3
8b217000-8b218000 r--s 00000000 08:01 9701335    /var/cache/fontconfig/211368abcb0ff835c229ff05c9ec01dc-le32d4.cache-3
8b218000-8b2fe000 r--s 00b59000 08:01 2492431    /opt/gwt-2.4.0/gwt-user.jar
8b2fe000-8b2ff000 ---p 00000000 00:00 0 
8b2ff000-8b37f000 rw-p 00000000 00:00 0 
8b37f000-8b382000 ---p 00000000 00:00 0 
8b382000-8b400000 rw-p 00000000 00:00 0 
8b400000-8b600000 r--p 00000000 08:01 17973982   /usr/lib/locale/locale-archive
8b600000-8b621000 rw-p 00000000 00:00 0 
8b621000-8b700000 ---p 00000000 00:00 0 
8b700000-8b701000 r--s 00000000 08:01 9700272    /var/cache/fontconfig/c46020d7221988a13df853d2b46304fc-le32d4.cache-3
8b701000-8b702000 r--s 00000000 08:01 9700277    /var/cache/fontconfig/df893b4576ad6107f9397134092c4059-le32d4.cache-3
8b702000-8b703000 r--s 00000000 08:01 9701332    /var/cache/fontconfig/900402270e15d763a6e008bb2d4c7686-le32d4.cache-3
8b703000-8b704000 r--s 00000000 08:01 9700271    /var/cache/fontconfig/47f48679023f44a4d1e44699a69464f6-le32d4.cache-3
8b704000-8b705000 r--s 00000000 08:01 9701330    /var/cache/fontconfig/2881ed3fd21ca306ddad6f9b0dd3189f-le32d4.cache-3
8b705000-8b706000 r--s 00000000 08:01 9701329    /var/cache/fontconfig/3c3fb04d32a5211b073874b125d29701-le32d4.cache-3
8b706000-8b707000 r--s 00000000 08:01 9701328    /var/cache/fontconfig/e61abf8156cc476151baa07d67337cae-le32d4.cache-3
8b707000-8b70b000 r--s 00000000 08:01 9701208    /var/cache/fontconfig/b67b32625a2bb51b023d3814a918f351-le32d4.cache-3
8b70b000-8b70c000 r--s 00000000 08:01 9701326    /var/cache/fontconfig/d3379abda271c4acd2ad0c01f565d0b0-le32d4.cache-3
8b70c000-8b70d000 r--s 00000000 08:01 9701325    /var/cache/fontconfig/b4d0b56f766d89640448751fcd18ec1e-le32d4.cache-3
8b70d000-8b714000 r--s 00000000 08:01 9701324    /var/cache/fontconfig/12b26b760a24f8b4feb03ad48a333a72-le32d4.cache-3
8b714000-8b716000 r--s 00000000 08:01 9700137    /var/cache/fontconfig/e3ead4b767b8819993a6fa3ae306afa9-le32d4.cache-3
8b716000-8b72e000 r--s 00000000 08:01 5117790    /home/edward/.fontconfig/7fdbf32d5f35a87fa18260af37512ebd-le32d4.cache-3
8b72e000-8b731000 ---p 00000000 00:00 0 
8b731000-8b77f000 rw-p 00000000 00:00 0 
8b77f000-8b782000 ---p 00000000 00:00 0 
8b782000-8b800000 rw-p 00000000 00:00 0 
8b800000-8b900000 rw-p 00000000 00:00 0 
8b900000-8b903000 r--s 00000000 08:01 9701425    /var/cache/fontconfig/87f5e051180a7a75f16eb6fe7dbd3749-le32d4.cache-3
8b903000-8b909000 r--s 00000000 08:01 9701421    /var/cache/fontconfig/b79f3aaa7d385a141ab53ec885cc22a8-le32d4.cache-3
8b909000-8b90b000 r--s 00000000 08:01 9701350    /var/cache/fontconfig/0b1bcc92b4d25cc154d77dafe3bceaa0-le32d4.cache-3
8b90b000-8b90e000 r--s 00000000 08:01 9700990    /var/cache/fontconfig/68fe5182b80ae2709eaaf65e42dcaf33-le32d4.cache-3
8b90e000-8b90f000 r--s 00000000 08:01 9700987    /var/cache/fontconfig/ac1b9faef01ec4feb36ba76b98842887-le32d4.cache-3
8b90f000-8b911000 r--s 00000000 08:01 9700984    /var/cache/fontconfig/ebb99784de50d4c4223a6523ac9c5d63-le32d4.cache-3
8b911000-8b913000 r--s 00000000 08:01 9700078    /var/cache/fontconfig/0c76f5ee3a101157014da521290d0599-le32d4.cache-3
8b913000-8b91a000 r--s 00000000 08:01 9701202    /var/cache/fontconfig/7ef2298fde41cc6eeb7af42e48b7d293-le32d4.cache-3
8b91a000-8b91d000 ---p 00000000 00:00 0 
8b91d000-8b96b000 rw-p 00000000 00:00 0 
8b96b000-8b96e000 ---p 00000000 00:00 0 
8b96e000-8b9bc000 rw-p 00000000 00:00 0 
8b9bc000-8b9bd000 ---p 00000000 00:00 0 
8b9bd000-8ba70000 rw-p 00000000 00:00 0 
8ba70000-8bc00000 r--s 038c1000 08:01 657491     /usr/lib/jvm/java-1.6.0-openjdk-1.6.0.0/jre/lib/rt.jar
8bc00000-8bcfd000 rw-p 00000000 00:00 0 
8bcfd000-8bd00000 ---p 00000000 00:00 0 
8bd00000-8bd02000 r--s 00000000 08:01 9700270    /var/cache/fontconfig/2e1514a9fdd499050989183bb65136db-le32d4.cache-3
8bd02000-8bd04000 r--s 00000000 08:01 9701348    /var/cache/fontconfig/5c755b2f27115486aa6359c84dd3cbda-le32d4.cache-3
8bd04000-8bd05000 r--s 00000000 08:01 9700268    /var/cache/fontconfig/3f821257dd33660ba7bbb45c32deb84c-le32d4.cache-3
8bd05000-8bd07000 r--s 00000000 08:01 9701346    /var/cache/fontconfig/830f035fa84a65ce80e050178dbb630d-le32d4.cache-3
8bd07000-8bd08000 r--s 00000000 08:01 9700269    /var/cache/fontconfig/81a173283b451552b599cfaafd6236bd-le32d4.cache-3
8bd08000-8bd09000 r--s 00000000 08:01 9701343    /var/cache/fontconfig/ac68f755438cc3dc5a526084839fc7ca-le32d4.cache-3
8bd09000-8bd0a000 r--s 00000000 08:01 9701342    /var/cache/fontconfig/12513961c6e7090f8648812f9eaf65d6-le32d4.cache-3
8bd0a000-8bd0c000 r--s 00000000 08:01 9701341    /var/cache/fontconfig/e26bf336397aae6fcef4d3803472adec-le32d4.cache-3
8bd0c000-8bd0d000 r--s 00000000 08:01 9700274    /var/cache/fontconfig/a5c2dc934fad9bbf30c854216245519d-le32d4.cache-3
8bd0d000-8bd0e000 r--s 00000000 08:01 9700275    /var/cache/fontconfig/17e60ccdf2eb53b214a9a5d6663eb217-le32d4.cache-3
8bd0e000-8bd0f000 r--s 00000000 08:01 9700267    /var/cache/fontconfig/6fcb01a03a016cc71057b587cdea6709-le32d4.cache-3
8bd0f000-8bd10000 r--s 00000000 08:01 9700273    /var/cache/fontconfig/b887eea8f1b96e1d899b44ed6681fc27-le32d4.cache-3
8bd10000-8bd11000 r--s 00000000 08:01 9701336    /var/cache/fontconfig/860639f272b8b4b3094f9e399e41bccd-le32d4.cache-3
8bd11000-8bd12000 r--s 00000000 08:01 9701335    /var/cache/fontconfig/211368abcb0ff835c229ff05c9ec01dc-le32d4.cache-3
8bd12000-8bd13000 r--s 00000000 08:01 9700272    /var/cache/fontconfig/c46020d7221988a13df853d2b46304fc-le32d4.cache-3
8bd13000-8bd14000 r--s 00000000 08:01 9700277    /var/cache/fontconfig/df893b4576ad6107f9397134092c4059-le32d4.cache-3
8bd14000-8bd15000 r--s 00000000 08:01 9701332    /var/cache/fontconfig/900402270e15d763a6e008bb2d4c7686-le32d4.cache-3
8bd15000-8bd16000 r--s 00000000 08:01 9700271    /var/cache/fontconfig/47f48679023f44a4d1e44699a69464f6-le32d4.cache-3
8bd16000-8bd2e000 r--s 00000000 08:01 5117790    /home/edward/.fontconfig/7fdbf32d5f35a87fa18260af37512ebd-le32d4.cache-3
8bd2e000-8bd31000 ---p 00000000 00:00 0 
8bd31000-8bd7f000 rw-p 00000000 00:00 0 
8bd7f000-8bd80000 ---p 00000000 00:00 0 
8bd80000-8be00000 rw-p 00000000 00:00 0 
8be00000-8be21000 rw-p 00000000 00:00 0 
8be21000-8bf00000 ---p 00000000 00:00 0 
8bf00000-8bf21000 rw-p 00000000 00:00 0 
8bf21000-8c000000 ---p 00000000 00:00 0 
8c000000-8c001000 r--s 00000000 08:01 9701330    /var/cache/fontconfig/2881ed3fd21ca306ddad6f9b0dd3189f-le32d4.cache-3
8c001000-8c002000 r--s 00000000 08:01 9701329    /var/cache/fontconfig/3c3fb04d32a5211b073874b125d29701-le32d4.cache-3
8c002000-8c003000 r--s 00000000 08:01 9701328    /var/cache/fontconfig/e61abf8156cc476151baa07d67337cae-le32d4.cache-3
8c003000-8c007000 r--s 00000000 08:01 9701208    /var/cache/fontconfig/b67b32625a2bb51b023d3814a918f351-le32d4.cache-3
8c007000-8c008000 r--s 00000000 08:01 9701326    /var/cache/fontconfig/d3379abda271c4acd2ad0c01f565d0b0-le32d4.cache-3
8c008000-8c00f000 r--s 00000000 08:01 9701324    /var/cache/fontconfig/12b26b760a24f8b4feb03ad48a333a72-le32d4.cache-3
8c00f000-8c012000 r--s 00038000 08:01 919479     /usr/lib/jvm/java-1.6.0-openjdk-1.6.0.0/jre/lib/ext/sunpkcs11.jar
8c012000-8c014000 r--s 00001000 08:01 919472     /usr/lib/jvm/java-1.6.0-openjdk-1.6.0.0/jre/lib/ext/dnsns.jar
8c014000-8c017000 r--s 00077000 08:01 919475     /usr/lib/jvm/java-1.6.0-openjdk-1.6.0.0/jre/lib/ext/localedata.jar
8c017000-8c01a000 r--s 00031000 08:01 919478     /usr/lib/jvm/java-1.6.0-openjdk-1.6.0.0/jre/lib/ext/sunjce_provider.jar
8c01a000-8c02e000 r--s 000a5000 08:01 6959119    /home/edward/workspace/final/MediaElection2/lib/gwt-maps.jar
8c02e000-8c031000 ---p 00000000 00:00 0 
8c031000-8c07f000 rw-p 00000000 00:00 0 
8c07f000-8c080000 ---p 00000000 00:00 0 
8c080000-8c100000 rw-p 00000000 00:00 0 
8c100000-8c18b000 rw-p 00000000 00:00 0 
8c18b000-8c200000 ---p 00000000 00:00 0 
8c200000-8c20b000 r--s 00080000 08:01 6959118    /home/edward/workspace/final/MediaElection2/lib/gwtquery-1.1.1-20120218.170746-9.jar
8c20b000-8c212000 r--s 000ba000 08:01 6959372    /home/edward/workspace/final/MediaElection2/war/WEB-INF/lib/mysql-connector-java-5.1.18-bin.jar
8c212000-8c213000 ---p 00000000 00:00 0 
8c213000-8c293000 rw-p 00000000 00:00 0 
8c293000-8c294000 ---p 00000000 00:00 0 
8c294000-8c321000 rw-p 00000000 00:00 0 
8c321000-8c354000 rw-p 00000000 00:00 0 
8c354000-8c392000 rw-p 00000000 00:00 0 
8c392000-8c3ff000 rw-p 00000000 00:00 0 
8c3ff000-8c40c000 rw-p 00000000 00:00 0 
8c40c000-8c43f000 rw-p 00000000 00:00 0 
8c43f000-8c47d000 rw-p 00000000 00:00 0 
8c47d000-8c4e9000 rw-p 00000000 00:00 0 
8c4e9000-8c53f000 rw-p 00000000 00:00 0 
8c53f000-8df00000 rw-p 00000000 00:00 0 
8df00000-94540000 rw-p 00000000 00:00 0 
94540000-9c100000 rw-p 00000000 00:00 0 
9c100000-a9aa0000 rw-p 00000000 00:00 0 
a9aa0000-b4540000 rw-p 00000000 00:00 0 
b4540000-b454b000 rw-p 00000000 00:00 0 
b454b000-b4600000 rw-p 00000000 00:00 0 
b4600000-b4890000 rwxp 00000000 00:00 0 
b4890000-b76fd000 rw-p 00000000 00:00 0 
b76fd000-b7700000 ---p 00000000 00:00 0 
b7700000-b7702000 r--s 00000000 08:01 9700137    /var/cache/fontconfig/e3ead4b767b8819993a6fa3ae306afa9-le32d4.cache-3
b7702000-b7706000 r--s 0007c000 08:01 657479     /usr/lib/jvm/java-1.6.0-openjdk-1.6.0.0/jre/lib/jsse.jar
b7706000-b770c000 r--s 00033000 08:01 6959373    /home/edward/workspace/final/MediaElection2/war/WEB-INF/lib/commons-codec-1.6.jar
b770c000-b773a000 rw-p 00000000 00:00 0 
b773a000-b773d000 ---p 00000000 00:00 0 
b773d000-b778d000 rw-p 00000000 00:00 0 
b778d000-b778e000 r--s 00000000 08:01 9701325    /var/cache/fontconfig/b4d0b56f766d89640448751fcd18ec1e-le32d4.cache-3
b778e000-b7791000 r--s 00009000 08:01 2492445    /opt/gwt-2.4.0/validation-api-1.0.0.GA.jar
b7791000-b7793000 r--s 0000e000 08:01 2492446    /opt/gwt-2.4.0/validation-api-1.0.0.GA-sources.jar
b7793000-b7796000 r--s 0000f000 08:01 919477     /usr/lib/jvm/java-1.6.0-openjdk-1.6.0.0/jre/lib/ext/pulse-java.jar
b7796000-b779f000 r--s 00065000 08:01 919474     /usr/lib/jvm/java-1.6.0-openjdk-1.6.0.0/jre/lib/ext/gnome-java-bridge.jar
b779f000-b77a1000 r--s 0001d000 08:01 657486     /usr/lib/jvm/java-1.6.0-openjdk-1.6.0.0/jre/lib/plugin.jar
b77a1000-b77a6000 r--s 00044000 08:01 657485     /usr/lib/jvm/java-1.6.0-openjdk-1.6.0.0/jre/lib/netx.jar
b77a6000-b77ae000 rw-s 00000000 08:01 18244721   /tmp/hsperfdata_edward/3338
b77ae000-b77af000 rw-p 00000000 00:00 0 
b77af000-b77b0000 r--p 00000000 00:00 0 
b77b0000-b77b1000 rw-p 00000000 00:00 0 
bfea9000-bfeca000 rw-p 00000000 00:00 0          [stack]

VM Arguments:
jvm_args: -Xmx512m 
java_command: com.google.gwt.dev.Compiler -logLevel INFO -style OBFUSCATED -war /home/edward/workspace/final/MediaElection2/war com.beta.election.media.MediaElection2
Launcher Type: SUN_STANDARD

Environment Variables:
CLASSPATH=/home/edward/workspace/final/MediaElection2/src:/home/edward/workspace/final/MediaElection2/test-classes:/home/edward/workspace/final/MediaElection2/war/WEB-INF/classes:/opt/gwt-2.4.0/gwt-user.jar:/opt/gwt-2.4.0/gwt-dev.jar:/opt/gwt-2.4.0/validation-api-1.0.0.GA-sources.jar:/opt/gwt-2.4.0/validation-api-1.0.0.GA.jar:/home/edward/workspace/final/MediaElection2/war/WEB-INF/lib/commons-codec-1.6.jar:/home/edward/workspace/final/MediaElection2/war/WEB-INF/lib/mysql-connector-java-5.1.18-bin.jar:/home/edward/workspace/final/MediaElection2/lib/gwt-maps.jar:/home/edward/workspace/final/MediaElection2/lib/gwtquery-1.1.1-20120218.170746-9.jar:/opt/gwt-2.4.0/gwt-dev.jar
PATH=/usr/lib/qt-3.3/bin:/usr/lib/ccache:/usr/local/bin:/usr/bin:/bin:/usr/local/sbin:/usr/sbin:/sbin:/opt/gwt-2.4.0:/opt/jdk1.6.0_11/bin:/home/edward/bin:/opt/jdk1.6.0_11/bin
USERNAME=edward
LD_LIBRARY_PATH=/usr/lib/jvm/java-1.6.0-openjdk-1.6.0.0/jre/lib/i386/server:/usr/lib/jvm/java-1.6.0-openjdk-1.6.0.0/jre/lib/i386:/usr/lib/jvm/java-1.6.0-openjdk-1.6.0.0/jre/../lib/i386:/usr/lib/jvm/java-1.6.0-openjdk-1.6.0.0/jre/lib/i386/client:/usr/lib/jvm/java-1.6.0-openjdk-1.6.0.0/jre/lib/i386:
SHELL=/bin/bash
DISPLAY=:0.0

Signal Handlers:
SIGSEGV: [libjvm.so+0x64f880], sa_mask[0]=0x7ffbfeff, sa_flags=0x10000004
SIGBUS: [libjvm.so+0x64f880], sa_mask[0]=0x7ffbfeff, sa_flags=0x10000004
SIGFPE: [libjvm.so+0x517210], sa_mask[0]=0x7ffbfeff, sa_flags=0x10000004
SIGPIPE: [libjvm.so+0x517210], sa_mask[0]=0x7ffbfeff, sa_flags=0x10000004
SIGXFSZ: [libjvm.so+0x517210], sa_mask[0]=0x7ffbfeff, sa_flags=0x10000004
SIGILL: [libjvm.so+0x517210], sa_mask[0]=0x7ffbfeff, sa_flags=0x10000004
SIGUSR1: SIG_DFL, sa_mask[0]=0x00000000, sa_flags=0x00000000
SIGUSR2: [libjvm.so+0x517080], sa_mask[0]=0x00000004, sa_flags=0x10000004
SIGHUP: [libjvm.so+0x519c40], sa_mask[0]=0x7ffbfeff, sa_flags=0x10000004
SIGINT: [libjvm.so+0x519c40], sa_mask[0]=0x7ffbfeff, sa_flags=0x10000004
SIGTERM: [libjvm.so+0x519c40], sa_mask[0]=0x7ffbfeff, sa_flags=0x10000004
SIGQUIT: [libjvm.so+0x519c40], sa_mask[0]=0x7ffbfeff, sa_flags=0x10000004


---------------  S Y S T E M  ---------------

OS:Fedora release 14 (Laughlin)

uname:Linux 2.6.35.12-90.fc14.i686 #1 SMP Fri Apr 22 16:14:44 UTC 2011 i686
libc:glibc 2.13 NPTL 2.13 
rlimit: STACK 8192k, CORE 0k, NPROC 1024, NOFILE 1024, AS infinity
load average:1.19 0.68 0.45

/proc/meminfo:
MemTotal:        3540668 kB
MemFree:         1289772 kB
Buffers:           83748 kB
Cached:           936928 kB
SwapCached:            0 kB
Active:          1360028 kB
Inactive:         792928 kB
Active(anon):    1132792 kB
Inactive(anon):   126108 kB
Active(file):     227236 kB
Inactive(file):   666820 kB
Unevictable:           0 kB
Mlocked:               0 kB
HighTotal:       2694840 kB
HighFree:         612384 kB
LowTotal:         845828 kB
LowFree:          677388 kB
SwapTotal:      10489852 kB
SwapFree:       10489852 kB
Dirty:             75744 kB
Writeback:             0 kB
AnonPages:       1132412 kB
Mapped:           125620 kB
Shmem:            126624 kB
Slab:              46044 kB
SReclaimable:      29960 kB
SUnreclaim:        16084 kB
KernelStack:        3808 kB
PageTables:         9344 kB
NFS_Unstable:          0 kB
Bounce:                0 kB
WritebackTmp:          0 kB
CommitLimit:    12260184 kB
Committed_AS:    2844960 kB
VmallocTotal:     122880 kB
VmallocUsed:       42276 kB
VmallocChunk:      17200 kB
HardwareCorrupted:     0 kB
HugePages_Total:       0
HugePages_Free:        0
HugePages_Rsvd:        0
HugePages_Surp:        0
Hugepagesize:       4096 kB
DirectMap4k:       20472 kB
DirectMap4M:      880640 kB


CPU:total 4 (2 cores per cpu, 2 threads per core) family 6 model 37 stepping 5, cmov, cx8, fxsr, mmx, sse, sse2, sse3, ssse3, sse4.1, sse4.2, popcnt, ht

Memory: 4k page, physical 3540668k(1289772k free), swap 10489852k(10489852k free)

vm_info: OpenJDK Server VM (19.0-b09) for linux-x86 JRE (1.6.0_20-b20), built on Feb 15 2011 23:54:33 by "mockbuild" with gcc 4.5.1 20100924 (Red Hat 4.5.1-4)

time: Tue Oct 30 07:46:12 2012
elapsed time: 10 seconds

