#
# A fatal error has been detected by the Java Runtime Environment:
#
#  SIGSEGV (0xb) at pc=0xb4e6f409, pid=7408, tid=2340940656
#
# JRE version: 6.0_20-b20
# Java VM: OpenJDK Server VM (19.0-b09 mixed mode linux-x86 )
# Derivative: IcedTea6 1.9.7
# Distribution: Fedora release 14 (Laughlin), package fedora-52.1.9.7.fc14-i386
# Problematic frame:
# J  com.google.gwt.dev.js.JsInliner$InliningVisitor.process(Lcom/google/gwt/dev/js/ast/JsInvocation;Lcom/google/gwt/dev/js/ast/JsFunction;Lcom/google/gwt/dev/js/ast/JsFunction;)Lcom/google/gwt/dev/js/ast/JsExpression;
#
# If you would like to submit a bug report, please include
# instructions how to reproduce the bug and visit:
#   http://icedtea.classpath.org/bugzilla
#

---------------  T H R E A D  ---------------

Current thread (0x8b2fbc00):  JavaThread "In-process PermutationWorker 0" [_thread_in_Java, id=7504, stack(0x8b82e000,0x8b87f000)]

siginfo:si_signo=SIGSEGV: si_errno=0, si_code=128 (), si_addr=0x00000000

Registers:
EAX=0xafb91df8, EBX=0x8cf9d700, ECX=0x8cb490f8, EDX=0x8b2fbc05
ESP=0x8b87d760, EBP=0x9c364a48, ESI=0x00000000, EDI=0xafb91cb0
EIP=0xb4e6f409, CR2=0x00000004, EFLAGS=0x00210212

Register to memory mapping:

EAX=0xafb91df8

[error occurred during error reporting (printing registers, top of stack, instructions near pc), id 0xe0000000]

Stack: [0x8b82e000,0x8b87f000],  sp=0x8b87d760,  free space=317k
Native frames: (J=compiled Java code, j=interpreted, Vv=VM code, C=native code)
J  com.google.gwt.dev.js.JsInliner$InliningVisitor.process(Lcom/google/gwt/dev/js/ast/JsInvocation;Lcom/google/gwt/dev/js/ast/JsFunction;Lcom/google/gwt/dev/js/ast/JsFunction;)Lcom/google/gwt/dev/js/ast/JsExpression;


---------------  P R O C E S S  ---------------

Java Threads: ( => current thread )
=>0x8b2fbc00 JavaThread "In-process PermutationWorker 0" [_thread_in_Java, id=7504, stack(0x8b82e000,0x8b87f000)]
  0x8b9da400 JavaThread "Java2D Disposer" daemon [_thread_blocked, id=7429, stack(0x8a9af000,0x8aa00000)]
  0x8b283000 JavaThread "UnitWriteThread" daemon [_thread_blocked, id=7427, stack(0x8ae5e000,0x8aeaf000)]
  0x8b235000 JavaThread "com.google.gwt.thirdparty.guava.common.base.internal.Finalizer" daemon [_thread_blocked, id=7425, stack(0x8aeaf000,0x8af00000)]
  0x8c219c00 JavaThread "Timer-0" daemon [_thread_blocked, id=7424, stack(0x8b03b000,0x8b08c000)]
  0xb77c8000 JavaThread "Low Memory Detector" daemon [_thread_blocked, id=7421, stack(0x8ba1a000,0x8ba6b000)]
  0xb77c6400 JavaThread "CompilerThread1" daemon [_thread_in_native, id=7420, stack(0x8b47f000,0x8b500000)]
  0xb77c4400 JavaThread "CompilerThread0" daemon [_thread_in_native, id=7419, stack(0x8b87f000,0x8b900000)]
  0xb77c2c00 JavaThread "Signal Dispatcher" daemon [_thread_blocked, id=7418, stack(0x8be2e000,0x8be7f000)]
  0xb77b3800 JavaThread "Finalizer" daemon [_thread_blocked, id=7417, stack(0x8c12e000,0x8c17f000)]
  0xb77b2000 JavaThread "Reference Handler" daemon [_thread_blocked, id=7416, stack(0x8ba6b000,0x8babc000)]
  0xb7705800 JavaThread "main" [_thread_blocked, id=7410, stack(0xb7823000,0xb7874000)]

Other Threads:
  0xb77ae000 VMThread [stack: 0x8babc000,0x8bb3d000] [id=7415]
  0xb77ca000 WatcherThread [stack: 0x8b3fe000,0x8b47f000] [id=7422]

VM state:not at safepoint (normal execution)

VM Mutex/Monitor currently owned by a thread: None

Heap
 PSYoungGen      total 145024K, used 100526K [0xa9ba0000, 0xb4510000, 0xb4640000)
  eden space 119744K, 83% used [0xa9ba0000,0xafd07880,0xb1090000)
  from space 25280K, 3% used [0xb1090000,0xb1154000,0xb2940000)
  to   space 24000K, 0% used [0xb2da0000,0xb2da0000,0xb4510000)
 PSOldGen        total 167296K, used 139154K [0x94640000, 0x9e9a0000, 0xa9ba0000)
  object space 167296K, 83% used [0x94640000,0x9ce24898,0x9e9a0000)
 PSPermGen       total 29696K, used 21751K [0x8c640000, 0x8e340000, 0x94640000)
  object space 29696K, 73% used [0x8c640000,0x8db7dd40,0x8e340000)

Dynamic libraries:
00101000-00115000 r-xp 00000000 08:01 17569129   /lib/libz.so.1.2.5
00115000-00116000 rw-p 00013000 08:01 17569129   /lib/libz.so.1.2.5
00116000-0013e000 r-xp 00000000 08:01 17569123   /lib/libm-2.13.so
0013e000-0013f000 r--p 00027000 08:01 17569123   /lib/libm-2.13.so
0013f000-00140000 rw-p 00028000 08:01 17569123   /lib/libm-2.13.so
00140000-00147000 r-xp 00000000 08:01 17569124   /lib/librt-2.13.so
00147000-00148000 r--p 00006000 08:01 17569124   /lib/librt-2.13.so
00148000-00149000 rw-p 00007000 08:01 17569124   /lib/librt-2.13.so
00149000-0016b000 r-xp 00000000 08:01 919492     /usr/lib/jvm/java-1.6.0-openjdk-1.6.0.0/jre/lib/i386/libjava.so
0016b000-0016d000 rw-p 00022000 08:01 919492     /usr/lib/jvm/java-1.6.0-openjdk-1.6.0.0/jre/lib/i386/libjava.so
0016d000-001ed000 r-xp 00000000 08:01 919483     /usr/lib/jvm/java-1.6.0-openjdk-1.6.0.0/jre/lib/i386/libawt.so
001ed000-001f4000 rw-p 00080000 08:01 919483     /usr/lib/jvm/java-1.6.0-openjdk-1.6.0.0/jre/lib/i386/libawt.so
001f4000-00218000 rw-p 00000000 00:00 0 
00218000-0021c000 r-xp 00000000 08:01 1052744    /usr/lib/jvm/java-1.6.0-openjdk-1.6.0.0/jre/lib/i386/headless/libmawt.so
0021c000-0021d000 rw-p 00004000 08:01 1052744    /usr/lib/jvm/java-1.6.0-openjdk-1.6.0.0/jre/lib/i386/headless/libmawt.so
0021d000-002ab000 r-xp 00000000 08:01 17960414   /usr/lib/libfreetype.so.6.6.0
002ab000-002af000 rw-p 0008d000 08:01 17960414   /usr/lib/libfreetype.so.6.6.0
002af000-002cb000 r-xp 00000000 08:01 17564434   /lib/libgcc_s-4.5.1-20100924.so.1
002cb000-002cc000 rw-p 0001b000 08:01 17564434   /lib/libgcc_s-4.5.1-20100924.so.1
002cc000-002df000 r-xp 00000000 08:01 919503     /usr/lib/jvm/java-1.6.0-openjdk-1.6.0.0/jre/lib/i386/libnet.so
002df000-002e0000 rw-p 00013000 08:01 919503     /usr/lib/jvm/java-1.6.0-openjdk-1.6.0.0/jre/lib/i386/libnet.so
002e0000-002e7000 r-xp 00000000 08:01 919504     /usr/lib/jvm/java-1.6.0-openjdk-1.6.0.0/jre/lib/i386/libnio.so
002e7000-002e8000 rw-p 00006000 08:01 919504     /usr/lib/jvm/java-1.6.0-openjdk-1.6.0.0/jre/lib/i386/libnio.so
002e8000-002f1000 r-xp 00000000 08:01 919496     /usr/lib/jvm/java-1.6.0-openjdk-1.6.0.0/jre/lib/i386/libjpeg.so
002f1000-002f2000 rw-p 00008000 08:01 919496     /usr/lib/jvm/java-1.6.0-openjdk-1.6.0.0/jre/lib/i386/libjpeg.so
004f1000-004f7000 r-xp 00000000 08:01 919501     /usr/lib/jvm/java-1.6.0-openjdk-1.6.0.0/jre/lib/i386/libmanagement.so
004f7000-004f8000 rw-p 00005000 08:01 919501     /usr/lib/jvm/java-1.6.0-openjdk-1.6.0.0/jre/lib/i386/libmanagement.so
00509000-0054f000 r-xp 00000000 08:01 919485     /usr/lib/jvm/java-1.6.0-openjdk-1.6.0.0/jre/lib/i386/libfontmanager.so
0054f000-00551000 rw-p 00046000 08:01 919485     /usr/lib/jvm/java-1.6.0-openjdk-1.6.0.0/jre/lib/i386/libfontmanager.so
00551000-00556000 rw-p 00000000 00:00 0 
0060d000-0060e000 r-xp 00000000 00:00 0          [vdso]
00817000-00822000 r-xp 00000000 08:01 919511     /usr/lib/jvm/java-1.6.0-openjdk-1.6.0.0/jre/lib/i386/libverify.so
00822000-00823000 rw-p 0000b000 08:01 919511     /usr/lib/jvm/java-1.6.0-openjdk-1.6.0.0/jre/lib/i386/libverify.so
0083a000-00845000 r-xp 00000000 08:01 17564375   /lib/libnss_files-2.13.so
00845000-00846000 r--p 0000a000 08:01 17564375   /lib/libnss_files-2.13.so
00846000-00847000 rw-p 0000b000 08:01 17564375   /lib/libnss_files-2.13.so
00966000-0096c000 r-xp 00000000 08:01 919512     /usr/lib/jvm/java-1.6.0-openjdk-1.6.0.0/jre/lib/i386/libzip.so
0096c000-0096d000 rw-p 00005000 08:01 919512     /usr/lib/jvm/java-1.6.0-openjdk-1.6.0.0/jre/lib/i386/libzip.so
00a9f000-00aca000 r-xp 00000000 08:01 919500     /usr/lib/jvm/java-1.6.0-openjdk-1.6.0.0/jre/lib/i386/liblcms.so
00aca000-00acb000 rw-p 0002b000 08:01 919500     /usr/lib/jvm/java-1.6.0-openjdk-1.6.0.0/jre/lib/i386/liblcms.so
00acb000-00ace000 rw-p 00000000 00:00 0 
00af1000-00af7000 r-xp 00000000 08:01 1191207    /usr/lib/jvm/java-1.6.0-openjdk-1.6.0.0/jre/lib/i386/native_threads/libhpi.so
00af7000-00af8000 rw-p 00006000 08:01 1191207    /usr/lib/jvm/java-1.6.0-openjdk-1.6.0.0/jre/lib/i386/native_threads/libhpi.so
00bc9000-00be6000 r-xp 00000000 08:01 17564404   /lib/ld-2.13.so
00be6000-00be7000 r--p 0001c000 08:01 17564404   /lib/ld-2.13.so
00be7000-00be8000 rw-p 0001d000 08:01 17564404   /lib/ld-2.13.so
00bea000-00d6d000 r-xp 00000000 08:01 17564884   /lib/libc-2.13.so
00d6d000-00d6e000 ---p 00183000 08:01 17564884   /lib/libc-2.13.so
00d6e000-00d70000 r--p 00183000 08:01 17564884   /lib/libc-2.13.so
00d70000-00d71000 rw-p 00185000 08:01 17564884   /lib/libc-2.13.so
00d71000-00d74000 rw-p 00000000 00:00 0 
00d76000-00d79000 r-xp 00000000 08:01 17565217   /lib/libdl-2.13.so
00d79000-00d7a000 r--p 00002000 08:01 17565217   /lib/libdl-2.13.so
00d7a000-00d7b000 rw-p 00003000 08:01 17565217   /lib/libdl-2.13.so
00d7d000-00d94000 r-xp 00000000 08:01 17565559   /lib/libpthread-2.13.so
00d94000-00d95000 r--p 00016000 08:01 17565559   /lib/libpthread-2.13.so
00d95000-00d96000 rw-p 00017000 08:01 17565559   /lib/libpthread-2.13.so
00d96000-00d98000 rw-p 00000000 00:00 0 
00d9a000-00d9d000 r-xp 00000000 08:01 1179684    /usr/lib/jvm/java-1.6.0-openjdk-1.6.0.0/jre/lib/i386/jli/libjli.so
00d9d000-00d9e000 rw-p 00002000 08:01 1179684    /usr/lib/jvm/java-1.6.0-openjdk-1.6.0.0/jre/lib/i386/jli/libjli.so
00d9e000-0146d000 r-xp 00000000 08:01 1317374    /usr/lib/jvm/java-1.6.0-openjdk-1.6.0.0/jre/lib/i386/server/libjvm.so
0146d000-014c1000 rw-p 006ce000 08:01 1317374    /usr/lib/jvm/java-1.6.0-openjdk-1.6.0.0/jre/lib/i386/server/libjvm.so
014c1000-018e0000 rw-p 00000000 00:00 0 
0597b000-05992000 r-xp 00000000 08:01 17569151   /lib/libnsl-2.13.so
05992000-05993000 r--p 00016000 08:01 17569151   /lib/libnsl-2.13.so
05993000-05994000 rw-p 00017000 08:01 17569151   /lib/libnsl-2.13.so
05994000-05996000 rw-p 00000000 00:00 0 
08048000-08050000 r-xp 00000000 08:01 1319532    /usr/lib/jvm/java-1.6.0-openjdk-1.6.0.0/bin/java
08050000-08052000 rw-p 00007000 08:01 1319532    /usr/lib/jvm/java-1.6.0-openjdk-1.6.0.0/bin/java
08b30000-08bcc000 rw-p 00000000 00:00 0          [heap]
86100000-861ff000 rw-p 00000000 00:00 0 
861ff000-86200000 ---p 00000000 00:00 0 
86200000-862e8000 rw-p 00000000 00:00 0 
862e8000-86300000 ---p 00000000 00:00 0 
86300000-86386000 rw-p 00000000 00:00 0 
86386000-86400000 ---p 00000000 00:00 0 
86500000-865c0000 rw-p 00000000 00:00 0 
865c0000-86600000 ---p 00000000 00:00 0 
86600000-866fd000 rw-p 00000000 00:00 0 
866fd000-86700000 ---p 00000000 00:00 0 
86700000-867fa000 rw-p 00000000 00:00 0 
867fa000-86800000 ---p 00000000 00:00 0 
86800000-868f9000 rw-p 00000000 00:00 0 
868f9000-86900000 ---p 00000000 00:00 0 
86900000-86a00000 rw-p 00000000 00:00 0 
86a00000-86bf9000 rw-p 00000000 00:00 0 
86bf9000-86c00000 ---p 00000000 00:00 0 
86c00000-86ceb000 rw-p 00000000 00:00 0 
86ceb000-86d00000 ---p 00000000 00:00 0 
86d00000-86dfd000 rw-p 00000000 00:00 0 
86dfd000-86e00000 ---p 00000000 00:00 0 
86e00000-86ee2000 rw-p 00000000 00:00 0 
86ee2000-86f00000 ---p 00000000 00:00 0 
86f00000-86ffe000 rw-p 00000000 00:00 0 
86ffe000-87000000 ---p 00000000 00:00 0 
87000000-870fc000 rw-p 00000000 00:00 0 
870fc000-87100000 ---p 00000000 00:00 0 
87100000-871fa000 rw-p 00000000 00:00 0 
871fa000-87200000 ---p 00000000 00:00 0 
87200000-872e9000 rw-p 00000000 00:00 0 
872e9000-87300000 ---p 00000000 00:00 0 
87300000-873fb000 rw-p 00000000 00:00 0 
873fb000-87400000 ---p 00000000 00:00 0 
87400000-874f9000 rw-p 00000000 00:00 0 
874f9000-87500000 ---p 00000000 00:00 0 
87500000-87600000 rw-p 00000000 00:00 0 
87600000-876f9000 rw-p 00000000 00:00 0 
876f9000-87700000 ---p 00000000 00:00 0 
87700000-877f1000 rw-p 00000000 00:00 0 
877f1000-87800000 ---p 00000000 00:00 0 
87800000-878f3000 rw-p 00000000 00:00 0 
878f3000-87900000 ---p 00000000 00:00 0 
87a00000-87b00000 rw-p 00000000 00:00 0 
87c00000-87cff000 rw-p 00000000 00:00 0 
87cff000-87d00000 ---p 00000000 00:00 0 
87d00000-87e00000 rw-p 00000000 00:00 0 
87e00000-87ef9000 rw-p 00000000 00:00 0 
87ef9000-87f00000 ---p 00000000 00:00 0 
87f00000-87fe9000 rw-p 00000000 00:00 0 
87fe9000-88000000 ---p 00000000 00:00 0 
88000000-880fc000 rw-p 00000000 00:00 0 
880fc000-88100000 ---p 00000000 00:00 0 
88100000-881ff000 rw-p 00000000 00:00 0 
881ff000-88200000 ---p 00000000 00:00 0 
88200000-882fc000 rw-p 00000000 00:00 0 
882fc000-88300000 ---p 00000000 00:00 0 
88300000-883fe000 rw-p 00000000 00:00 0 
883fe000-88400000 ---p 00000000 00:00 0 
88400000-884f8000 rw-p 00000000 00:00 0 
884f8000-88500000 ---p 00000000 00:00 0 
88500000-885ed000 rw-p 00000000 00:00 0 
885ed000-88600000 ---p 00000000 00:00 0 
88600000-88800000 rw-p 00000000 00:00 0 
88800000-888f7000 rw-p 00000000 00:00 0 
888f7000-88900000 ---p 00000000 00:00 0 
88900000-88a00000 rw-p 00000000 00:00 0 
88a00000-88bf2000 rw-p 00000000 00:00 0 
88bf2000-88c00000 ---p 00000000 00:00 0 
88c00000-88ce9000 rw-p 00000000 00:00 0 
88ce9000-88d00000 ---p 00000000 00:00 0 
88d00000-88de3000 rw-p 00000000 00:00 0 
88de3000-88e00000 ---p 00000000 00:00 0 
88e00000-88ff9000 rw-p 00000000 00:00 0 
88ff9000-89000000 ---p 00000000 00:00 0 
89000000-890fe000 rw-p 00000000 00:00 0 
890fe000-89100000 ---p 00000000 00:00 0 
89100000-891fb000 rw-p 00000000 00:00 0 
891fb000-89200000 ---p 00000000 00:00 0 
89200000-892f7000 rw-p 00000000 00:00 0 
892f7000-89300000 ---p 00000000 00:00 0 
89300000-893fe000 rw-p 00000000 00:00 0 
893fe000-89400000 ---p 00000000 00:00 0 
89400000-894f9000 rw-p 00000000 00:00 0 
894f9000-89500000 ---p 00000000 00:00 0 
89500000-89600000 rw-p 00000000 00:00 0 
89600000-896f8000 rw-p 00000000 00:00 0 
896f8000-89700000 ---p 00000000 00:00 0 
89700000-897f7000 rw-p 00000000 00:00 0 
897f7000-89800000 ---p 00000000 00:00 0 
89800000-898fb000 rw-p 00000000 00:00 0 
898fb000-89900000 ---p 00000000 00:00 0 
89900000-899f0000 rw-p 00000000 00:00 0 
899f0000-89a00000 ---p 00000000 00:00 0 
89a00000-89af8000 rw-p 00000000 00:00 0 
89af8000-89b00000 ---p 00000000 00:00 0 
89b00000-89bf9000 rw-p 00000000 00:00 0 
89bf9000-89c00000 ---p 00000000 00:00 0 
89c00000-89cf4000 rw-p 00000000 00:00 0 
89cf4000-89d00000 ---p 00000000 00:00 0 
89d00000-89dfa000 rw-p 00000000 00:00 0 
89dfa000-89e00000 ---p 00000000 00:00 0 
89e00000-89ef2000 rw-p 00000000 00:00 0 
89ef2000-89f00000 ---p 00000000 00:00 0 
89f00000-89ffc000 rw-p 00000000 00:00 0 
89ffc000-8a000000 ---p 00000000 00:00 0 
8a000000-8a0f9000 rw-p 00000000 00:00 0 
8a0f9000-8a100000 ---p 00000000 00:00 0 
8a100000-8a1f9000 rw-p 00000000 00:00 0 
8a1f9000-8a200000 ---p 00000000 00:00 0 
8a200000-8a2e5000 rw-p 00000000 00:00 0 
8a2e5000-8a300000 ---p 00000000 00:00 0 
8a300000-8a3fe000 rw-p 00000000 00:00 0 
8a3fe000-8a400000 ---p 00000000 00:00 0 
8a400000-8a5fa000 rw-p 00000000 00:00 0 
8a5fa000-8a600000 ---p 00000000 00:00 0 
8a600000-8a6f4000 rw-p 00000000 00:00 0 
8a6f4000-8a700000 ---p 00000000 00:00 0 
8a700000-8a800000 rw-p 00000000 00:00 0 
8a800000-8a8f5000 rw-p 00000000 00:00 0 
8a8f5000-8a900000 ---p 00000000 00:00 0 
8a9af000-8a9b2000 ---p 00000000 00:00 0 
8a9b2000-8aa00000 rw-p 00000000 00:00 0 
8aa00000-8aafb000 rw-p 00000000 00:00 0 
8aafb000-8ab00000 ---p 00000000 00:00 0 
8ab00000-8ac00000 rw-p 00000000 00:00 0 
8ac00000-8acf1000 rw-p 00000000 00:00 0 
8acf1000-8ad00000 ---p 00000000 00:00 0 
8ad00000-8adf6000 rw-p 00000000 00:00 0 
8adf6000-8ae00000 ---p 00000000 00:00 0 
8ae0d000-8ae10000 ---p 00000000 00:00 0 
8ae10000-8ae5e000 rw-p 00000000 00:00 0 
8ae5e000-8ae61000 ---p 00000000 00:00 0 
8ae61000-8aeaf000 rw-p 00000000 00:00 0 
8aeaf000-8aeb2000 ---p 00000000 00:00 0 
8aeb2000-8af00000 rw-p 00000000 00:00 0 
8af00000-8affe000 rw-p 00000000 00:00 0 
8affe000-8b000000 ---p 00000000 00:00 0 
8b00a000-8b010000 r--s 000fc000 08:01 657489     /usr/lib/jvm/java-1.6.0-openjdk-1.6.0.0/jre/lib/resources.jar
8b010000-8b013000 r--s 00000000 08:01 9701425    /var/cache/fontconfig/87f5e051180a7a75f16eb6fe7dbd3749-le32d4.cache-3
8b013000-8b019000 r--s 00000000 08:01 9701421    /var/cache/fontconfig/b79f3aaa7d385a141ab53ec885cc22a8-le32d4.cache-3
8b019000-8b01b000 r--s 00000000 08:01 9701350    /var/cache/fontconfig/0b1bcc92b4d25cc154d77dafe3bceaa0-le32d4.cache-3
8b01b000-8b01e000 r--s 00000000 08:01 9700990    /var/cache/fontconfig/68fe5182b80ae2709eaaf65e42dcaf33-le32d4.cache-3
8b01e000-8b01f000 r--s 00000000 08:01 9700987    /var/cache/fontconfig/ac1b9faef01ec4feb36ba76b98842887-le32d4.cache-3
8b01f000-8b021000 r--s 00000000 08:01 9700984    /var/cache/fontconfig/ebb99784de50d4c4223a6523ac9c5d63-le32d4.cache-3
8b021000-8b023000 r--s 00000000 08:01 9700078    /var/cache/fontconfig/0c76f5ee3a101157014da521290d0599-le32d4.cache-3
8b023000-8b025000 r--s 00000000 08:01 9700270    /var/cache/fontconfig/2e1514a9fdd499050989183bb65136db-le32d4.cache-3
8b025000-8b027000 r--s 00000000 08:01 9701348    /var/cache/fontconfig/5c755b2f27115486aa6359c84dd3cbda-le32d4.cache-3
8b027000-8b02e000 r--s 00000000 08:01 9701202    /var/cache/fontconfig/7ef2298fde41cc6eeb7af42e48b7d293-le32d4.cache-3
8b02e000-8b02f000 r--s 00000000 08:01 9700268    /var/cache/fontconfig/3f821257dd33660ba7bbb45c32deb84c-le32d4.cache-3
8b02f000-8b031000 r--s 00000000 08:01 9701346    /var/cache/fontconfig/830f035fa84a65ce80e050178dbb630d-le32d4.cache-3
8b031000-8b032000 r--s 00000000 08:01 9700269    /var/cache/fontconfig/81a173283b451552b599cfaafd6236bd-le32d4.cache-3
8b032000-8b033000 r--s 00000000 08:01 9701343    /var/cache/fontconfig/ac68f755438cc3dc5a526084839fc7ca-le32d4.cache-3
8b033000-8b034000 r--s 00000000 08:01 9701342    /var/cache/fontconfig/12513961c6e7090f8648812f9eaf65d6-le32d4.cache-3
8b034000-8b036000 r--s 00000000 08:01 9701341    /var/cache/fontconfig/e26bf336397aae6fcef4d3803472adec-le32d4.cache-3
8b036000-8b037000 r--s 00000000 08:01 9700274    /var/cache/fontconfig/a5c2dc934fad9bbf30c854216245519d-le32d4.cache-3
8b037000-8b038000 r--s 00000000 08:01 9700275    /var/cache/fontconfig/17e60ccdf2eb53b214a9a5d6663eb217-le32d4.cache-3
8b038000-8b039000 r--s 00000000 08:01 9700267    /var/cache/fontconfig/6fcb01a03a016cc71057b587cdea6709-le32d4.cache-3
8b039000-8b03a000 r--s 00000000 08:01 9700273    /var/cache/fontconfig/b887eea8f1b96e1d899b44ed6681fc27-le32d4.cache-3
8b03a000-8b03b000 r--s 00000000 08:01 9701336    /var/cache/fontconfig/860639f272b8b4b3094f9e399e41bccd-le32d4.cache-3
8b03b000-8b03e000 ---p 00000000 00:00 0 
8b03e000-8b08c000 rw-p 00000000 00:00 0 
8b08c000-8b200000 r--s 0198d000 08:01 2492430    /opt/gwt-2.4.0/gwt-dev.jar
8b200000-8b2ff000 rw-p 00000000 00:00 0 
8b2ff000-8b300000 ---p 00000000 00:00 0 
8b300000-8b318000 r--s 00000000 08:01 5117790    /home/edward/.fontconfig/7fdbf32d5f35a87fa18260af37512ebd-le32d4.cache-3
8b318000-8b3fe000 r--s 00b59000 08:01 2492431    /opt/gwt-2.4.0/gwt-user.jar
8b3fe000-8b3ff000 ---p 00000000 00:00 0 
8b3ff000-8b47f000 rw-p 00000000 00:00 0 
8b47f000-8b482000 ---p 00000000 00:00 0 
8b482000-8b500000 rw-p 00000000 00:00 0 
8b500000-8b700000 r--p 00000000 08:01 17973982   /usr/lib/locale/locale-archive
8b700000-8b721000 rw-p 00000000 00:00 0 
8b721000-8b800000 ---p 00000000 00:00 0 
8b800000-8b801000 r--s 00000000 08:01 9701335    /var/cache/fontconfig/211368abcb0ff835c229ff05c9ec01dc-le32d4.cache-3
8b801000-8b802000 r--s 00000000 08:01 9700272    /var/cache/fontconfig/c46020d7221988a13df853d2b46304fc-le32d4.cache-3
8b802000-8b803000 r--s 00000000 08:01 9700277    /var/cache/fontconfig/df893b4576ad6107f9397134092c4059-le32d4.cache-3
8b803000-8b804000 r--s 00000000 08:01 9701332    /var/cache/fontconfig/900402270e15d763a6e008bb2d4c7686-le32d4.cache-3
8b804000-8b805000 r--s 00000000 08:01 9700271    /var/cache/fontconfig/47f48679023f44a4d1e44699a69464f6-le32d4.cache-3
8b805000-8b806000 r--s 00000000 08:01 9701330    /var/cache/fontconfig/2881ed3fd21ca306ddad6f9b0dd3189f-le32d4.cache-3
8b806000-8b807000 r--s 00000000 08:01 9701329    /var/cache/fontconfig/3c3fb04d32a5211b073874b125d29701-le32d4.cache-3
8b807000-8b808000 r--s 00000000 08:01 9701328    /var/cache/fontconfig/e61abf8156cc476151baa07d67337cae-le32d4.cache-3
8b808000-8b80c000 r--s 00000000 08:01 9701208    /var/cache/fontconfig/b67b32625a2bb51b023d3814a918f351-le32d4.cache-3
8b80c000-8b80d000 r--s 00000000 08:01 9701326    /var/cache/fontconfig/d3379abda271c4acd2ad0c01f565d0b0-le32d4.cache-3
8b80d000-8b80e000 r--s 00000000 08:01 9701325    /var/cache/fontconfig/b4d0b56f766d89640448751fcd18ec1e-le32d4.cache-3
8b80e000-8b815000 r--s 00000000 08:01 9701324    /var/cache/fontconfig/12b26b760a24f8b4feb03ad48a333a72-le32d4.cache-3
8b815000-8b817000 r--s 00000000 08:01 9700137    /var/cache/fontconfig/e3ead4b767b8819993a6fa3ae306afa9-le32d4.cache-3
8b817000-8b81a000 r--s 00000000 08:01 9701425    /var/cache/fontconfig/87f5e051180a7a75f16eb6fe7dbd3749-le32d4.cache-3
8b81a000-8b820000 r--s 00000000 08:01 9701421    /var/cache/fontconfig/b79f3aaa7d385a141ab53ec885cc22a8-le32d4.cache-3
8b820000-8b822000 r--s 00000000 08:01 9701350    /var/cache/fontconfig/0b1bcc92b4d25cc154d77dafe3bceaa0-le32d4.cache-3
8b822000-8b825000 r--s 00000000 08:01 9700990    /var/cache/fontconfig/68fe5182b80ae2709eaaf65e42dcaf33-le32d4.cache-3
8b825000-8b826000 r--s 00000000 08:01 9700987    /var/cache/fontconfig/ac1b9faef01ec4feb36ba76b98842887-le32d4.cache-3
8b826000-8b828000 r--s 00000000 08:01 9700984    /var/cache/fontconfig/ebb99784de50d4c4223a6523ac9c5d63-le32d4.cache-3
8b828000-8b82a000 r--s 00000000 08:01 9700078    /var/cache/fontconfig/0c76f5ee3a101157014da521290d0599-le32d4.cache-3
8b82a000-8b82c000 r--s 00000000 08:01 9700270    /var/cache/fontconfig/2e1514a9fdd499050989183bb65136db-le32d4.cache-3
8b82c000-8b82e000 r--s 00000000 08:01 9701348    /var/cache/fontconfig/5c755b2f27115486aa6359c84dd3cbda-le32d4.cache-3
8b82e000-8b831000 ---p 00000000 00:00 0 
8b831000-8b87f000 rw-p 00000000 00:00 0 
8b87f000-8b882000 ---p 00000000 00:00 0 
8b882000-8b900000 rw-p 00000000 00:00 0 
8b900000-8b9fb000 rw-p 00000000 00:00 0 
8b9fb000-8ba00000 ---p 00000000 00:00 0 
8ba00000-8ba07000 r--s 00000000 08:01 9701202    /var/cache/fontconfig/7ef2298fde41cc6eeb7af42e48b7d293-le32d4.cache-3
8ba07000-8ba08000 r--s 00000000 08:01 9700268    /var/cache/fontconfig/3f821257dd33660ba7bbb45c32deb84c-le32d4.cache-3
8ba08000-8ba0a000 r--s 00000000 08:01 9701346    /var/cache/fontconfig/830f035fa84a65ce80e050178dbb630d-le32d4.cache-3
8ba0a000-8ba0b000 r--s 00000000 08:01 9700269    /var/cache/fontconfig/81a173283b451552b599cfaafd6236bd-le32d4.cache-3
8ba0b000-8ba0c000 r--s 00000000 08:01 9701343    /var/cache/fontconfig/ac68f755438cc3dc5a526084839fc7ca-le32d4.cache-3
8ba0c000-8ba0d000 r--s 00000000 08:01 9701342    /var/cache/fontconfig/12513961c6e7090f8648812f9eaf65d6-le32d4.cache-3
8ba0d000-8ba0f000 r--s 00000000 08:01 9701341    /var/cache/fontconfig/e26bf336397aae6fcef4d3803472adec-le32d4.cache-3
8ba0f000-8ba10000 r--s 00000000 08:01 9700274    /var/cache/fontconfig/a5c2dc934fad9bbf30c854216245519d-le32d4.cache-3
8ba10000-8ba11000 r--s 00000000 08:01 9700275    /var/cache/fontconfig/17e60ccdf2eb53b214a9a5d6663eb217-le32d4.cache-3
8ba11000-8ba12000 r--s 00000000 08:01 9700267    /var/cache/fontconfig/6fcb01a03a016cc71057b587cdea6709-le32d4.cache-3
8ba12000-8ba13000 r--s 00000000 08:01 9700273    /var/cache/fontconfig/b887eea8f1b96e1d899b44ed6681fc27-le32d4.cache-3
8ba13000-8ba14000 r--s 00000000 08:01 9701336    /var/cache/fontconfig/860639f272b8b4b3094f9e399e41bccd-le32d4.cache-3
8ba14000-8ba15000 r--s 00000000 08:01 9701335    /var/cache/fontconfig/211368abcb0ff835c229ff05c9ec01dc-le32d4.cache-3
8ba15000-8ba16000 r--s 00000000 08:01 9700272    /var/cache/fontconfig/c46020d7221988a13df853d2b46304fc-le32d4.cache-3
8ba16000-8ba17000 r--s 00000000 08:01 9700277    /var/cache/fontconfig/df893b4576ad6107f9397134092c4059-le32d4.cache-3
8ba17000-8ba18000 r--s 00000000 08:01 9701332    /var/cache/fontconfig/900402270e15d763a6e008bb2d4c7686-le32d4.cache-3
8ba18000-8ba19000 r--s 00000000 08:01 9700271    /var/cache/fontconfig/47f48679023f44a4d1e44699a69464f6-le32d4.cache-3
8ba19000-8ba1a000 r--s 00000000 08:01 9701330    /var/cache/fontconfig/2881ed3fd21ca306ddad6f9b0dd3189f-le32d4.cache-3
8ba1a000-8ba1d000 ---p 00000000 00:00 0 
8ba1d000-8ba6b000 rw-p 00000000 00:00 0 
8ba6b000-8ba6e000 ---p 00000000 00:00 0 
8ba6e000-8babc000 rw-p 00000000 00:00 0 
8babc000-8babd000 ---p 00000000 00:00 0 
8babd000-8bb70000 rw-p 00000000 00:00 0 
8bb70000-8bd00000 r--s 038c1000 08:01 657491     /usr/lib/jvm/java-1.6.0-openjdk-1.6.0.0/jre/lib/rt.jar
8bd00000-8bdfe000 rw-p 00000000 00:00 0 
8bdfe000-8be00000 ---p 00000000 00:00 0 
8be00000-8be01000 r--s 00000000 08:01 9701328    /var/cache/fontconfig/e61abf8156cc476151baa07d67337cae-le32d4.cache-3
8be01000-8be05000 r--s 00000000 08:01 9701208    /var/cache/fontconfig/b67b32625a2bb51b023d3814a918f351-le32d4.cache-3
8be05000-8be06000 r--s 00000000 08:01 9701326    /var/cache/fontconfig/d3379abda271c4acd2ad0c01f565d0b0-le32d4.cache-3
8be06000-8be07000 r--s 00000000 08:01 9701325    /var/cache/fontconfig/b4d0b56f766d89640448751fcd18ec1e-le32d4.cache-3
8be07000-8be0e000 r--s 00000000 08:01 9701324    /var/cache/fontconfig/12b26b760a24f8b4feb03ad48a333a72-le32d4.cache-3
8be0e000-8be26000 r--s 00000000 08:01 5117790    /home/edward/.fontconfig/7fdbf32d5f35a87fa18260af37512ebd-le32d4.cache-3
8be26000-8be29000 r--s 00038000 08:01 919479     /usr/lib/jvm/java-1.6.0-openjdk-1.6.0.0/jre/lib/ext/sunpkcs11.jar
8be29000-8be2b000 r--s 00001000 08:01 919472     /usr/lib/jvm/java-1.6.0-openjdk-1.6.0.0/jre/lib/ext/dnsns.jar
8be2b000-8be2e000 r--s 00077000 08:01 919475     /usr/lib/jvm/java-1.6.0-openjdk-1.6.0.0/jre/lib/ext/localedata.jar
8be2e000-8be31000 ---p 00000000 00:00 0 
8be31000-8be7f000 rw-p 00000000 00:00 0 
8be7f000-8be80000 ---p 00000000 00:00 0 
8be80000-8bf00000 rw-p 00000000 00:00 0 
8bf00000-8bf21000 rw-p 00000000 00:00 0 
8bf21000-8c000000 ---p 00000000 00:00 0 
8c000000-8c021000 rw-p 00000000 00:00 0 
8c021000-8c100000 ---p 00000000 00:00 0 
8c100000-8c12e000 rw-p 00000000 00:00 0 
8c12e000-8c131000 ---p 00000000 00:00 0 
8c131000-8c17f000 rw-p 00000000 00:00 0 
8c17f000-8c180000 ---p 00000000 00:00 0 
8c180000-8c200000 rw-p 00000000 00:00 0 
8c200000-8c283000 rw-p 00000000 00:00 0 
8c283000-8c300000 ---p 00000000 00:00 0 
8c300000-8c303000 r--s 00031000 08:01 919478     /usr/lib/jvm/java-1.6.0-openjdk-1.6.0.0/jre/lib/ext/sunjce_provider.jar
8c303000-8c307000 r--s 0007c000 08:01 657479     /usr/lib/jvm/java-1.6.0-openjdk-1.6.0.0/jre/lib/jsse.jar
8c307000-8c312000 r--s 00080000 08:01 6955010    /home/edward/workspace/final_test/MediaElection2/lib/gwtquery-1.1.1-20120218.170746-9.jar
8c312000-8c313000 ---p 00000000 00:00 0 
8c313000-8c393000 rw-p 00000000 00:00 0 
8c393000-8c394000 ---p 00000000 00:00 0 
8c394000-8c423000 rw-p 00000000 00:00 0 
8c423000-8c454000 rw-p 00000000 00:00 0 
8c454000-8c4a6000 rw-p 00000000 00:00 0 
8c4a6000-8c4ff000 rw-p 00000000 00:00 0 
8c4ff000-8c50e000 rw-p 00000000 00:00 0 
8c50e000-8c53f000 rw-p 00000000 00:00 0 
8c53f000-8c591000 rw-p 00000000 00:00 0 
8c591000-8c5e9000 rw-p 00000000 00:00 0 
8c5e9000-8c63f000 rw-p 00000000 00:00 0 
8c63f000-8e340000 rw-p 00000000 00:00 0 
8e340000-94640000 rw-p 00000000 00:00 0 
94640000-9e9a0000 rw-p 00000000 00:00 0 
9e9a0000-a9ba0000 rw-p 00000000 00:00 0 
a9ba0000-b4510000 rw-p 00000000 00:00 0 
b4510000-b4640000 ---p 00000000 00:00 0 
b4640000-b465f000 rw-p 00000000 00:00 0 
b465f000-b4700000 rw-p 00000000 00:00 0 
b4700000-b4e88000 rwxp 00000000 00:00 0 
b4e88000-b77fd000 rw-p 00000000 00:00 0 
b77fd000-b7800000 ---p 00000000 00:00 0 
b7800000-b7802000 r--s 00000000 08:01 9700137    /var/cache/fontconfig/e3ead4b767b8819993a6fa3ae306afa9-le32d4.cache-3
b7802000-b7816000 r--s 000a5000 08:01 6955009    /home/edward/workspace/final_test/MediaElection2/lib/gwt-maps.jar
b7816000-b781d000 r--s 000ba000 08:01 6957959    /home/edward/workspace/final_test/MediaElection2/war/WEB-INF/lib/mysql-connector-java-5.1.18-bin.jar
b781d000-b7823000 r--s 00033000 08:01 6957958    /home/edward/workspace/final_test/MediaElection2/war/WEB-INF/lib/commons-codec-1.6.jar
b7823000-b7826000 ---p 00000000 00:00 0 
b7826000-b7876000 rw-p 00000000 00:00 0 
b7876000-b7877000 r--s 00000000 08:01 9701329    /var/cache/fontconfig/3c3fb04d32a5211b073874b125d29701-le32d4.cache-3
b7877000-b787a000 r--s 00009000 08:01 2492445    /opt/gwt-2.4.0/validation-api-1.0.0.GA.jar
b787a000-b787c000 r--s 0000e000 08:01 2492446    /opt/gwt-2.4.0/validation-api-1.0.0.GA-sources.jar
b787c000-b787f000 r--s 0000f000 08:01 919477     /usr/lib/jvm/java-1.6.0-openjdk-1.6.0.0/jre/lib/ext/pulse-java.jar
b787f000-b7888000 r--s 00065000 08:01 919474     /usr/lib/jvm/java-1.6.0-openjdk-1.6.0.0/jre/lib/ext/gnome-java-bridge.jar
b7888000-b788a000 r--s 0001d000 08:01 657486     /usr/lib/jvm/java-1.6.0-openjdk-1.6.0.0/jre/lib/plugin.jar
b788a000-b788f000 r--s 00044000 08:01 657485     /usr/lib/jvm/java-1.6.0-openjdk-1.6.0.0/jre/lib/netx.jar
b788f000-b7897000 rw-s 00000000 08:01 18245910   /tmp/hsperfdata_edward/7408
b7897000-b7898000 rw-p 00000000 00:00 0 
b7898000-b7899000 r--p 00000000 00:00 0 
b7899000-b789a000 rw-p 00000000 00:00 0 
bf96d000-bf98e000 rw-p 00000000 00:00 0          [stack]

VM Arguments:
jvm_args: -Xmx512m 
java_command: com.google.gwt.dev.Compiler -logLevel INFO -style OBFUSCATED -war /home/edward/workspace/final_test/MediaElection2/war com.beta.election.media.MediaElection2
Launcher Type: SUN_STANDARD

Environment Variables:
CLASSPATH=/home/edward/workspace/final_test/MediaElection2/src:/home/edward/workspace/final_test/MediaElection2/test-classes:/home/edward/workspace/final_test/MediaElection2/war/WEB-INF/classes:/opt/gwt-2.4.0/gwt-user.jar:/opt/gwt-2.4.0/gwt-dev.jar:/opt/gwt-2.4.0/validation-api-1.0.0.GA-sources.jar:/opt/gwt-2.4.0/validation-api-1.0.0.GA.jar:/home/edward/workspace/final_test/MediaElection2/war/WEB-INF/lib/commons-codec-1.6.jar:/home/edward/workspace/final_test/MediaElection2/war/WEB-INF/lib/mysql-connector-java-5.1.18-bin.jar:/home/edward/workspace/final_test/MediaElection2/lib/gwt-maps.jar:/home/edward/workspace/final_test/MediaElection2/lib/gwtquery-1.1.1-20120218.170746-9.jar:/opt/gwt-2.4.0/gwt-dev.jar
PATH=/usr/lib/qt-3.3/bin:/usr/lib/ccache:/usr/local/bin:/usr/bin:/bin:/usr/local/sbin:/usr/sbin:/sbin:/opt/gwt-2.4.0:/opt/jdk1.6.0_11/bin:/home/edward/bin:/opt/jdk1.6.0_11/bin
USERNAME=edward
LD_LIBRARY_PATH=/usr/lib/jvm/java-1.6.0-openjdk-1.6.0.0/jre/lib/i386/server:/usr/lib/jvm/java-1.6.0-openjdk-1.6.0.0/jre/lib/i386:/usr/lib/jvm/java-1.6.0-openjdk-1.6.0.0/jre/../lib/i386:/usr/lib/jvm/java-1.6.0-openjdk-1.6.0.0/jre/lib/i386/client:/usr/lib/jvm/java-1.6.0-openjdk-1.6.0.0/jre/lib/i386:
SHELL=/bin/bash
DISPLAY=:0.0

Signal Handlers:
SIGSEGV: [libjvm.so+0x64f880], sa_mask[0]=0x7ffbfeff, sa_flags=0x10000004
SIGBUS: [libjvm.so+0x64f880], sa_mask[0]=0x7ffbfeff, sa_flags=0x10000004
SIGFPE: [libjvm.so+0x517210], sa_mask[0]=0x7ffbfeff, sa_flags=0x10000004
SIGPIPE: [libjvm.so+0x517210], sa_mask[0]=0x7ffbfeff, sa_flags=0x10000004
SIGXFSZ: [libjvm.so+0x517210], sa_mask[0]=0x7ffbfeff, sa_flags=0x10000004
SIGILL: [libjvm.so+0x517210], sa_mask[0]=0x7ffbfeff, sa_flags=0x10000004
SIGUSR1: SIG_DFL, sa_mask[0]=0x00000000, sa_flags=0x00000000
SIGUSR2: [libjvm.so+0x517080], sa_mask[0]=0x00000004, sa_flags=0x10000004
SIGHUP: [libjvm.so+0x519c40], sa_mask[0]=0x7ffbfeff, sa_flags=0x10000004
SIGINT: [libjvm.so+0x519c40], sa_mask[0]=0x7ffbfeff, sa_flags=0x10000004
SIGTERM: [libjvm.so+0x519c40], sa_mask[0]=0x7ffbfeff, sa_flags=0x10000004
SIGQUIT: [libjvm.so+0x519c40], sa_mask[0]=0x7ffbfeff, sa_flags=0x10000004


---------------  S Y S T E M  ---------------

OS:Fedora release 14 (Laughlin)

uname:Linux 2.6.35.12-90.fc14.i686 #1 SMP Fri Apr 22 16:14:44 UTC 2011 i686
libc:glibc 2.13 NPTL 2.13 
rlimit: STACK 8192k, CORE 0k, NPROC 1024, NOFILE 1024, AS infinity
load average:0.59 0.17 0.09

/proc/meminfo:
MemTotal:        3540668 kB
MemFree:          104548 kB
Buffers:          157272 kB
Cached:          1238228 kB
SwapCached:          264 kB
Active:          2187212 kB
Inactive:        1086500 kB
Active(anon):    1608220 kB
Inactive(anon):   509492 kB
Active(file):     578992 kB
Inactive(file):   577008 kB
Unevictable:           0 kB
Mlocked:               0 kB
HighTotal:       2694840 kB
HighFree:           5396 kB
LowTotal:         845828 kB
LowFree:           99152 kB
SwapTotal:      10489852 kB
SwapFree:       10478828 kB
Dirty:             49984 kB
Writeback:             0 kB
AnonPages:       1878004 kB
Mapped:           134940 kB
Shmem:            239496 kB
Slab:             106912 kB
SReclaimable:      88148 kB
SUnreclaim:        18764 kB
KernelStack:        4496 kB
PageTables:        11864 kB
NFS_Unstable:          0 kB
Bounce:                0 kB
WritebackTmp:          0 kB
CommitLimit:    12260184 kB
Committed_AS:    4127836 kB
VmallocTotal:     122880 kB
VmallocUsed:       42200 kB
VmallocChunk:      45744 kB
HardwareCorrupted:     0 kB
HugePages_Total:       0
HugePages_Free:        0
HugePages_Rsvd:        0
HugePages_Surp:        0
Hugepagesize:       4096 kB
DirectMap4k:       20472 kB
DirectMap4M:      880640 kB


CPU:total 4 (2 cores per cpu, 2 threads per core) family 6 model 37 stepping 5, cmov, cx8, fxsr, mmx, sse, sse2, sse3, ssse3, sse4.1, sse4.2, popcnt, ht

Memory: 4k page, physical 3540668k(104548k free), swap 10489852k(10478828k free)

vm_info: OpenJDK Server VM (19.0-b09) for linux-x86 JRE (1.6.0_20-b20), built on Feb 15 2011 23:54:33 by "mockbuild" with gcc 4.5.1 20100924 (Red Hat 4.5.1-4)

time: Mon Oct 15 14:12:41 2012
elapsed time: 23 seconds

