#
# A fatal error has been detected by the Java Runtime Environment:
#
#  SIGSEGV (0xb) at pc=0xb4ad712a, pid=6830, tid=3077536624
#
# JRE version: 6.0_20-b20
# Java VM: OpenJDK Server VM (19.0-b09 mixed mode linux-x86 )
# Derivative: IcedTea6 1.9.7
# Distribution: Fedora release 14 (Laughlin), package fedora-52.1.9.7.fc14-i386
# Problematic frame:
# J  com.google.gwt.dev.jjs.impl.ControlFlowAnalyzer$RescueVisitor.rescue(Lcom/google/gwt/dev/jjs/ast/JMethod;)Z
#
# If you would like to submit a bug report, please include
# instructions how to reproduce the bug and visit:
#   http://icedtea.classpath.org/bugzilla
#

---------------  T H R E A D  ---------------

Current thread (0xb7505800):  JavaThread "main" [_thread_in_Java, id=6832, stack(0xb76a7000,0xb76f8000)]

siginfo:si_signo=SIGSEGV: si_errno=0, si_code=128 (), si_addr=0x00000000

Registers:
EAX=0x00000ed0, EBX=0xac461440, ECX=0x8c4d27b0, EDX=0x000003b4
ESP=0xb76f0e80, EBP=0xac474408, ESI=0x00a23494, EDI=0xac378708
EIP=0xb4ad712a, CR2=0x00000004, EFLAGS=0x00210283

Register to memory mapping:

EAX=0x00000ed0
0x00000ed0 is pointing to unknown location

EBX=0xac461440

[error occurred during error reporting (printing registers, top of stack, instructions near pc), id 0xe0000000]

Stack: [0xb76a7000,0xb76f8000],  sp=0xb76f0e80,  free space=295k
Native frames: (J=compiled Java code, j=interpreted, Vv=VM code, C=native code)
J  com.google.gwt.dev.jjs.impl.ControlFlowAnalyzer$RescueVisitor.rescue(Lcom/google/gwt/dev/jjs/ast/JMethod;)Z


---------------  P R O C E S S  ---------------

Java Threads: ( => current thread )
  0x8b7bac00 JavaThread "Java2D Disposer" daemon [_thread_blocked, id=6851, stack(0x8a85e000,0x8a8af000)]
  0x8b023800 JavaThread "UnitWriteThread" daemon [_thread_blocked, id=6849, stack(0x8b62e000,0x8b67f000)]
  0x8b03c800 JavaThread "com.google.gwt.thirdparty.guava.common.base.internal.Finalizer" daemon [_thread_blocked, id=6847, stack(0x8b81a000,0x8b86b000)]
  0x8c01a000 JavaThread "Timer-0" daemon [_thread_blocked, id=6846, stack(0x8bc0f000,0x8bc60000)]
  0xb75c8000 JavaThread "Low Memory Detector" daemon [_thread_blocked, id=6843, stack(0x8bf2e000,0x8bf7f000)]
  0xb75c6400 JavaThread "CompilerThread1" daemon [_thread_in_native, id=6842, stack(0x8b27f000,0x8b300000)]
  0xb75c4400 JavaThread "CompilerThread0" daemon [_thread_in_native, id=6841, stack(0x8b67f000,0x8b700000)]
  0xb75c2c00 JavaThread "Signal Dispatcher" daemon [_thread_blocked, id=6840, stack(0x8c101000,0x8c152000)]
  0xb75b3800 JavaThread "Finalizer" daemon [_thread_blocked, id=6839, stack(0xb7616000,0xb7667000)]
  0xb75b2000 JavaThread "Reference Handler" daemon [_thread_blocked, id=6838, stack(0x8b86b000,0x8b8bc000)]
=>0xb7505800 JavaThread "main" [_thread_in_Java, id=6832, stack(0xb76a7000,0xb76f8000)]

Other Threads:
  0xb75ae000 VMThread [stack: 0x8b8bc000,0x8b93d000] [id=6837]
  0xb75ca000 WatcherThread [stack: 0x8b1fe000,0x8b27f000] [id=6844]

VM state:not at safepoint (normal execution)

VM Mutex/Monitor currently owned by a thread: None

Heap
 PSYoungGen      total 134464K, used 54908K [0xa99a0000, 0xb4010000, 0xb4440000)
  eden space 103360K, 43% used [0xa99a0000,0xac562218,0xafe90000)
  from space 31104K, 32% used [0xb21b0000,0xb2b8cee0,0xb4010000)
  to   space 33536K, 0% used [0xafe90000,0xafe90000,0xb1f50000)
 PSOldGen        total 162624K, used 126111K [0x94440000, 0x9e310000, 0xa99a0000)
  object space 162624K, 77% used [0x94440000,0x9bf67d48,0x9e310000)
 PSPermGen       total 32000K, used 20150K [0x8c440000, 0x8e380000, 0x94440000)
  object space 32000K, 62% used [0x8c440000,0x8d7ed948,0x8e380000)

Dynamic libraries:
00101000-00115000 r-xp 00000000 08:01 17569129   /lib/libz.so.1.2.5
00115000-00116000 rw-p 00013000 08:01 17569129   /lib/libz.so.1.2.5
00116000-00299000 r-xp 00000000 08:01 17564884   /lib/libc-2.13.so
00299000-0029a000 ---p 00183000 08:01 17564884   /lib/libc-2.13.so
0029a000-0029c000 r--p 00183000 08:01 17564884   /lib/libc-2.13.so
0029c000-0029d000 rw-p 00185000 08:01 17564884   /lib/libc-2.13.so
0029d000-002a0000 rw-p 00000000 00:00 0 
002a0000-002c8000 r-xp 00000000 08:01 17569123   /lib/libm-2.13.so
002c8000-002c9000 r--p 00027000 08:01 17569123   /lib/libm-2.13.so
002c9000-002ca000 rw-p 00028000 08:01 17569123   /lib/libm-2.13.so
002ca000-002d1000 r-xp 00000000 08:01 17569124   /lib/librt-2.13.so
002d1000-002d2000 r--p 00006000 08:01 17569124   /lib/librt-2.13.so
002d2000-002d3000 rw-p 00007000 08:01 17569124   /lib/librt-2.13.so
002d3000-002d9000 r-xp 00000000 08:01 1191207    /usr/lib/jvm/java-1.6.0-openjdk-1.6.0.0/jre/lib/i386/native_threads/libhpi.so
002d9000-002da000 rw-p 00006000 08:01 1191207    /usr/lib/jvm/java-1.6.0-openjdk-1.6.0.0/jre/lib/i386/native_threads/libhpi.so
002da000-002e5000 r-xp 00000000 08:01 17564375   /lib/libnss_files-2.13.so
002e5000-002e6000 r--p 0000a000 08:01 17564375   /lib/libnss_files-2.13.so
002e6000-002e7000 rw-p 0000b000 08:01 17564375   /lib/libnss_files-2.13.so
002e7000-00303000 r-xp 00000000 08:01 17564434   /lib/libgcc_s-4.5.1-20100924.so.1
00303000-00304000 rw-p 0001b000 08:01 17564434   /lib/libgcc_s-4.5.1-20100924.so.1
00304000-0030d000 r-xp 00000000 08:01 919496     /usr/lib/jvm/java-1.6.0-openjdk-1.6.0.0/jre/lib/i386/libjpeg.so
0030d000-0030e000 rw-p 00008000 08:01 919496     /usr/lib/jvm/java-1.6.0-openjdk-1.6.0.0/jre/lib/i386/libjpeg.so
00312000-0031d000 r-xp 00000000 08:01 919511     /usr/lib/jvm/java-1.6.0-openjdk-1.6.0.0/jre/lib/i386/libverify.so
0031d000-0031e000 rw-p 0000b000 08:01 919511     /usr/lib/jvm/java-1.6.0-openjdk-1.6.0.0/jre/lib/i386/libverify.so
0031e000-0039e000 r-xp 00000000 08:01 919483     /usr/lib/jvm/java-1.6.0-openjdk-1.6.0.0/jre/lib/i386/libawt.so
0039e000-003a5000 rw-p 00080000 08:01 919483     /usr/lib/jvm/java-1.6.0-openjdk-1.6.0.0/jre/lib/i386/libawt.so
003a5000-003c9000 rw-p 00000000 00:00 0 
003c9000-00457000 r-xp 00000000 08:01 17960414   /usr/lib/libfreetype.so.6.6.0
00457000-0045b000 rw-p 0008d000 08:01 17960414   /usr/lib/libfreetype.so.6.6.0
0045b000-0046e000 r-xp 00000000 08:01 919503     /usr/lib/jvm/java-1.6.0-openjdk-1.6.0.0/jre/lib/i386/libnet.so
0046e000-0046f000 rw-p 00013000 08:01 919503     /usr/lib/jvm/java-1.6.0-openjdk-1.6.0.0/jre/lib/i386/libnet.so
0046f000-0049a000 r-xp 00000000 08:01 919500     /usr/lib/jvm/java-1.6.0-openjdk-1.6.0.0/jre/lib/i386/liblcms.so
0049a000-0049b000 rw-p 0002b000 08:01 919500     /usr/lib/jvm/java-1.6.0-openjdk-1.6.0.0/jre/lib/i386/liblcms.so
0049b000-0049e000 rw-p 00000000 00:00 0 
004b8000-004da000 r-xp 00000000 08:01 919492     /usr/lib/jvm/java-1.6.0-openjdk-1.6.0.0/jre/lib/i386/libjava.so
004da000-004dc000 rw-p 00022000 08:01 919492     /usr/lib/jvm/java-1.6.0-openjdk-1.6.0.0/jre/lib/i386/libjava.so
00516000-0055c000 r-xp 00000000 08:01 919485     /usr/lib/jvm/java-1.6.0-openjdk-1.6.0.0/jre/lib/i386/libfontmanager.so
0055c000-0055e000 rw-p 00046000 08:01 919485     /usr/lib/jvm/java-1.6.0-openjdk-1.6.0.0/jre/lib/i386/libfontmanager.so
0055e000-00563000 rw-p 00000000 00:00 0 
006aa000-006ae000 r-xp 00000000 08:01 1052744    /usr/lib/jvm/java-1.6.0-openjdk-1.6.0.0/jre/lib/i386/headless/libmawt.so
006ae000-006af000 rw-p 00004000 08:01 1052744    /usr/lib/jvm/java-1.6.0-openjdk-1.6.0.0/jre/lib/i386/headless/libmawt.so
00723000-00729000 r-xp 00000000 08:01 919501     /usr/lib/jvm/java-1.6.0-openjdk-1.6.0.0/jre/lib/i386/libmanagement.so
00729000-0072a000 rw-p 00005000 08:01 919501     /usr/lib/jvm/java-1.6.0-openjdk-1.6.0.0/jre/lib/i386/libmanagement.so
0084b000-00851000 r-xp 00000000 08:01 919512     /usr/lib/jvm/java-1.6.0-openjdk-1.6.0.0/jre/lib/i386/libzip.so
00851000-00852000 rw-p 00005000 08:01 919512     /usr/lib/jvm/java-1.6.0-openjdk-1.6.0.0/jre/lib/i386/libzip.so
00aab000-00ab2000 r-xp 00000000 08:01 919504     /usr/lib/jvm/java-1.6.0-openjdk-1.6.0.0/jre/lib/i386/libnio.so
00ab2000-00ab3000 rw-p 00006000 08:01 919504     /usr/lib/jvm/java-1.6.0-openjdk-1.6.0.0/jre/lib/i386/libnio.so
00bc9000-00be6000 r-xp 00000000 08:01 17564404   /lib/ld-2.13.so
00be6000-00be7000 r--p 0001c000 08:01 17564404   /lib/ld-2.13.so
00be7000-00be8000 rw-p 0001d000 08:01 17564404   /lib/ld-2.13.so
00c98000-00c99000 r-xp 00000000 00:00 0          [vdso]
00d76000-00d79000 r-xp 00000000 08:01 17565217   /lib/libdl-2.13.so
00d79000-00d7a000 r--p 00002000 08:01 17565217   /lib/libdl-2.13.so
00d7a000-00d7b000 rw-p 00003000 08:01 17565217   /lib/libdl-2.13.so
00d7d000-00d94000 r-xp 00000000 08:01 17565559   /lib/libpthread-2.13.so
00d94000-00d95000 r--p 00016000 08:01 17565559   /lib/libpthread-2.13.so
00d95000-00d96000 rw-p 00017000 08:01 17565559   /lib/libpthread-2.13.so
00d96000-00d98000 rw-p 00000000 00:00 0 
00d9a000-00d9d000 r-xp 00000000 08:01 1179684    /usr/lib/jvm/java-1.6.0-openjdk-1.6.0.0/jre/lib/i386/jli/libjli.so
00d9d000-00d9e000 rw-p 00002000 08:01 1179684    /usr/lib/jvm/java-1.6.0-openjdk-1.6.0.0/jre/lib/i386/jli/libjli.so
00d9e000-0146d000 r-xp 00000000 08:01 1317374    /usr/lib/jvm/java-1.6.0-openjdk-1.6.0.0/jre/lib/i386/server/libjvm.so
0146d000-014c1000 rw-p 006ce000 08:01 1317374    /usr/lib/jvm/java-1.6.0-openjdk-1.6.0.0/jre/lib/i386/server/libjvm.so
014c1000-018e0000 rw-p 00000000 00:00 0 
0597b000-05992000 r-xp 00000000 08:01 17569151   /lib/libnsl-2.13.so
05992000-05993000 r--p 00016000 08:01 17569151   /lib/libnsl-2.13.so
05993000-05994000 rw-p 00017000 08:01 17569151   /lib/libnsl-2.13.so
05994000-05996000 rw-p 00000000 00:00 0 
08048000-08050000 r-xp 00000000 08:01 1319532    /usr/lib/jvm/java-1.6.0-openjdk-1.6.0.0/bin/java
08050000-08052000 rw-p 00007000 08:01 1319532    /usr/lib/jvm/java-1.6.0-openjdk-1.6.0.0/bin/java
09c45000-09c67000 rw-p 00000000 00:00 0          [heap]
86c00000-86c93000 rw-p 00000000 00:00 0 
86c93000-86d00000 ---p 00000000 00:00 0 
86e00000-86eec000 rw-p 00000000 00:00 0 
86eec000-86f00000 ---p 00000000 00:00 0 
86f00000-86ff1000 rw-p 00000000 00:00 0 
86ff1000-87000000 ---p 00000000 00:00 0 
87000000-870ec000 rw-p 00000000 00:00 0 
870ec000-87100000 ---p 00000000 00:00 0 
87100000-871b0000 rw-p 00000000 00:00 0 
871b0000-87200000 ---p 00000000 00:00 0 
87200000-872fd000 rw-p 00000000 00:00 0 
872fd000-87300000 ---p 00000000 00:00 0 
87300000-873fe000 rw-p 00000000 00:00 0 
873fe000-87400000 ---p 00000000 00:00 0 
87400000-874f2000 rw-p 00000000 00:00 0 
874f2000-87500000 ---p 00000000 00:00 0 
87500000-875f2000 rw-p 00000000 00:00 0 
875f2000-87600000 ---p 00000000 00:00 0 
87600000-876e4000 rw-p 00000000 00:00 0 
876e4000-87700000 ---p 00000000 00:00 0 
87700000-877ec000 rw-p 00000000 00:00 0 
877ec000-87800000 ---p 00000000 00:00 0 
87800000-879fc000 rw-p 00000000 00:00 0 
879fc000-87a00000 ---p 00000000 00:00 0 
87a00000-87afd000 rw-p 00000000 00:00 0 
87afd000-87b00000 ---p 00000000 00:00 0 
87b00000-87bfd000 rw-p 00000000 00:00 0 
87bfd000-87c00000 ---p 00000000 00:00 0 
87c00000-87cf9000 rw-p 00000000 00:00 0 
87cf9000-87d00000 ---p 00000000 00:00 0 
87d00000-87df9000 rw-p 00000000 00:00 0 
87df9000-87e00000 ---p 00000000 00:00 0 
87e00000-87ef9000 rw-p 00000000 00:00 0 
87ef9000-87f00000 ---p 00000000 00:00 0 
87f00000-87ffe000 rw-p 00000000 00:00 0 
87ffe000-88000000 ---p 00000000 00:00 0 
88000000-880e3000 rw-p 00000000 00:00 0 
880e3000-88100000 ---p 00000000 00:00 0 
88100000-881f3000 rw-p 00000000 00:00 0 
881f3000-88200000 ---p 00000000 00:00 0 
88200000-882e9000 rw-p 00000000 00:00 0 
882e9000-88300000 ---p 00000000 00:00 0 
88300000-883fb000 rw-p 00000000 00:00 0 
883fb000-88400000 ---p 00000000 00:00 0 
88400000-884d6000 rw-p 00000000 00:00 0 
884d6000-88500000 ---p 00000000 00:00 0 
88500000-885fe000 rw-p 00000000 00:00 0 
885fe000-88600000 ---p 00000000 00:00 0 
88600000-886f7000 rw-p 00000000 00:00 0 
886f7000-88700000 ---p 00000000 00:00 0 
88800000-888f0000 rw-p 00000000 00:00 0 
888f0000-88900000 ---p 00000000 00:00 0 
88900000-889f9000 rw-p 00000000 00:00 0 
889f9000-88a00000 ---p 00000000 00:00 0 
88a00000-88aeb000 rw-p 00000000 00:00 0 
88aeb000-88b00000 ---p 00000000 00:00 0 
88b00000-88bfc000 rw-p 00000000 00:00 0 
88bfc000-88c00000 ---p 00000000 00:00 0 
88c00000-88cf9000 rw-p 00000000 00:00 0 
88cf9000-88d00000 ---p 00000000 00:00 0 
88d00000-88df4000 rw-p 00000000 00:00 0 
88df4000-88e00000 ---p 00000000 00:00 0 
88e00000-88eeb000 rw-p 00000000 00:00 0 
88eeb000-88f00000 ---p 00000000 00:00 0 
88f00000-88ffd000 rw-p 00000000 00:00 0 
88ffd000-89000000 ---p 00000000 00:00 0 
89000000-890f6000 rw-p 00000000 00:00 0 
890f6000-89100000 ---p 00000000 00:00 0 
89100000-891ed000 rw-p 00000000 00:00 0 
891ed000-89200000 ---p 00000000 00:00 0 
89200000-892f6000 rw-p 00000000 00:00 0 
892f6000-89300000 ---p 00000000 00:00 0 
89300000-893fd000 rw-p 00000000 00:00 0 
893fd000-89400000 ---p 00000000 00:00 0 
89400000-894f9000 rw-p 00000000 00:00 0 
894f9000-89500000 ---p 00000000 00:00 0 
89500000-89600000 rw-p 00000000 00:00 0 
89600000-896a1000 rw-p 00000000 00:00 0 
896a1000-89700000 ---p 00000000 00:00 0 
89700000-897fe000 rw-p 00000000 00:00 0 
897fe000-89800000 ---p 00000000 00:00 0 
89800000-898f3000 rw-p 00000000 00:00 0 
898f3000-89900000 ---p 00000000 00:00 0 
89900000-899f9000 rw-p 00000000 00:00 0 
899f9000-89a00000 ---p 00000000 00:00 0 
89b00000-89bff000 rw-p 00000000 00:00 0 
89bff000-89c00000 ---p 00000000 00:00 0 
89c00000-89cf5000 rw-p 00000000 00:00 0 
89cf5000-89d00000 ---p 00000000 00:00 0 
89d00000-89dfa000 rw-p 00000000 00:00 0 
89dfa000-89e00000 ---p 00000000 00:00 0 
89e00000-89efa000 rw-p 00000000 00:00 0 
89efa000-89f00000 ---p 00000000 00:00 0 
89f00000-89ffd000 rw-p 00000000 00:00 0 
89ffd000-8a000000 ---p 00000000 00:00 0 
8a000000-8a0dd000 rw-p 00000000 00:00 0 
8a0dd000-8a100000 ---p 00000000 00:00 0 
8a100000-8a1ff000 rw-p 00000000 00:00 0 
8a1ff000-8a200000 ---p 00000000 00:00 0 
8a200000-8a2fa000 rw-p 00000000 00:00 0 
8a2fa000-8a300000 ---p 00000000 00:00 0 
8a300000-8a3fc000 rw-p 00000000 00:00 0 
8a3fc000-8a400000 ---p 00000000 00:00 0 
8a500000-8a5a0000 rw-p 00000000 00:00 0 
8a5a0000-8a600000 ---p 00000000 00:00 0 
8a644000-8a700000 rw-p 00000000 00:00 0 
8a700000-8a7f7000 rw-p 00000000 00:00 0 
8a7f7000-8a800000 ---p 00000000 00:00 0 
8a84a000-8a850000 r--s 000fc000 08:01 657489     /usr/lib/jvm/java-1.6.0-openjdk-1.6.0.0/jre/lib/resources.jar
8a850000-8a853000 r--s 00000000 08:01 9701425    /var/cache/fontconfig/87f5e051180a7a75f16eb6fe7dbd3749-le32d4.cache-3
8a853000-8a859000 r--s 00000000 08:01 9701421    /var/cache/fontconfig/b79f3aaa7d385a141ab53ec885cc22a8-le32d4.cache-3
8a859000-8a85b000 r--s 00000000 08:01 9701350    /var/cache/fontconfig/0b1bcc92b4d25cc154d77dafe3bceaa0-le32d4.cache-3
8a85b000-8a85e000 r--s 00000000 08:01 9700990    /var/cache/fontconfig/68fe5182b80ae2709eaaf65e42dcaf33-le32d4.cache-3
8a85e000-8a861000 ---p 00000000 00:00 0 
8a861000-8a8af000 rw-p 00000000 00:00 0 
8a8af000-8a8b2000 ---p 00000000 00:00 0 
8a8b2000-8a900000 rw-p 00000000 00:00 0 
8a900000-8a9fd000 rw-p 00000000 00:00 0 
8a9fd000-8aa00000 ---p 00000000 00:00 0 
8aa00000-8ab00000 rw-p 00000000 00:00 0 
8ab00000-8ac00000 rw-p 00000000 00:00 0 
8ac00000-8acea000 rw-p 00000000 00:00 0 
8acea000-8ad00000 ---p 00000000 00:00 0 
8ad00000-8adff000 rw-p 00000000 00:00 0 
8adff000-8ae00000 ---p 00000000 00:00 0 
8ae00000-8ae01000 r--s 00000000 08:01 9700987    /var/cache/fontconfig/ac1b9faef01ec4feb36ba76b98842887-le32d4.cache-3
8ae01000-8ae03000 r--s 00000000 08:01 9700984    /var/cache/fontconfig/ebb99784de50d4c4223a6523ac9c5d63-le32d4.cache-3
8ae03000-8ae05000 r--s 00000000 08:01 9700078    /var/cache/fontconfig/0c76f5ee3a101157014da521290d0599-le32d4.cache-3
8ae05000-8ae07000 r--s 00000000 08:01 9700270    /var/cache/fontconfig/2e1514a9fdd499050989183bb65136db-le32d4.cache-3
8ae07000-8ae09000 r--s 00000000 08:01 9701348    /var/cache/fontconfig/5c755b2f27115486aa6359c84dd3cbda-le32d4.cache-3
8ae09000-8ae10000 r--s 00000000 08:01 9701202    /var/cache/fontconfig/7ef2298fde41cc6eeb7af42e48b7d293-le32d4.cache-3
8ae10000-8ae11000 r--s 00000000 08:01 9700268    /var/cache/fontconfig/3f821257dd33660ba7bbb45c32deb84c-le32d4.cache-3
8ae11000-8ae13000 r--s 00000000 08:01 9701346    /var/cache/fontconfig/830f035fa84a65ce80e050178dbb630d-le32d4.cache-3
8ae13000-8ae14000 r--s 00000000 08:01 9700269    /var/cache/fontconfig/81a173283b451552b599cfaafd6236bd-le32d4.cache-3
8ae14000-8ae15000 r--s 00000000 08:01 9701343    /var/cache/fontconfig/ac68f755438cc3dc5a526084839fc7ca-le32d4.cache-3
8ae15000-8ae16000 r--s 00000000 08:01 9701342    /var/cache/fontconfig/12513961c6e7090f8648812f9eaf65d6-le32d4.cache-3
8ae16000-8ae18000 r--s 00000000 08:01 9701341    /var/cache/fontconfig/e26bf336397aae6fcef4d3803472adec-le32d4.cache-3
8ae18000-8ae19000 r--s 00000000 08:01 9700274    /var/cache/fontconfig/a5c2dc934fad9bbf30c854216245519d-le32d4.cache-3
8ae19000-8ae1a000 r--s 00000000 08:01 9700275    /var/cache/fontconfig/17e60ccdf2eb53b214a9a5d6663eb217-le32d4.cache-3
8ae1a000-8ae1b000 r--s 00000000 08:01 9700267    /var/cache/fontconfig/6fcb01a03a016cc71057b587cdea6709-le32d4.cache-3
8ae1b000-8ae1c000 r--s 00000000 08:01 9700273    /var/cache/fontconfig/b887eea8f1b96e1d899b44ed6681fc27-le32d4.cache-3
8ae1c000-8ae1d000 r--s 00000000 08:01 9701336    /var/cache/fontconfig/860639f272b8b4b3094f9e399e41bccd-le32d4.cache-3
8ae1d000-8ae1e000 r--s 00000000 08:01 9701335    /var/cache/fontconfig/211368abcb0ff835c229ff05c9ec01dc-le32d4.cache-3
8ae1e000-8ae1f000 r--s 00000000 08:01 9700272    /var/cache/fontconfig/c46020d7221988a13df853d2b46304fc-le32d4.cache-3
8ae1f000-8ae20000 r--s 00000000 08:01 9700277    /var/cache/fontconfig/df893b4576ad6107f9397134092c4059-le32d4.cache-3
8ae20000-8ae21000 r--s 00000000 08:01 9701332    /var/cache/fontconfig/900402270e15d763a6e008bb2d4c7686-le32d4.cache-3
8ae21000-8ae22000 r--s 00000000 08:01 9700271    /var/cache/fontconfig/47f48679023f44a4d1e44699a69464f6-le32d4.cache-3
8ae22000-8ae23000 r--s 00000000 08:01 9701330    /var/cache/fontconfig/2881ed3fd21ca306ddad6f9b0dd3189f-le32d4.cache-3
8ae23000-8ae3b000 r--s 00000000 08:01 5117790    /home/edward/.fontconfig/7fdbf32d5f35a87fa18260af37512ebd-le32d4.cache-3
8ae3b000-8ae3e000 ---p 00000000 00:00 0 
8ae3e000-8ae8c000 rw-p 00000000 00:00 0 
8ae8c000-8b000000 r--s 0198d000 08:01 2492430    /opt/gwt-2.4.0/gwt-dev.jar
8b000000-8b100000 rw-p 00000000 00:00 0 
8b100000-8b101000 r--s 00000000 08:01 9701329    /var/cache/fontconfig/3c3fb04d32a5211b073874b125d29701-le32d4.cache-3
8b101000-8b102000 r--s 00000000 08:01 9701328    /var/cache/fontconfig/e61abf8156cc476151baa07d67337cae-le32d4.cache-3
8b102000-8b106000 r--s 00000000 08:01 9701208    /var/cache/fontconfig/b67b32625a2bb51b023d3814a918f351-le32d4.cache-3
8b106000-8b107000 r--s 00000000 08:01 9701326    /var/cache/fontconfig/d3379abda271c4acd2ad0c01f565d0b0-le32d4.cache-3
8b107000-8b108000 r--s 00000000 08:01 9701325    /var/cache/fontconfig/b4d0b56f766d89640448751fcd18ec1e-le32d4.cache-3
8b108000-8b10f000 r--s 00000000 08:01 9701324    /var/cache/fontconfig/12b26b760a24f8b4feb03ad48a333a72-le32d4.cache-3
8b10f000-8b112000 r--s 00000000 08:01 9701425    /var/cache/fontconfig/87f5e051180a7a75f16eb6fe7dbd3749-le32d4.cache-3
8b112000-8b118000 r--s 00000000 08:01 9701421    /var/cache/fontconfig/b79f3aaa7d385a141ab53ec885cc22a8-le32d4.cache-3
8b118000-8b1fe000 r--s 00b59000 08:01 2492431    /opt/gwt-2.4.0/gwt-user.jar
8b1fe000-8b1ff000 ---p 00000000 00:00 0 
8b1ff000-8b27f000 rw-p 00000000 00:00 0 
8b27f000-8b282000 ---p 00000000 00:00 0 
8b282000-8b300000 rw-p 00000000 00:00 0 
8b300000-8b500000 r--p 00000000 08:01 17973982   /usr/lib/locale/locale-archive
8b500000-8b521000 rw-p 00000000 00:00 0 
8b521000-8b600000 ---p 00000000 00:00 0 
8b600000-8b602000 r--s 00000000 08:01 9700137    /var/cache/fontconfig/e3ead4b767b8819993a6fa3ae306afa9-le32d4.cache-3
8b602000-8b604000 r--s 00000000 08:01 9701350    /var/cache/fontconfig/0b1bcc92b4d25cc154d77dafe3bceaa0-le32d4.cache-3
8b604000-8b607000 r--s 00000000 08:01 9700990    /var/cache/fontconfig/68fe5182b80ae2709eaaf65e42dcaf33-le32d4.cache-3
8b607000-8b608000 r--s 00000000 08:01 9700987    /var/cache/fontconfig/ac1b9faef01ec4feb36ba76b98842887-le32d4.cache-3
8b608000-8b60a000 r--s 00000000 08:01 9700984    /var/cache/fontconfig/ebb99784de50d4c4223a6523ac9c5d63-le32d4.cache-3
8b60a000-8b60c000 r--s 00000000 08:01 9700078    /var/cache/fontconfig/0c76f5ee3a101157014da521290d0599-le32d4.cache-3
8b60c000-8b60e000 r--s 00000000 08:01 9700270    /var/cache/fontconfig/2e1514a9fdd499050989183bb65136db-le32d4.cache-3
8b60e000-8b610000 r--s 00000000 08:01 9701348    /var/cache/fontconfig/5c755b2f27115486aa6359c84dd3cbda-le32d4.cache-3
8b610000-8b617000 r--s 00000000 08:01 9701202    /var/cache/fontconfig/7ef2298fde41cc6eeb7af42e48b7d293-le32d4.cache-3
8b617000-8b618000 r--s 00000000 08:01 9700268    /var/cache/fontconfig/3f821257dd33660ba7bbb45c32deb84c-le32d4.cache-3
8b618000-8b61a000 r--s 00000000 08:01 9701346    /var/cache/fontconfig/830f035fa84a65ce80e050178dbb630d-le32d4.cache-3
8b61a000-8b61b000 r--s 00000000 08:01 9700269    /var/cache/fontconfig/81a173283b451552b599cfaafd6236bd-le32d4.cache-3
8b61b000-8b61c000 r--s 00000000 08:01 9701343    /var/cache/fontconfig/ac68f755438cc3dc5a526084839fc7ca-le32d4.cache-3
8b61c000-8b61d000 r--s 00000000 08:01 9701342    /var/cache/fontconfig/12513961c6e7090f8648812f9eaf65d6-le32d4.cache-3
8b61d000-8b61f000 r--s 00000000 08:01 9701341    /var/cache/fontconfig/e26bf336397aae6fcef4d3803472adec-le32d4.cache-3
8b61f000-8b620000 r--s 00000000 08:01 9700274    /var/cache/fontconfig/a5c2dc934fad9bbf30c854216245519d-le32d4.cache-3
8b620000-8b621000 r--s 00000000 08:01 9700275    /var/cache/fontconfig/17e60ccdf2eb53b214a9a5d6663eb217-le32d4.cache-3
8b621000-8b622000 r--s 00000000 08:01 9700267    /var/cache/fontconfig/6fcb01a03a016cc71057b587cdea6709-le32d4.cache-3
8b622000-8b623000 r--s 00000000 08:01 9700273    /var/cache/fontconfig/b887eea8f1b96e1d899b44ed6681fc27-le32d4.cache-3
8b623000-8b624000 r--s 00000000 08:01 9701336    /var/cache/fontconfig/860639f272b8b4b3094f9e399e41bccd-le32d4.cache-3
8b624000-8b625000 r--s 00000000 08:01 9701335    /var/cache/fontconfig/211368abcb0ff835c229ff05c9ec01dc-le32d4.cache-3
8b625000-8b626000 r--s 00000000 08:01 9700272    /var/cache/fontconfig/c46020d7221988a13df853d2b46304fc-le32d4.cache-3
8b626000-8b627000 r--s 00000000 08:01 9700277    /var/cache/fontconfig/df893b4576ad6107f9397134092c4059-le32d4.cache-3
8b627000-8b628000 r--s 00000000 08:01 9701332    /var/cache/fontconfig/900402270e15d763a6e008bb2d4c7686-le32d4.cache-3
8b628000-8b629000 r--s 00000000 08:01 9700271    /var/cache/fontconfig/47f48679023f44a4d1e44699a69464f6-le32d4.cache-3
8b629000-8b62a000 r--s 00000000 08:01 9701330    /var/cache/fontconfig/2881ed3fd21ca306ddad6f9b0dd3189f-le32d4.cache-3
8b62a000-8b62e000 r--s 00000000 08:01 9701208    /var/cache/fontconfig/b67b32625a2bb51b023d3814a918f351-le32d4.cache-3
8b62e000-8b631000 ---p 00000000 00:00 0 
8b631000-8b67f000 rw-p 00000000 00:00 0 
8b67f000-8b682000 ---p 00000000 00:00 0 
8b682000-8b700000 rw-p 00000000 00:00 0 
8b700000-8b7fe000 rw-p 00000000 00:00 0 
8b7fe000-8b800000 ---p 00000000 00:00 0 
8b800000-8b801000 r--s 00000000 08:01 9701329    /var/cache/fontconfig/3c3fb04d32a5211b073874b125d29701-le32d4.cache-3
8b801000-8b802000 r--s 00000000 08:01 9701328    /var/cache/fontconfig/e61abf8156cc476151baa07d67337cae-le32d4.cache-3
8b802000-8b81a000 r--s 00000000 08:01 5117790    /home/edward/.fontconfig/7fdbf32d5f35a87fa18260af37512ebd-le32d4.cache-3
8b81a000-8b81d000 ---p 00000000 00:00 0 
8b81d000-8b86b000 rw-p 00000000 00:00 0 
8b86b000-8b86e000 ---p 00000000 00:00 0 
8b86e000-8b8bc000 rw-p 00000000 00:00 0 
8b8bc000-8b8bd000 ---p 00000000 00:00 0 
8b8bd000-8b970000 rw-p 00000000 00:00 0 
8b970000-8bb00000 r--s 038c1000 08:01 657491     /usr/lib/jvm/java-1.6.0-openjdk-1.6.0.0/jre/lib/rt.jar
8bb00000-8bbfc000 rw-p 00000000 00:00 0 
8bbfc000-8bc00000 ---p 00000000 00:00 0 
8bc00000-8bc07000 r--s 00000000 08:01 9701324    /var/cache/fontconfig/12b26b760a24f8b4feb03ad48a333a72-le32d4.cache-3
8bc07000-8bc0a000 r--s 00038000 08:01 919479     /usr/lib/jvm/java-1.6.0-openjdk-1.6.0.0/jre/lib/ext/sunpkcs11.jar
8bc0a000-8bc0c000 r--s 00001000 08:01 919472     /usr/lib/jvm/java-1.6.0-openjdk-1.6.0.0/jre/lib/ext/dnsns.jar
8bc0c000-8bc0f000 r--s 00077000 08:01 919475     /usr/lib/jvm/java-1.6.0-openjdk-1.6.0.0/jre/lib/ext/localedata.jar
8bc0f000-8bc12000 ---p 00000000 00:00 0 
8bc12000-8bc60000 rw-p 00000000 00:00 0 
8bc60000-8bc6b000 r--s 00080000 08:01 6959118    /home/edward/workspace/final/MediaElection2/lib/gwtquery-1.1.1-20120218.170746-9.jar
8bc6b000-8bc7f000 r--s 000a5000 08:01 6959119    /home/edward/workspace/final/MediaElection2/lib/gwt-maps.jar
8bc7f000-8bc80000 ---p 00000000 00:00 0 
8bc80000-8bd00000 rw-p 00000000 00:00 0 
8bd00000-8bd21000 rw-p 00000000 00:00 0 
8bd21000-8be00000 ---p 00000000 00:00 0 
8be00000-8be21000 rw-p 00000000 00:00 0 
8be21000-8bf00000 ---p 00000000 00:00 0 
8bf00000-8bf2e000 rw-p 00000000 00:00 0 
8bf2e000-8bf31000 ---p 00000000 00:00 0 
8bf31000-8bf7f000 rw-p 00000000 00:00 0 
8bf7f000-8bf80000 ---p 00000000 00:00 0 
8bf80000-8c000000 rw-p 00000000 00:00 0 
8c000000-8c078000 rw-p 00000000 00:00 0 
8c078000-8c100000 ---p 00000000 00:00 0 
8c100000-8c101000 r--s 00000000 08:01 9701326    /var/cache/fontconfig/d3379abda271c4acd2ad0c01f565d0b0-le32d4.cache-3
8c101000-8c104000 ---p 00000000 00:00 0 
8c104000-8c152000 rw-p 00000000 00:00 0 
8c152000-8c153000 ---p 00000000 00:00 0 
8c153000-8c1d3000 rw-p 00000000 00:00 0 
8c1d3000-8c1d4000 ---p 00000000 00:00 0 
8c1d4000-8c2a4000 rw-p 00000000 00:00 0 
8c2a4000-8c2ff000 rw-p 00000000 00:00 0 
8c2ff000-8c30f000 rw-p 00000000 00:00 0 
8c30f000-8c33f000 rw-p 00000000 00:00 0 
8c33f000-8c38f000 rw-p 00000000 00:00 0 
8c38f000-8c3e9000 rw-p 00000000 00:00 0 
8c3e9000-8c43d000 rw-p 00000000 00:00 0 
8c43d000-8c43f000 ---p 00000000 00:00 0 
8c43f000-8e380000 rw-p 00000000 00:00 0 
8e380000-94440000 rw-p 00000000 00:00 0 
94440000-9e310000 rw-p 00000000 00:00 0 
9e310000-a99a0000 rw-p 00000000 00:00 0 
a99a0000-b4010000 rw-p 00000000 00:00 0 
b4010000-b4440000 ---p 00000000 00:00 0 
b4440000-b4458000 rw-p 00000000 00:00 0 
b4458000-b4500000 rw-p 00000000 00:00 0 
b4500000-b4af0000 rwxp 00000000 00:00 0 
b4af0000-b75fd000 rw-p 00000000 00:00 0 
b75fd000-b7600000 ---p 00000000 00:00 0 
b7600000-b7602000 r--s 00000000 08:01 9700137    /var/cache/fontconfig/e3ead4b767b8819993a6fa3ae306afa9-le32d4.cache-3
b7602000-b7605000 r--s 00031000 08:01 919478     /usr/lib/jvm/java-1.6.0-openjdk-1.6.0.0/jre/lib/ext/sunjce_provider.jar
b7605000-b7609000 r--s 0007c000 08:01 657479     /usr/lib/jvm/java-1.6.0-openjdk-1.6.0.0/jre/lib/jsse.jar
b7609000-b7610000 r--s 000ba000 08:01 6959372    /home/edward/workspace/final/MediaElection2/war/WEB-INF/lib/mysql-connector-java-5.1.18-bin.jar
b7610000-b7616000 r--s 00033000 08:01 6959373    /home/edward/workspace/final/MediaElection2/war/WEB-INF/lib/commons-codec-1.6.jar
b7616000-b7619000 ---p 00000000 00:00 0 
b7619000-b7677000 rw-p 00000000 00:00 0 
b7677000-b76a7000 rw-p 00000000 00:00 0 
b76a7000-b76aa000 ---p 00000000 00:00 0 
b76aa000-b76fa000 rw-p 00000000 00:00 0 
b76fa000-b76fb000 r--s 00000000 08:01 9701325    /var/cache/fontconfig/b4d0b56f766d89640448751fcd18ec1e-le32d4.cache-3
b76fb000-b76fe000 r--s 00009000 08:01 2492445    /opt/gwt-2.4.0/validation-api-1.0.0.GA.jar
b76fe000-b7700000 r--s 0000e000 08:01 2492446    /opt/gwt-2.4.0/validation-api-1.0.0.GA-sources.jar
b7700000-b7703000 r--s 0000f000 08:01 919477     /usr/lib/jvm/java-1.6.0-openjdk-1.6.0.0/jre/lib/ext/pulse-java.jar
b7703000-b770c000 r--s 00065000 08:01 919474     /usr/lib/jvm/java-1.6.0-openjdk-1.6.0.0/jre/lib/ext/gnome-java-bridge.jar
b770c000-b770e000 r--s 0001d000 08:01 657486     /usr/lib/jvm/java-1.6.0-openjdk-1.6.0.0/jre/lib/plugin.jar
b770e000-b7713000 r--s 00044000 08:01 657485     /usr/lib/jvm/java-1.6.0-openjdk-1.6.0.0/jre/lib/netx.jar
b7713000-b771b000 rw-s 00000000 08:01 18245751   /tmp/hsperfdata_edward/6830
b771b000-b771c000 rw-p 00000000 00:00 0 
b771c000-b771d000 r--p 00000000 00:00 0 
b771d000-b771e000 rw-p 00000000 00:00 0 
bfb96000-bfbb7000 rw-p 00000000 00:00 0          [stack]

VM Arguments:
jvm_args: -Xmx512m 
java_command: com.google.gwt.dev.Compiler -logLevel INFO -style OBFUSCATED -war /home/edward/workspace/final/MediaElection2/war com.beta.election.media.MediaElection2
Launcher Type: SUN_STANDARD

Environment Variables:
CLASSPATH=/home/edward/workspace/final/MediaElection2/src:/home/edward/workspace/final/MediaElection2/test-classes:/home/edward/workspace/final/MediaElection2/war/WEB-INF/classes:/opt/gwt-2.4.0/gwt-user.jar:/opt/gwt-2.4.0/gwt-dev.jar:/opt/gwt-2.4.0/validation-api-1.0.0.GA-sources.jar:/opt/gwt-2.4.0/validation-api-1.0.0.GA.jar:/home/edward/workspace/final/MediaElection2/war/WEB-INF/lib/commons-codec-1.6.jar:/home/edward/workspace/final/MediaElection2/war/WEB-INF/lib/mysql-connector-java-5.1.18-bin.jar:/home/edward/workspace/final/MediaElection2/lib/gwt-maps.jar:/home/edward/workspace/final/MediaElection2/lib/gwtquery-1.1.1-20120218.170746-9.jar:/opt/gwt-2.4.0/gwt-dev.jar
PATH=/usr/lib/qt-3.3/bin:/usr/lib/ccache:/usr/local/bin:/usr/bin:/bin:/usr/local/sbin:/usr/sbin:/sbin:/opt/gwt-2.4.0:/opt/jdk1.6.0_11/bin:/home/edward/bin:/opt/jdk1.6.0_11/bin
USERNAME=edward
LD_LIBRARY_PATH=/usr/lib/jvm/java-1.6.0-openjdk-1.6.0.0/jre/lib/i386/server:/usr/lib/jvm/java-1.6.0-openjdk-1.6.0.0/jre/lib/i386:/usr/lib/jvm/java-1.6.0-openjdk-1.6.0.0/jre/../lib/i386:/usr/lib/jvm/java-1.6.0-openjdk-1.6.0.0/jre/lib/i386/client:/usr/lib/jvm/java-1.6.0-openjdk-1.6.0.0/jre/lib/i386:
SHELL=/bin/bash
DISPLAY=:0.0

Signal Handlers:
SIGSEGV: [libjvm.so+0x64f880], sa_mask[0]=0x7ffbfeff, sa_flags=0x10000004
SIGBUS: [libjvm.so+0x64f880], sa_mask[0]=0x7ffbfeff, sa_flags=0x10000004
SIGFPE: [libjvm.so+0x517210], sa_mask[0]=0x7ffbfeff, sa_flags=0x10000004
SIGPIPE: [libjvm.so+0x517210], sa_mask[0]=0x7ffbfeff, sa_flags=0x10000004
SIGXFSZ: [libjvm.so+0x517210], sa_mask[0]=0x7ffbfeff, sa_flags=0x10000004
SIGILL: [libjvm.so+0x517210], sa_mask[0]=0x7ffbfeff, sa_flags=0x10000004
SIGUSR1: SIG_DFL, sa_mask[0]=0x00000000, sa_flags=0x00000000
SIGUSR2: [libjvm.so+0x517080], sa_mask[0]=0x00000004, sa_flags=0x10000004
SIGHUP: [libjvm.so+0x519c40], sa_mask[0]=0x7ffbfeff, sa_flags=0x10000004
SIGINT: [libjvm.so+0x519c40], sa_mask[0]=0x7ffbfeff, sa_flags=0x10000004
SIGTERM: [libjvm.so+0x519c40], sa_mask[0]=0x7ffbfeff, sa_flags=0x10000004
SIGQUIT: [libjvm.so+0x519c40], sa_mask[0]=0x7ffbfeff, sa_flags=0x10000004


---------------  S Y S T E M  ---------------

OS:Fedora release 14 (Laughlin)

uname:Linux 2.6.35.12-90.fc14.i686 #1 SMP Fri Apr 22 16:14:44 UTC 2011 i686
libc:glibc 2.13 NPTL 2.13 
rlimit: STACK 8192k, CORE 0k, NPROC 1024, NOFILE 1024, AS infinity
load average:0.87 0.24 0.11

/proc/meminfo:
MemTotal:        3540668 kB
MemFree:          228844 kB
Buffers:           58412 kB
Cached:           881088 kB
SwapCached:         2668 kB
Active:          2314140 kB
Inactive:         866208 kB
Active(anon):    1952584 kB
Inactive(anon):   516388 kB
Active(file):     361556 kB
Inactive(file):   349820 kB
Unevictable:           0 kB
Mlocked:               0 kB
HighTotal:       2694840 kB
HighFree:           3308 kB
LowTotal:         845828 kB
LowFree:          225536 kB
SwapTotal:      10489852 kB
SwapFree:       10461552 kB
Dirty:             27584 kB
Writeback:             0 kB
AnonPages:       2238372 kB
Mapped:           133092 kB
Shmem:            228116 kB
Slab:              76824 kB
SReclaimable:      56160 kB
SUnreclaim:        20664 kB
KernelStack:        4488 kB
PageTables:        11324 kB
NFS_Unstable:          0 kB
Bounce:                0 kB
WritebackTmp:          0 kB
CommitLimit:    12260184 kB
Committed_AS:    4382548 kB
VmallocTotal:     122880 kB
VmallocUsed:       42204 kB
VmallocChunk:      34272 kB
HardwareCorrupted:     0 kB
HugePages_Total:       0
HugePages_Free:        0
HugePages_Rsvd:        0
HugePages_Surp:        0
Hugepagesize:       4096 kB
DirectMap4k:       20472 kB
DirectMap4M:      880640 kB


CPU:total 4 (2 cores per cpu, 2 threads per core) family 6 model 37 stepping 5, cmov, cx8, fxsr, mmx, sse, sse2, sse3, ssse3, sse4.1, sse4.2, popcnt, ht

Memory: 4k page, physical 3540668k(228844k free), swap 10489852k(10461552k free)

vm_info: OpenJDK Server VM (19.0-b09) for linux-x86 JRE (1.6.0_20-b20), built on Feb 15 2011 23:54:33 by "mockbuild" with gcc 4.5.1 20100924 (Red Hat 4.5.1-4)

time: Tue Oct 30 10:56:12 2012
elapsed time: 18 seconds

