#
# A fatal error has been detected by the Java Runtime Environment:
#
#  SIGSEGV (0xb) at pc=0xb48675b7, pid=19539, tid=3078404976
#
# JRE version: 6.0_20-b20
# Java VM: OpenJDK Server VM (19.0-b09 mixed mode linux-x86 )
# Derivative: IcedTea6 1.9.7
# Distribution: Fedora release 14 (Laughlin), package fedora-52.1.9.7.fc14-i386
# Problematic frame:
# J  org.eclipse.jdt.internal.compiler.parser.Scanner.getNextToken()I
#
# If you would like to submit a bug report, please include
# instructions how to reproduce the bug and visit:
#   http://icedtea.classpath.org/bugzilla
#

---------------  T H R E A D  ---------------

Current thread (0xb7605800):  JavaThread "main" [_thread_in_Java, id=19541, stack(0xb777b000,0xb77cc000)]

siginfo:si_signo=SIGSEGV: si_errno=0, si_code=128 (), si_addr=0x00000000

Registers:
EAX=0xae2fb278, EBX=0x00000050, ECX=0x000000b8, EDX=0x0000002e
ESP=0xb77ca4b0, EBP=0xae2fb27a, ESI=0x0000025f, EDI=0x00000000
EIP=0xb48675b7, CR2=0x00000004, EFLAGS=0x00010206

Register to memory mapping:

EAX=0xae2fb278

[error occurred during error reporting (printing registers, top of stack, instructions near pc), id 0xe0000000]

Stack: [0xb777b000,0xb77cc000],  sp=0xb77ca4b0,  free space=317k
Native frames: (J=compiled Java code, j=interpreted, Vv=VM code, C=native code)
J  org.eclipse.jdt.internal.compiler.parser.Scanner.getNextToken()I


---------------  P R O C E S S  ---------------

Java Threads: ( => current thread )
  0x8b894000 JavaThread "Java2D Disposer" daemon [_thread_blocked, id=19560, stack(0x8a90d000,0x8a95e000)]
  0x8b177400 JavaThread "UnitWriteThread" daemon [_thread_blocked, id=19558, stack(0x8a9af000,0x8aa00000)]
  0x8b137400 JavaThread "com.google.gwt.thirdparty.guava.common.base.internal.Finalizer" daemon [_thread_blocked, id=19556, stack(0x8af3b000,0x8af8c000)]
  0x8c119c00 JavaThread "Timer-0" daemon [_thread_blocked, id=19555, stack(0x8b72e000,0x8b77f000)]
  0xb76c8000 JavaThread "Low Memory Detector" daemon [_thread_blocked, id=19552, stack(0x8bd2e000,0x8bd7f000)]
  0xb76c6400 JavaThread "CompilerThread1" daemon [_thread_in_native, id=19551, stack(0x8b37f000,0x8b400000)]
  0xb76c4400 JavaThread "CompilerThread0" daemon [_thread_in_native, id=19550, stack(0x8b77f000,0x8b800000)]
  0xb76c2c00 JavaThread "Signal Dispatcher" daemon [_thread_blocked, id=19549, stack(0x8c02e000,0x8c07f000)]
  0xb76b3800 JavaThread "Finalizer" daemon [_thread_blocked, id=19548, stack(0x8c201000,0x8c252000)]
  0xb76b2000 JavaThread "Reference Handler" daemon [_thread_blocked, id=19547, stack(0x8b96b000,0x8b9bc000)]
=>0xb7605800 JavaThread "main" [_thread_in_Java, id=19541, stack(0xb777b000,0xb77cc000)]

Other Threads:
  0xb76ae000 VMThread [stack: 0x8b9bc000,0x8ba3d000] [id=19546]
  0xb76ca000 WatcherThread [stack: 0x8b2fe000,0x8b37f000] [id=19553]

VM state:not at safepoint (normal execution)

VM Mutex/Monitor currently owned by a thread: None

Heap
 PSYoungGen      total 123392K, used 101856K [0xa9aa0000, 0xb4540000, 0xb4540000)
  eden space 96320K, 77% used [0xa9aa0000,0xae3a8ac8,0xaf8b0000)
  from space 27072K, 99% used [0xaf8b0000,0xb131f7b0,0xb1320000)
  to   space 36736K, 0% used [0xb2160000,0xb2160000,0xb4540000)
 PSOldGen        total 69824K, used 48895K [0x94540000, 0x98970000, 0xa9aa0000)
  object space 69824K, 70% used [0x94540000,0x974fff58,0x98970000)
 PSPermGen       total 21248K, used 14435K [0x8c540000, 0x8da00000, 0x94540000)
  object space 21248K, 67% used [0x8c540000,0x8d358c10,0x8da00000)

Dynamic libraries:
00101000-00115000 r-xp 00000000 08:01 17569129   /lib/libz.so.1.2.5
00115000-00116000 rw-p 00013000 08:01 17569129   /lib/libz.so.1.2.5
00116000-0013e000 r-xp 00000000 08:01 17569123   /lib/libm-2.13.so
0013e000-0013f000 r--p 00027000 08:01 17569123   /lib/libm-2.13.so
0013f000-00140000 rw-p 00028000 08:01 17569123   /lib/libm-2.13.so
00140000-00147000 r-xp 00000000 08:01 17569124   /lib/librt-2.13.so
00147000-00148000 r--p 00006000 08:01 17569124   /lib/librt-2.13.so
00148000-00149000 rw-p 00007000 08:01 17569124   /lib/librt-2.13.so
00149000-0014f000 r-xp 00000000 08:01 1191207    /usr/lib/jvm/java-1.6.0-openjdk-1.6.0.0/jre/lib/i386/native_threads/libhpi.so
0014f000-00150000 rw-p 00006000 08:01 1191207    /usr/lib/jvm/java-1.6.0-openjdk-1.6.0.0/jre/lib/i386/native_threads/libhpi.so
00150000-0015b000 r-xp 00000000 08:01 17564375   /lib/libnss_files-2.13.so
0015b000-0015c000 r--p 0000a000 08:01 17564375   /lib/libnss_files-2.13.so
0015c000-0015d000 rw-p 0000b000 08:01 17564375   /lib/libnss_files-2.13.so
0015d000-001dd000 r-xp 00000000 08:01 919483     /usr/lib/jvm/java-1.6.0-openjdk-1.6.0.0/jre/lib/i386/libawt.so
001dd000-001e4000 rw-p 00080000 08:01 919483     /usr/lib/jvm/java-1.6.0-openjdk-1.6.0.0/jre/lib/i386/libawt.so
001e4000-00208000 rw-p 00000000 00:00 0 
00208000-0024e000 r-xp 00000000 08:01 919485     /usr/lib/jvm/java-1.6.0-openjdk-1.6.0.0/jre/lib/i386/libfontmanager.so
0024e000-00250000 rw-p 00046000 08:01 919485     /usr/lib/jvm/java-1.6.0-openjdk-1.6.0.0/jre/lib/i386/libfontmanager.so
00250000-00255000 rw-p 00000000 00:00 0 
00255000-00271000 r-xp 00000000 08:01 17564434   /lib/libgcc_s-4.5.1-20100924.so.1
00271000-00272000 rw-p 0001b000 08:01 17564434   /lib/libgcc_s-4.5.1-20100924.so.1
00272000-00279000 r-xp 00000000 08:01 919504     /usr/lib/jvm/java-1.6.0-openjdk-1.6.0.0/jre/lib/i386/libnio.so
00279000-0027a000 rw-p 00006000 08:01 919504     /usr/lib/jvm/java-1.6.0-openjdk-1.6.0.0/jre/lib/i386/libnio.so
002a5000-002ab000 r-xp 00000000 08:01 919512     /usr/lib/jvm/java-1.6.0-openjdk-1.6.0.0/jre/lib/i386/libzip.so
002ab000-002ac000 rw-p 00005000 08:01 919512     /usr/lib/jvm/java-1.6.0-openjdk-1.6.0.0/jre/lib/i386/libzip.so
002ac000-0033a000 r-xp 00000000 08:01 17960414   /usr/lib/libfreetype.so.6.6.0
0033a000-0033e000 rw-p 0008d000 08:01 17960414   /usr/lib/libfreetype.so.6.6.0
003dc000-003dd000 r-xp 00000000 00:00 0          [vdso]
004fd000-00503000 r-xp 00000000 08:01 919501     /usr/lib/jvm/java-1.6.0-openjdk-1.6.0.0/jre/lib/i386/libmanagement.so
00503000-00504000 rw-p 00005000 08:01 919501     /usr/lib/jvm/java-1.6.0-openjdk-1.6.0.0/jre/lib/i386/libmanagement.so
005be000-005d1000 r-xp 00000000 08:01 919503     /usr/lib/jvm/java-1.6.0-openjdk-1.6.0.0/jre/lib/i386/libnet.so
005d1000-005d2000 rw-p 00013000 08:01 919503     /usr/lib/jvm/java-1.6.0-openjdk-1.6.0.0/jre/lib/i386/libnet.so
005e2000-005e6000 r-xp 00000000 08:01 1052744    /usr/lib/jvm/java-1.6.0-openjdk-1.6.0.0/jre/lib/i386/headless/libmawt.so
005e6000-005e7000 rw-p 00004000 08:01 1052744    /usr/lib/jvm/java-1.6.0-openjdk-1.6.0.0/jre/lib/i386/headless/libmawt.so
009d7000-009e2000 r-xp 00000000 08:01 919511     /usr/lib/jvm/java-1.6.0-openjdk-1.6.0.0/jre/lib/i386/libverify.so
009e2000-009e3000 rw-p 0000b000 08:01 919511     /usr/lib/jvm/java-1.6.0-openjdk-1.6.0.0/jre/lib/i386/libverify.so
00a4c000-00a6e000 r-xp 00000000 08:01 919492     /usr/lib/jvm/java-1.6.0-openjdk-1.6.0.0/jre/lib/i386/libjava.so
00a6e000-00a70000 rw-p 00022000 08:01 919492     /usr/lib/jvm/java-1.6.0-openjdk-1.6.0.0/jre/lib/i386/libjava.so
00bc9000-00be6000 r-xp 00000000 08:01 17564404   /lib/ld-2.13.so
00be6000-00be7000 r--p 0001c000 08:01 17564404   /lib/ld-2.13.so
00be7000-00be8000 rw-p 0001d000 08:01 17564404   /lib/ld-2.13.so
00bea000-00d6d000 r-xp 00000000 08:01 17564884   /lib/libc-2.13.so
00d6d000-00d6e000 ---p 00183000 08:01 17564884   /lib/libc-2.13.so
00d6e000-00d70000 r--p 00183000 08:01 17564884   /lib/libc-2.13.so
00d70000-00d71000 rw-p 00185000 08:01 17564884   /lib/libc-2.13.so
00d71000-00d74000 rw-p 00000000 00:00 0 
00d76000-00d79000 r-xp 00000000 08:01 17565217   /lib/libdl-2.13.so
00d79000-00d7a000 r--p 00002000 08:01 17565217   /lib/libdl-2.13.so
00d7a000-00d7b000 rw-p 00003000 08:01 17565217   /lib/libdl-2.13.so
00d7d000-00d94000 r-xp 00000000 08:01 17565559   /lib/libpthread-2.13.so
00d94000-00d95000 r--p 00016000 08:01 17565559   /lib/libpthread-2.13.so
00d95000-00d96000 rw-p 00017000 08:01 17565559   /lib/libpthread-2.13.so
00d96000-00d98000 rw-p 00000000 00:00 0 
00d9a000-00d9d000 r-xp 00000000 08:01 1179684    /usr/lib/jvm/java-1.6.0-openjdk-1.6.0.0/jre/lib/i386/jli/libjli.so
00d9d000-00d9e000 rw-p 00002000 08:01 1179684    /usr/lib/jvm/java-1.6.0-openjdk-1.6.0.0/jre/lib/i386/jli/libjli.so
00d9e000-0146d000 r-xp 00000000 08:01 1317374    /usr/lib/jvm/java-1.6.0-openjdk-1.6.0.0/jre/lib/i386/server/libjvm.so
0146d000-014c1000 rw-p 006ce000 08:01 1317374    /usr/lib/jvm/java-1.6.0-openjdk-1.6.0.0/jre/lib/i386/server/libjvm.so
014c1000-018e0000 rw-p 00000000 00:00 0 
0597b000-05992000 r-xp 00000000 08:01 17569151   /lib/libnsl-2.13.so
05992000-05993000 r--p 00016000 08:01 17569151   /lib/libnsl-2.13.so
05993000-05994000 rw-p 00017000 08:01 17569151   /lib/libnsl-2.13.so
05994000-05996000 rw-p 00000000 00:00 0 
08048000-08050000 r-xp 00000000 08:01 1319532    /usr/lib/jvm/java-1.6.0-openjdk-1.6.0.0/bin/java
08050000-08052000 rw-p 00007000 08:01 1319532    /usr/lib/jvm/java-1.6.0-openjdk-1.6.0.0/bin/java
0840c000-084a2000 rw-p 00000000 00:00 0          [heap]
87700000-877f3000 rw-p 00000000 00:00 0 
877f3000-87800000 ---p 00000000 00:00 0 
87900000-879fa000 rw-p 00000000 00:00 0 
879fa000-87a00000 ---p 00000000 00:00 0 
87a00000-87afd000 rw-p 00000000 00:00 0 
87afd000-87b00000 ---p 00000000 00:00 0 
87b00000-87c00000 rw-p 00000000 00:00 0 
87c00000-87cea000 rw-p 00000000 00:00 0 
87cea000-87d00000 ---p 00000000 00:00 0 
87d00000-87dfd000 rw-p 00000000 00:00 0 
87dfd000-87e00000 ---p 00000000 00:00 0 
87e00000-87eec000 rw-p 00000000 00:00 0 
87eec000-87f00000 ---p 00000000 00:00 0 
87f00000-87ff9000 rw-p 00000000 00:00 0 
87ff9000-88000000 ---p 00000000 00:00 0 
88000000-880f9000 rw-p 00000000 00:00 0 
880f9000-88100000 ---p 00000000 00:00 0 
88100000-881fe000 rw-p 00000000 00:00 0 
881fe000-88200000 ---p 00000000 00:00 0 
88200000-882f1000 rw-p 00000000 00:00 0 
882f1000-88300000 ---p 00000000 00:00 0 
88300000-883fc000 rw-p 00000000 00:00 0 
883fc000-88400000 ---p 00000000 00:00 0 
88500000-886f3000 rw-p 00000000 00:00 0 
886f3000-88700000 ---p 00000000 00:00 0 
88700000-88900000 rw-p 00000000 00:00 0 
88900000-889f9000 rw-p 00000000 00:00 0 
889f9000-88a00000 ---p 00000000 00:00 0 
88a00000-88afb000 rw-p 00000000 00:00 0 
88afb000-88b00000 ---p 00000000 00:00 0 
88b00000-88be3000 rw-p 00000000 00:00 0 
88be3000-88c00000 ---p 00000000 00:00 0 
88c00000-88cf8000 rw-p 00000000 00:00 0 
88cf8000-88d00000 ---p 00000000 00:00 0 
88d00000-88dec000 rw-p 00000000 00:00 0 
88dec000-88e00000 ---p 00000000 00:00 0 
88e00000-88f00000 rw-p 00000000 00:00 0 
88f00000-88ff9000 rw-p 00000000 00:00 0 
88ff9000-89000000 ---p 00000000 00:00 0 
89000000-890ff000 rw-p 00000000 00:00 0 
890ff000-89100000 ---p 00000000 00:00 0 
89100000-891db000 rw-p 00000000 00:00 0 
891db000-89200000 ---p 00000000 00:00 0 
89200000-89300000 rw-p 00000000 00:00 0 
89300000-893fa000 rw-p 00000000 00:00 0 
893fa000-89400000 ---p 00000000 00:00 0 
89400000-894fc000 rw-p 00000000 00:00 0 
894fc000-89500000 ---p 00000000 00:00 0 
89500000-895f9000 rw-p 00000000 00:00 0 
895f9000-89600000 ---p 00000000 00:00 0 
89600000-896e4000 rw-p 00000000 00:00 0 
896e4000-89700000 ---p 00000000 00:00 0 
89700000-897e8000 rw-p 00000000 00:00 0 
897e8000-89800000 ---p 00000000 00:00 0 
89800000-898fe000 rw-p 00000000 00:00 0 
898fe000-89900000 ---p 00000000 00:00 0 
89900000-89b00000 rw-p 00000000 00:00 0 
89b00000-89d00000 rw-p 00000000 00:00 0 
89d00000-89e00000 rw-p 00000000 00:00 0 
89e00000-89eea000 rw-p 00000000 00:00 0 
89eea000-89f00000 ---p 00000000 00:00 0 
89f00000-89ff8000 rw-p 00000000 00:00 0 
89ff8000-8a000000 ---p 00000000 00:00 0 
8a000000-8a200000 rw-p 00000000 00:00 0 
8a200000-8a2fa000 rw-p 00000000 00:00 0 
8a2fa000-8a300000 ---p 00000000 00:00 0 
8a300000-8a3fc000 rw-p 00000000 00:00 0 
8a3fc000-8a400000 ---p 00000000 00:00 0 
8a400000-8a4fd000 rw-p 00000000 00:00 0 
8a4fd000-8a500000 ---p 00000000 00:00 0 
8a500000-8a600000 rw-p 00000000 00:00 0 
8a600000-8a6fd000 rw-p 00000000 00:00 0 
8a6fd000-8a700000 ---p 00000000 00:00 0 
8a700000-8a7ff000 rw-p 00000000 00:00 0 
8a7ff000-8a800000 ---p 00000000 00:00 0 
8a800000-8a8fd000 rw-p 00000000 00:00 0 
8a8fd000-8a900000 ---p 00000000 00:00 0 
8a90d000-8a910000 ---p 00000000 00:00 0 
8a910000-8a95e000 rw-p 00000000 00:00 0 
8a95e000-8a961000 ---p 00000000 00:00 0 
8a961000-8a9af000 rw-p 00000000 00:00 0 
8a9af000-8a9b2000 ---p 00000000 00:00 0 
8a9b2000-8aa00000 rw-p 00000000 00:00 0 
8aa00000-8aafe000 rw-p 00000000 00:00 0 
8aafe000-8ab00000 ---p 00000000 00:00 0 
8ab00000-8abff000 rw-p 00000000 00:00 0 
8abff000-8ac00000 ---p 00000000 00:00 0 
8ac00000-8acf1000 rw-p 00000000 00:00 0 
8acf1000-8ad00000 ---p 00000000 00:00 0 
8ad00000-8adfd000 rw-p 00000000 00:00 0 
8adfd000-8ae00000 ---p 00000000 00:00 0 
8ae00000-8aefa000 rw-p 00000000 00:00 0 
8aefa000-8af00000 ---p 00000000 00:00 0 
8af17000-8af1a000 r--s 00000000 08:01 9701425    /var/cache/fontconfig/87f5e051180a7a75f16eb6fe7dbd3749-le32d4.cache-3
8af1a000-8af20000 r--s 00000000 08:01 9701421    /var/cache/fontconfig/b79f3aaa7d385a141ab53ec885cc22a8-le32d4.cache-3
8af20000-8af22000 r--s 00000000 08:01 9701350    /var/cache/fontconfig/0b1bcc92b4d25cc154d77dafe3bceaa0-le32d4.cache-3
8af22000-8af25000 r--s 00000000 08:01 9700990    /var/cache/fontconfig/68fe5182b80ae2709eaaf65e42dcaf33-le32d4.cache-3
8af25000-8af26000 r--s 00000000 08:01 9700987    /var/cache/fontconfig/ac1b9faef01ec4feb36ba76b98842887-le32d4.cache-3
8af26000-8af28000 r--s 00000000 08:01 9700984    /var/cache/fontconfig/ebb99784de50d4c4223a6523ac9c5d63-le32d4.cache-3
8af28000-8af2a000 r--s 00000000 08:01 9700078    /var/cache/fontconfig/0c76f5ee3a101157014da521290d0599-le32d4.cache-3
8af2a000-8af2c000 r--s 00000000 08:01 9700270    /var/cache/fontconfig/2e1514a9fdd499050989183bb65136db-le32d4.cache-3
8af2c000-8af2e000 r--s 00000000 08:01 9701348    /var/cache/fontconfig/5c755b2f27115486aa6359c84dd3cbda-le32d4.cache-3
8af2e000-8af35000 r--s 00000000 08:01 9701202    /var/cache/fontconfig/7ef2298fde41cc6eeb7af42e48b7d293-le32d4.cache-3
8af35000-8af36000 r--s 00000000 08:01 9700268    /var/cache/fontconfig/3f821257dd33660ba7bbb45c32deb84c-le32d4.cache-3
8af36000-8af38000 r--s 00000000 08:01 9701346    /var/cache/fontconfig/830f035fa84a65ce80e050178dbb630d-le32d4.cache-3
8af38000-8af39000 r--s 00000000 08:01 9700269    /var/cache/fontconfig/81a173283b451552b599cfaafd6236bd-le32d4.cache-3
8af39000-8af3a000 r--s 00000000 08:01 9701343    /var/cache/fontconfig/ac68f755438cc3dc5a526084839fc7ca-le32d4.cache-3
8af3a000-8af3b000 r--s 00000000 08:01 9701342    /var/cache/fontconfig/12513961c6e7090f8648812f9eaf65d6-le32d4.cache-3
8af3b000-8af3e000 ---p 00000000 00:00 0 
8af3e000-8af8c000 rw-p 00000000 00:00 0 
8af8c000-8b100000 r--s 0198d000 08:01 2492430    /opt/gwt-2.4.0/gwt-dev.jar
8b100000-8b200000 rw-p 00000000 00:00 0 
8b200000-8b202000 r--s 00000000 08:01 9701341    /var/cache/fontconfig/e26bf336397aae6fcef4d3803472adec-le32d4.cache-3
8b202000-8b203000 r--s 00000000 08:01 9700274    /var/cache/fontconfig/a5c2dc934fad9bbf30c854216245519d-le32d4.cache-3
8b203000-8b204000 r--s 00000000 08:01 9700275    /var/cache/fontconfig/17e60ccdf2eb53b214a9a5d6663eb217-le32d4.cache-3
8b204000-8b205000 r--s 00000000 08:01 9700267    /var/cache/fontconfig/6fcb01a03a016cc71057b587cdea6709-le32d4.cache-3
8b205000-8b206000 r--s 00000000 08:01 9700273    /var/cache/fontconfig/b887eea8f1b96e1d899b44ed6681fc27-le32d4.cache-3
8b206000-8b207000 r--s 00000000 08:01 9701336    /var/cache/fontconfig/860639f272b8b4b3094f9e399e41bccd-le32d4.cache-3
8b207000-8b208000 r--s 00000000 08:01 9701335    /var/cache/fontconfig/211368abcb0ff835c229ff05c9ec01dc-le32d4.cache-3
8b208000-8b209000 r--s 00000000 08:01 9700272    /var/cache/fontconfig/c46020d7221988a13df853d2b46304fc-le32d4.cache-3
8b209000-8b20a000 r--s 00000000 08:01 9700277    /var/cache/fontconfig/df893b4576ad6107f9397134092c4059-le32d4.cache-3
8b20a000-8b20b000 r--s 00000000 08:01 9701332    /var/cache/fontconfig/900402270e15d763a6e008bb2d4c7686-le32d4.cache-3
8b20b000-8b20c000 r--s 00000000 08:01 9700271    /var/cache/fontconfig/47f48679023f44a4d1e44699a69464f6-le32d4.cache-3
8b20c000-8b20d000 r--s 00000000 08:01 9701330    /var/cache/fontconfig/2881ed3fd21ca306ddad6f9b0dd3189f-le32d4.cache-3
8b20d000-8b211000 r--s 00000000 08:01 9701208    /var/cache/fontconfig/b67b32625a2bb51b023d3814a918f351-le32d4.cache-3
8b211000-8b218000 r--s 00000000 08:01 9701324    /var/cache/fontconfig/12b26b760a24f8b4feb03ad48a333a72-le32d4.cache-3
8b218000-8b2fe000 r--s 00b59000 08:01 2492431    /opt/gwt-2.4.0/gwt-user.jar
8b2fe000-8b2ff000 ---p 00000000 00:00 0 
8b2ff000-8b37f000 rw-p 00000000 00:00 0 
8b37f000-8b382000 ---p 00000000 00:00 0 
8b382000-8b400000 rw-p 00000000 00:00 0 
8b400000-8b600000 r--p 00000000 08:01 17973982   /usr/lib/locale/locale-archive
8b600000-8b621000 rw-p 00000000 00:00 0 
8b621000-8b700000 ---p 00000000 00:00 0 
8b700000-8b701000 r--s 00000000 08:01 9701329    /var/cache/fontconfig/3c3fb04d32a5211b073874b125d29701-le32d4.cache-3
8b701000-8b702000 r--s 00000000 08:01 9701328    /var/cache/fontconfig/e61abf8156cc476151baa07d67337cae-le32d4.cache-3
8b702000-8b703000 r--s 00000000 08:01 9701326    /var/cache/fontconfig/d3379abda271c4acd2ad0c01f565d0b0-le32d4.cache-3
8b703000-8b705000 r--s 00000000 08:01 9700137    /var/cache/fontconfig/e3ead4b767b8819993a6fa3ae306afa9-le32d4.cache-3
8b705000-8b71d000 r--s 00000000 08:01 5117790    /home/edward/.fontconfig/7fdbf32d5f35a87fa18260af37512ebd-le32d4.cache-3
8b71d000-8b720000 r--s 00000000 08:01 9701425    /var/cache/fontconfig/87f5e051180a7a75f16eb6fe7dbd3749-le32d4.cache-3
8b720000-8b726000 r--s 00000000 08:01 9701421    /var/cache/fontconfig/b79f3aaa7d385a141ab53ec885cc22a8-le32d4.cache-3
8b726000-8b728000 r--s 00000000 08:01 9701350    /var/cache/fontconfig/0b1bcc92b4d25cc154d77dafe3bceaa0-le32d4.cache-3
8b728000-8b72b000 r--s 00000000 08:01 9700990    /var/cache/fontconfig/68fe5182b80ae2709eaaf65e42dcaf33-le32d4.cache-3
8b72b000-8b72c000 r--s 00000000 08:01 9700987    /var/cache/fontconfig/ac1b9faef01ec4feb36ba76b98842887-le32d4.cache-3
8b72c000-8b72e000 r--s 00000000 08:01 9700984    /var/cache/fontconfig/ebb99784de50d4c4223a6523ac9c5d63-le32d4.cache-3
8b72e000-8b731000 ---p 00000000 00:00 0 
8b731000-8b77f000 rw-p 00000000 00:00 0 
8b77f000-8b782000 ---p 00000000 00:00 0 
8b782000-8b800000 rw-p 00000000 00:00 0 
8b800000-8b900000 rw-p 00000000 00:00 0 
8b900000-8b901000 r--s 00000000 08:01 9701325    /var/cache/fontconfig/b4d0b56f766d89640448751fcd18ec1e-le32d4.cache-3
8b901000-8b903000 r--s 00000000 08:01 9700078    /var/cache/fontconfig/0c76f5ee3a101157014da521290d0599-le32d4.cache-3
8b903000-8b905000 r--s 00000000 08:01 9700270    /var/cache/fontconfig/2e1514a9fdd499050989183bb65136db-le32d4.cache-3
8b905000-8b907000 r--s 00000000 08:01 9701348    /var/cache/fontconfig/5c755b2f27115486aa6359c84dd3cbda-le32d4.cache-3
8b907000-8b90e000 r--s 00000000 08:01 9701202    /var/cache/fontconfig/7ef2298fde41cc6eeb7af42e48b7d293-le32d4.cache-3
8b90e000-8b90f000 r--s 00000000 08:01 9700268    /var/cache/fontconfig/3f821257dd33660ba7bbb45c32deb84c-le32d4.cache-3
8b90f000-8b911000 r--s 00000000 08:01 9701346    /var/cache/fontconfig/830f035fa84a65ce80e050178dbb630d-le32d4.cache-3
8b911000-8b912000 r--s 00000000 08:01 9700269    /var/cache/fontconfig/81a173283b451552b599cfaafd6236bd-le32d4.cache-3
8b912000-8b913000 r--s 00000000 08:01 9701343    /var/cache/fontconfig/ac68f755438cc3dc5a526084839fc7ca-le32d4.cache-3
8b913000-8b914000 r--s 00000000 08:01 9701342    /var/cache/fontconfig/12513961c6e7090f8648812f9eaf65d6-le32d4.cache-3
8b914000-8b916000 r--s 00000000 08:01 9701341    /var/cache/fontconfig/e26bf336397aae6fcef4d3803472adec-le32d4.cache-3
8b916000-8b917000 r--s 00000000 08:01 9700274    /var/cache/fontconfig/a5c2dc934fad9bbf30c854216245519d-le32d4.cache-3
8b917000-8b918000 r--s 00000000 08:01 9700275    /var/cache/fontconfig/17e60ccdf2eb53b214a9a5d6663eb217-le32d4.cache-3
8b918000-8b919000 r--s 00000000 08:01 9700267    /var/cache/fontconfig/6fcb01a03a016cc71057b587cdea6709-le32d4.cache-3
8b919000-8b91a000 r--s 00000000 08:01 9700273    /var/cache/fontconfig/b887eea8f1b96e1d899b44ed6681fc27-le32d4.cache-3
8b91a000-8b91d000 ---p 00000000 00:00 0 
8b91d000-8b96b000 rw-p 00000000 00:00 0 
8b96b000-8b96e000 ---p 00000000 00:00 0 
8b96e000-8b9bc000 rw-p 00000000 00:00 0 
8b9bc000-8b9bd000 ---p 00000000 00:00 0 
8b9bd000-8ba70000 rw-p 00000000 00:00 0 
8ba70000-8bc00000 r--s 038c1000 08:01 657491     /usr/lib/jvm/java-1.6.0-openjdk-1.6.0.0/jre/lib/rt.jar
8bc00000-8bcfb000 rw-p 00000000 00:00 0 
8bcfb000-8bd00000 ---p 00000000 00:00 0 
8bd00000-8bd01000 r--s 00000000 08:01 9700272    /var/cache/fontconfig/c46020d7221988a13df853d2b46304fc-le32d4.cache-3
8bd01000-8bd02000 r--s 00000000 08:01 9700277    /var/cache/fontconfig/df893b4576ad6107f9397134092c4059-le32d4.cache-3
8bd02000-8bd03000 r--s 00000000 08:01 9701332    /var/cache/fontconfig/900402270e15d763a6e008bb2d4c7686-le32d4.cache-3
8bd03000-8bd04000 r--s 00000000 08:01 9700271    /var/cache/fontconfig/47f48679023f44a4d1e44699a69464f6-le32d4.cache-3
8bd04000-8bd05000 r--s 00000000 08:01 9701330    /var/cache/fontconfig/2881ed3fd21ca306ddad6f9b0dd3189f-le32d4.cache-3
8bd05000-8bd06000 r--s 00000000 08:01 9701329    /var/cache/fontconfig/3c3fb04d32a5211b073874b125d29701-le32d4.cache-3
8bd06000-8bd07000 r--s 00000000 08:01 9701328    /var/cache/fontconfig/e61abf8156cc476151baa07d67337cae-le32d4.cache-3
8bd07000-8bd0b000 r--s 00000000 08:01 9701208    /var/cache/fontconfig/b67b32625a2bb51b023d3814a918f351-le32d4.cache-3
8bd0b000-8bd0c000 r--s 00000000 08:01 9701326    /var/cache/fontconfig/d3379abda271c4acd2ad0c01f565d0b0-le32d4.cache-3
8bd0c000-8bd0d000 r--s 00000000 08:01 9701325    /var/cache/fontconfig/b4d0b56f766d89640448751fcd18ec1e-le32d4.cache-3
8bd0d000-8bd14000 r--s 00000000 08:01 9701324    /var/cache/fontconfig/12b26b760a24f8b4feb03ad48a333a72-le32d4.cache-3
8bd14000-8bd16000 r--s 00000000 08:01 9700137    /var/cache/fontconfig/e3ead4b767b8819993a6fa3ae306afa9-le32d4.cache-3
8bd16000-8bd2e000 r--s 00000000 08:01 5117790    /home/edward/.fontconfig/7fdbf32d5f35a87fa18260af37512ebd-le32d4.cache-3
8bd2e000-8bd31000 ---p 00000000 00:00 0 
8bd31000-8bd7f000 rw-p 00000000 00:00 0 
8bd7f000-8bd80000 ---p 00000000 00:00 0 
8bd80000-8be00000 rw-p 00000000 00:00 0 
8be00000-8be21000 rw-p 00000000 00:00 0 
8be21000-8bf00000 ---p 00000000 00:00 0 
8bf00000-8bf21000 rw-p 00000000 00:00 0 
8bf21000-8c000000 ---p 00000000 00:00 0 
8c000000-8c003000 r--s 00038000 08:01 919479     /usr/lib/jvm/java-1.6.0-openjdk-1.6.0.0/jre/lib/ext/sunpkcs11.jar
8c003000-8c005000 r--s 00001000 08:01 919472     /usr/lib/jvm/java-1.6.0-openjdk-1.6.0.0/jre/lib/ext/dnsns.jar
8c005000-8c008000 r--s 00077000 08:01 919475     /usr/lib/jvm/java-1.6.0-openjdk-1.6.0.0/jre/lib/ext/localedata.jar
8c008000-8c00b000 r--s 00031000 08:01 919478     /usr/lib/jvm/java-1.6.0-openjdk-1.6.0.0/jre/lib/ext/sunjce_provider.jar
8c00b000-8c00f000 r--s 0007c000 08:01 657479     /usr/lib/jvm/java-1.6.0-openjdk-1.6.0.0/jre/lib/jsse.jar
8c00f000-8c01a000 r--s 00080000 08:01 9569147    /home/edward/workspace/final/MediaElection2/lib/gwtquery-1.1.1-20120218.170746-9.jar
8c01a000-8c02e000 r--s 000a5000 08:01 9569133    /home/edward/workspace/final/MediaElection2/lib/gwt-maps.jar
8c02e000-8c031000 ---p 00000000 00:00 0 
8c031000-8c07f000 rw-p 00000000 00:00 0 
8c07f000-8c080000 ---p 00000000 00:00 0 
8c080000-8c100000 rw-p 00000000 00:00 0 
8c100000-8c17e000 rw-p 00000000 00:00 0 
8c17e000-8c200000 ---p 00000000 00:00 0 
8c200000-8c201000 r--s 00000000 08:01 9701336    /var/cache/fontconfig/860639f272b8b4b3094f9e399e41bccd-le32d4.cache-3
8c201000-8c204000 ---p 00000000 00:00 0 
8c204000-8c252000 rw-p 00000000 00:00 0 
8c252000-8c253000 ---p 00000000 00:00 0 
8c253000-8c2d3000 rw-p 00000000 00:00 0 
8c2d3000-8c2d4000 ---p 00000000 00:00 0 
8c2d4000-8c377000 rw-p 00000000 00:00 0 
8c377000-8c3ff000 rw-p 00000000 00:00 0 
8c3ff000-8c40a000 rw-p 00000000 00:00 0 
8c40a000-8c43f000 rw-p 00000000 00:00 0 
8c43f000-8c462000 rw-p 00000000 00:00 0 
8c462000-8c4e9000 rw-p 00000000 00:00 0 
8c4e9000-8c53f000 rw-p 00000000 00:00 0 
8c53f000-8da00000 rw-p 00000000 00:00 0 
8da00000-94540000 rw-p 00000000 00:00 0 
94540000-98970000 rw-p 00000000 00:00 0 
98970000-a9aa0000 rw-p 00000000 00:00 0 
a9aa0000-b4540000 rw-p 00000000 00:00 0 
b4540000-b454a000 rw-p 00000000 00:00 0 
b454a000-b4600000 rw-p 00000000 00:00 0 
b4600000-b4878000 rwxp 00000000 00:00 0 
b4878000-b76fd000 rw-p 00000000 00:00 0 
b76fd000-b7700000 ---p 00000000 00:00 0 
b7700000-b7707000 r--s 000ba000 08:01 9569460    /home/edward/workspace/final/MediaElection2/war/WEB-INF/lib/mysql-connector-java-5.1.18-bin.jar
b7707000-b770d000 r--s 00033000 08:01 9569459    /home/edward/workspace/final/MediaElection2/war/WEB-INF/lib/commons-codec-1.6.jar
b770d000-b7746000 rw-p 00000000 00:00 0 
b7746000-b777b000 rw-p 00000000 00:00 0 
b777b000-b777e000 ---p 00000000 00:00 0 
b777e000-b77ce000 rw-p 00000000 00:00 0 
b77ce000-b77cf000 r--s 00000000 08:01 9701335    /var/cache/fontconfig/211368abcb0ff835c229ff05c9ec01dc-le32d4.cache-3
b77cf000-b77d2000 r--s 00009000 08:01 2492445    /opt/gwt-2.4.0/validation-api-1.0.0.GA.jar
b77d2000-b77d4000 r--s 0000e000 08:01 2492446    /opt/gwt-2.4.0/validation-api-1.0.0.GA-sources.jar
b77d4000-b77d7000 r--s 0000f000 08:01 919477     /usr/lib/jvm/java-1.6.0-openjdk-1.6.0.0/jre/lib/ext/pulse-java.jar
b77d7000-b77e0000 r--s 00065000 08:01 919474     /usr/lib/jvm/java-1.6.0-openjdk-1.6.0.0/jre/lib/ext/gnome-java-bridge.jar
b77e0000-b77e2000 r--s 0001d000 08:01 657486     /usr/lib/jvm/java-1.6.0-openjdk-1.6.0.0/jre/lib/plugin.jar
b77e2000-b77e7000 r--s 00044000 08:01 657485     /usr/lib/jvm/java-1.6.0-openjdk-1.6.0.0/jre/lib/netx.jar
b77e7000-b77ef000 rw-s 00000000 08:01 18245031   /tmp/hsperfdata_edward/19539
b77ef000-b77f0000 rw-p 00000000 00:00 0 
b77f0000-b77f1000 r--p 00000000 00:00 0 
b77f1000-b77f2000 rw-p 00000000 00:00 0 
bf7f3000-bf814000 rw-p 00000000 00:00 0          [stack]

VM Arguments:
jvm_args: -Xmx512m 
java_command: com.google.gwt.dev.Compiler -logLevel INFO -style OBFUSCATED -war /home/edward/workspace/final/MediaElection2/war com.beta.election.media.MediaElection2
Launcher Type: SUN_STANDARD

Environment Variables:
CLASSPATH=/home/edward/workspace/final/MediaElection2/src:/home/edward/workspace/final/MediaElection2/test-classes:/home/edward/workspace/final/MediaElection2/war/WEB-INF/classes:/opt/gwt-2.4.0/gwt-user.jar:/opt/gwt-2.4.0/gwt-dev.jar:/opt/gwt-2.4.0/validation-api-1.0.0.GA-sources.jar:/opt/gwt-2.4.0/validation-api-1.0.0.GA.jar:/home/edward/workspace/final/MediaElection2/war/WEB-INF/lib/commons-codec-1.6.jar:/home/edward/workspace/final/MediaElection2/war/WEB-INF/lib/mysql-connector-java-5.1.18-bin.jar:/home/edward/workspace/final/MediaElection2/lib/gwt-maps.jar:/home/edward/workspace/final/MediaElection2/lib/gwtquery-1.1.1-20120218.170746-9.jar:/opt/gwt-2.4.0/gwt-dev.jar
PATH=/usr/lib/qt-3.3/bin:/usr/lib/ccache:/usr/local/bin:/usr/bin:/bin:/usr/local/sbin:/usr/sbin:/sbin:/opt/gwt-2.4.0:/opt/jdk1.6.0_11/bin:/home/edward/bin:/opt/jdk1.6.0_11/bin
USERNAME=edward
LD_LIBRARY_PATH=/usr/lib/jvm/java-1.6.0-openjdk-1.6.0.0/jre/lib/i386/server:/usr/lib/jvm/java-1.6.0-openjdk-1.6.0.0/jre/lib/i386:/usr/lib/jvm/java-1.6.0-openjdk-1.6.0.0/jre/../lib/i386:/usr/lib/jvm/java-1.6.0-openjdk-1.6.0.0/jre/lib/i386/client:/usr/lib/jvm/java-1.6.0-openjdk-1.6.0.0/jre/lib/i386:
SHELL=/bin/bash
DISPLAY=:0.0

Signal Handlers:
SIGSEGV: [libjvm.so+0x64f880], sa_mask[0]=0x7ffbfeff, sa_flags=0x10000004
SIGBUS: [libjvm.so+0x64f880], sa_mask[0]=0x7ffbfeff, sa_flags=0x10000004
SIGFPE: [libjvm.so+0x517210], sa_mask[0]=0x7ffbfeff, sa_flags=0x10000004
SIGPIPE: [libjvm.so+0x517210], sa_mask[0]=0x7ffbfeff, sa_flags=0x10000004
SIGXFSZ: [libjvm.so+0x517210], sa_mask[0]=0x7ffbfeff, sa_flags=0x10000004
SIGILL: [libjvm.so+0x517210], sa_mask[0]=0x7ffbfeff, sa_flags=0x10000004
SIGUSR1: SIG_DFL, sa_mask[0]=0x00000000, sa_flags=0x00000000
SIGUSR2: [libjvm.so+0x517080], sa_mask[0]=0x00000004, sa_flags=0x10000004
SIGHUP: [libjvm.so+0x519c40], sa_mask[0]=0x7ffbfeff, sa_flags=0x10000004
SIGINT: [libjvm.so+0x519c40], sa_mask[0]=0x7ffbfeff, sa_flags=0x10000004
SIGTERM: [libjvm.so+0x519c40], sa_mask[0]=0x7ffbfeff, sa_flags=0x10000004
SIGQUIT: [libjvm.so+0x519c40], sa_mask[0]=0x7ffbfeff, sa_flags=0x10000004


---------------  S Y S T E M  ---------------

OS:Fedora release 14 (Laughlin)

uname:Linux 2.6.35.12-90.fc14.i686 #1 SMP Fri Apr 22 16:14:44 UTC 2011 i686
libc:glibc 2.13 NPTL 2.13 
rlimit: STACK 8192k, CORE 0k, NPROC 1024, NOFILE 1024, AS infinity
load average:0.19 0.30 0.31

/proc/meminfo:
MemTotal:        3540668 kB
MemFree:          331792 kB
Buffers:           81916 kB
Cached:           615732 kB
SwapCached:        10168 kB
Active:          2048560 kB
Inactive:        1021172 kB
Active(anon):    1843504 kB
Inactive(anon):   792704 kB
Active(file):     205056 kB
Inactive(file):   228468 kB
Unevictable:           0 kB
Mlocked:               0 kB
HighTotal:       2694840 kB
HighFree:          61852 kB
LowTotal:         845828 kB
LowFree:          269940 kB
SwapTotal:      10489852 kB
SwapFree:       10406792 kB
Dirty:             25948 kB
Writeback:             0 kB
AnonPages:       2363856 kB
Mapped:            98560 kB
Shmem:            264120 kB
Slab:              78792 kB
SReclaimable:      57636 kB
SUnreclaim:        21156 kB
KernelStack:        5424 kB
PageTables:        14268 kB
NFS_Unstable:          0 kB
Bounce:                0 kB
WritebackTmp:          0 kB
CommitLimit:    12260184 kB
Committed_AS:    5696304 kB
VmallocTotal:     122880 kB
VmallocUsed:       42236 kB
VmallocChunk:      25312 kB
HardwareCorrupted:     0 kB
HugePages_Total:       0
HugePages_Free:        0
HugePages_Rsvd:        0
HugePages_Surp:        0
Hugepagesize:       4096 kB
DirectMap4k:       20472 kB
DirectMap4M:      880640 kB


CPU:total 4 (2 cores per cpu, 2 threads per core) family 6 model 37 stepping 5, cmov, cx8, fxsr, mmx, sse, sse2, sse3, ssse3, sse4.1, sse4.2, popcnt, ht

Memory: 4k page, physical 3540668k(331792k free), swap 10489852k(10406792k free)

vm_info: OpenJDK Server VM (19.0-b09) for linux-x86 JRE (1.6.0_20-b20), built on Feb 15 2011 23:54:33 by "mockbuild" with gcc 4.5.1 20100924 (Red Hat 4.5.1-4)

time: Thu Oct 25 14:39:58 2012
elapsed time: 5 seconds

